#
# There is insufficient memory for the Java Runtime Environment to continue.
# Native memory allocation (malloc) failed to allocate 657616 bytes for Chunk::new
# Possible reasons:
#   The system is out of physical RAM or swap space
#   The process is running with CompressedOops enabled, and the Java Heap may be blocking the growth of the native heap
# Possible solutions:
#   Reduce memory load on the system
#   Increase physical memory or swap space
#   Check if swap backing store is full
#   Decrease Java heap size (-Xmx/-Xms)
#   Decrease number of Java threads
#   Decrease Java thread stack sizes (-Xss)
#   Set larger code cache with -XX:ReservedCodeCacheSize=
#   JVM is running with Unscaled Compressed Oops mode in which the Java heap is
#     placed in the first 4GB address space. The Java Heap base address is the
#     maximum limit for the native heap growth. Please use -XX:HeapBaseMinAddress
#     to set the Java Heap base and to place the Java Heap above 4GB virtual address.
# This output file may be truncated or incomplete.
#
#  Out of Memory Error (src/hotspot/share/memory/arena.cpp:197), pid=10936, tid=1512
#
# JRE version: OpenJDK Runtime Environment (11.0.15) (build 11.0.15+0-b2043.56-8887301)
# Java VM: OpenJDK 64-Bit Server VM (11.0.15+0-b2043.56-8887301, mixed mode, tiered, compressed oops, g1 gc, windows-amd64)
# No core dump will be written. Minidumps are not enabled by default on client versions of Windows
#

---------------  S U M M A R Y ------------

Command Line: -Dclassworlds.conf=C:\Program Files\apache-maven\apache-maven-3.9.5\bin\m2.conf -Dmaven.home=C:\Program Files\apache-maven\apache-maven-3.9.5 -Dlibrary.jansi.path=C:\Program Files\apache-maven\apache-maven-3.9.5\lib\jansi-native -Dmaven.multiModuleProjectDirectory=C:\Users\User\Documents\Vonoy\pdf-pipeline org.codehaus.plexus.classworlds.launcher.Launcher clean spring-boot:run

Host: 11th Gen Intel(R) Core(TM) i5-11400H @ 2.70GHz, 12 cores, 7G,  Windows 10 , 64 bit Build 19041 (10.0.19041.5915)
Time: Wed Oct 29 12:42:47 2025 GMT elapsed time: 2.354033 seconds (0d 0h 0m 2s)

---------------  T H R E A D  ---------------

Current thread (0x000001a40f0c8800):  JavaThread "C2 CompilerThread1" daemon [_thread_in_native, id=1512, stack(0x00000064cd000000,0x00000064cd100000)]


Current CompileTask:
C2:   2354 2392   !   4       java.net.URL::<init> (543 bytes)

Stack: [0x00000064cd000000,0x00000064cd100000]
Native frames: (J=compiled Java code, j=interpreted, Vv=VM code, C=native code)
V  [jvm.dll+0x64135a]
V  [jvm.dll+0x7d39f9]
V  [jvm.dll+0x7d51b9]
V  [jvm.dll+0x7d58a3]
V  [jvm.dll+0x2691c5]
V  [jvm.dll+0xc1a5c]
V  [jvm.dll+0xc200c]
V  [jvm.dll+0x3774a7]
V  [jvm.dll+0x1b3914]
V  [jvm.dll+0x22163e]
V  [jvm.dll+0x220498]
V  [jvm.dll+0x19e851]
V  [jvm.dll+0x230479]
V  [jvm.dll+0x22e5ef]
V  [jvm.dll+0x794de1]
V  [jvm.dll+0x78dc24]
V  [jvm.dll+0x6400f6]
C  [ucrtbase.dll+0x21bb2]
C  [KERNEL32.DLL+0x17374]
C  [ntdll.dll+0x4cc91]


---------------  P R O C E S S  ---------------

Threads class SMR info:
_java_thread_list=0x000001a40f036f60, length=12, elements={
0x000001a47267d000, 0x000001a47e503800, 0x000001a47e504000, 0x000001a47dcef800,
0x000001a47dcf6800, 0x000001a47dcf9000, 0x000001a47dcfa000, 0x000001a47dcfb000,
0x000001a47dcfc800, 0x000001a47e6c8000, 0x000001a40f0c8800, 0x000001a47f1f2000
}

Java Threads: ( => current thread )
  0x000001a47267d000 JavaThread "main" [_thread_in_Java, id=13124, stack(0x00000064cbf00000,0x00000064cc000000)]
  0x000001a47e503800 JavaThread "Reference Handler" daemon [_thread_blocked, id=3480, stack(0x00000064cc600000,0x00000064cc700000)]
  0x000001a47e504000 JavaThread "Finalizer" daemon [_thread_blocked, id=1156, stack(0x00000064cc700000,0x00000064cc800000)]
  0x000001a47dcef800 JavaThread "Signal Dispatcher" daemon [_thread_blocked, id=17492, stack(0x00000064cc800000,0x00000064cc900000)]
  0x000001a47dcf6800 JavaThread "Attach Listener" daemon [_thread_blocked, id=15820, stack(0x00000064cc900000,0x00000064cca00000)]
  0x000001a47dcf9000 JavaThread "Service Thread" daemon [_thread_blocked, id=7244, stack(0x00000064cca00000,0x00000064ccb00000)]
  0x000001a47dcfa000 JavaThread "C2 CompilerThread0" daemon [_thread_in_native, id=14012, stack(0x00000064ccb00000,0x00000064ccc00000)]
  0x000001a47dcfb000 JavaThread "C1 CompilerThread0" daemon [_thread_in_vm, id=14256, stack(0x00000064ccc00000,0x00000064ccd00000)]
  0x000001a47dcfc800 JavaThread "Sweeper thread" daemon [_thread_blocked, id=10344, stack(0x00000064ccd00000,0x00000064cce00000)]
  0x000001a47e6c8000 JavaThread "Common-Cleaner" daemon [_thread_blocked, id=10020, stack(0x00000064ccf00000,0x00000064cd000000)]
=>0x000001a40f0c8800 JavaThread "C2 CompilerThread1" daemon [_thread_in_native, id=1512, stack(0x00000064cd000000,0x00000064cd100000)]
  0x000001a47f1f2000 JavaThread "C2 CompilerThread2" daemon [_thread_in_native, id=5452, stack(0x00000064cd100000,0x00000064cd200000)]

Other Threads:
  0x000001a47dcbf800 VMThread "VM Thread" [stack: 0x00000064cc500000,0x00000064cc600000] [id=10780]
  0x000001a47e6c3000 WatcherThread [stack: 0x00000064cce00000,0x00000064ccf00000] [id=11112]
  0x000001a472695800 GCTaskThread "GC Thread#0" [stack: 0x00000064cc000000,0x00000064cc100000] [id=6024]
  0x000001a40f5ef000 GCTaskThread "GC Thread#1" [stack: 0x00000064cd200000,0x00000064cd300000] [id=17780]
  0x000001a4726ca800 ConcurrentGCThread "G1 Main Marker" [stack: 0x00000064cc100000,0x00000064cc200000] [id=7148]
  0x000001a4726cb800 ConcurrentGCThread "G1 Conc#0" [stack: 0x00000064cc200000,0x00000064cc300000] [id=16108]
  0x000001a40ff2f800 ConcurrentGCThread "G1 Conc#1" [stack: 0x00000064cd300000,0x00000064cd400000] [id=18064]
  0x000001a40fae3800 ConcurrentGCThread "G1 Conc#2" [stack: 0x00000064cd400000,0x00000064cd500000] [id=10560]
  0x000001a47274e800 ConcurrentGCThread "G1 Refine#0" [stack: 0x00000064cc300000,0x00000064cc400000] [id=16448]
  0x000001a47db19800 ConcurrentGCThread "G1 Young RemSet Sampling" [stack: 0x00000064cc400000,0x00000064cc500000] [id=16436]

Threads with active compile tasks:
C2 CompilerThread0     2374 2442       4       org.codehaus.plexus.util.xml.pull.MXParser::parseStartTag (1190 bytes)
C1 CompilerThread0     2374 2460       3       org.apache.maven.model.Dependency::setLocation (390 bytes)
C2 CompilerThread1     2374 2392   !   4       java.net.URL::<init> (543 bytes)
C2 CompilerThread2     2374 2443       4       org.codehaus.plexus.util.xml.pull.MXParser::parseEndTag (429 bytes)

VM state:not at safepoint (normal execution)

VM Mutex/Monitor currently owned by a thread: None

Heap address: 0x0000000084a00000, size: 1974 MB, Compressed Oops mode: 32-bit
Narrow klass base: 0x0000000000000000, Narrow klass shift: 3
Compressed class space size: 1073741824 Address: 0x0000000100000000

Heap:
 garbage-first heap   total 126976K, used 13074K [0x0000000084a00000, 0x0000000100000000)
  region size 1024K, 14 young (14336K), 7 survivors (7168K)
 Metaspace       used 22250K, capacity 22669K, committed 22832K, reserved 1069056K
  class space    used 2454K, capacity 2613K, committed 2688K, reserved 1048576K
Heap Regions: E=young(eden), S=young(survivor), O=old, HS=humongous(starts), HC=humongous(continues), CS=collection set, F=free, A=archive, TAMS=top-at-mark-start (previous, next)
|   0|0x0000000084a00000, 0x0000000084a8fa00, 0x0000000084b00000| 56%| O|  |TAMS 0x0000000084a8fa00, 0x0000000084a00000| Untracked 
|   1|0x0000000084b00000, 0x0000000084b00000, 0x0000000084c00000|  0%| F|  |TAMS 0x0000000084b00000, 0x0000000084b00000| Untracked 
|   2|0x0000000084c00000, 0x0000000084c00000, 0x0000000084d00000|  0%| F|  |TAMS 0x0000000084c00000, 0x0000000084c00000| Untracked 
|   3|0x0000000084d00000, 0x0000000084d00000, 0x0000000084e00000|  0%| F|  |TAMS 0x0000000084d00000, 0x0000000084d00000| Untracked 
|   4|0x0000000084e00000, 0x0000000084e00000, 0x0000000084f00000|  0%| F|  |TAMS 0x0000000084e00000, 0x0000000084e00000| Untracked 
|   5|0x0000000084f00000, 0x0000000084f00000, 0x0000000085000000|  0%| F|  |TAMS 0x0000000084f00000, 0x0000000084f00000| Untracked 
|   6|0x0000000085000000, 0x0000000085000000, 0x0000000085100000|  0%| F|  |TAMS 0x0000000085000000, 0x0000000085000000| Untracked 
|   7|0x0000000085100000, 0x0000000085100000, 0x0000000085200000|  0%| F|  |TAMS 0x0000000085100000, 0x0000000085100000| Untracked 
|   8|0x0000000085200000, 0x0000000085200000, 0x0000000085300000|  0%| F|  |TAMS 0x0000000085200000, 0x0000000085200000| Untracked 
|   9|0x0000000085300000, 0x0000000085300000, 0x0000000085400000|  0%| F|  |TAMS 0x0000000085300000, 0x0000000085300000| Untracked 
|  10|0x0000000085400000, 0x0000000085400000, 0x0000000085500000|  0%| F|  |TAMS 0x0000000085400000, 0x0000000085400000| Untracked 
|  11|0x0000000085500000, 0x0000000085500000, 0x0000000085600000|  0%| F|  |TAMS 0x0000000085500000, 0x0000000085500000| Untracked 
|  12|0x0000000085600000, 0x0000000085600000, 0x0000000085700000|  0%| F|  |TAMS 0x0000000085600000, 0x0000000085600000| Untracked 
|  13|0x0000000085700000, 0x0000000085700000, 0x0000000085800000|  0%| F|  |TAMS 0x0000000085700000, 0x0000000085700000| Untracked 
|  14|0x0000000085800000, 0x0000000085800000, 0x0000000085900000|  0%| F|  |TAMS 0x0000000085800000, 0x0000000085800000| Untracked 
|  15|0x0000000085900000, 0x0000000085900000, 0x0000000085a00000|  0%| F|  |TAMS 0x0000000085900000, 0x0000000085900000| Untracked 
|  16|0x0000000085a00000, 0x0000000085a00000, 0x0000000085b00000|  0%| F|  |TAMS 0x0000000085a00000, 0x0000000085a00000| Untracked 
|  17|0x0000000085b00000, 0x0000000085b00000, 0x0000000085c00000|  0%| F|  |TAMS 0x0000000085b00000, 0x0000000085b00000| Untracked 
|  18|0x0000000085c00000, 0x0000000085c00000, 0x0000000085d00000|  0%| F|  |TAMS 0x0000000085c00000, 0x0000000085c00000| Untracked 
|  19|0x0000000085d00000, 0x0000000085d00000, 0x0000000085e00000|  0%| F|  |TAMS 0x0000000085d00000, 0x0000000085d00000| Untracked 
|  20|0x0000000085e00000, 0x0000000085e00000, 0x0000000085f00000|  0%| F|  |TAMS 0x0000000085e00000, 0x0000000085e00000| Untracked 
|  21|0x0000000085f00000, 0x0000000085f00000, 0x0000000086000000|  0%| F|  |TAMS 0x0000000085f00000, 0x0000000085f00000| Untracked 
|  22|0x0000000086000000, 0x0000000086000000, 0x0000000086100000|  0%| F|  |TAMS 0x0000000086000000, 0x0000000086000000| Untracked 
|  23|0x0000000086100000, 0x0000000086100000, 0x0000000086200000|  0%| F|  |TAMS 0x0000000086100000, 0x0000000086100000| Untracked 
|  24|0x0000000086200000, 0x0000000086200000, 0x0000000086300000|  0%| F|  |TAMS 0x0000000086200000, 0x0000000086200000| Untracked 
|  25|0x0000000086300000, 0x0000000086300000, 0x0000000086400000|  0%| F|  |TAMS 0x0000000086300000, 0x0000000086300000| Untracked 
|  26|0x0000000086400000, 0x0000000086400000, 0x0000000086500000|  0%| F|  |TAMS 0x0000000086400000, 0x0000000086400000| Untracked 
|  27|0x0000000086500000, 0x0000000086500000, 0x0000000086600000|  0%| F|  |TAMS 0x0000000086500000, 0x0000000086500000| Untracked 
|  28|0x0000000086600000, 0x0000000086600000, 0x0000000086700000|  0%| F|  |TAMS 0x0000000086600000, 0x0000000086600000| Untracked 
|  29|0x0000000086700000, 0x0000000086700000, 0x0000000086800000|  0%| F|  |TAMS 0x0000000086700000, 0x0000000086700000| Untracked 
|  30|0x0000000086800000, 0x0000000086800000, 0x0000000086900000|  0%| F|  |TAMS 0x0000000086800000, 0x0000000086800000| Untracked 
|  31|0x0000000086900000, 0x0000000086900000, 0x0000000086a00000|  0%| F|  |TAMS 0x0000000086900000, 0x0000000086900000| Untracked 
|  32|0x0000000086a00000, 0x0000000086a00000, 0x0000000086b00000|  0%| F|  |TAMS 0x0000000086a00000, 0x0000000086a00000| Untracked 
|  33|0x0000000086b00000, 0x0000000086b00000, 0x0000000086c00000|  0%| F|  |TAMS 0x0000000086b00000, 0x0000000086b00000| Untracked 
|  34|0x0000000086c00000, 0x0000000086c00000, 0x0000000086d00000|  0%| F|  |TAMS 0x0000000086c00000, 0x0000000086c00000| Untracked 
|  35|0x0000000086d00000, 0x0000000086d00000, 0x0000000086e00000|  0%| F|  |TAMS 0x0000000086d00000, 0x0000000086d00000| Untracked 
|  36|0x0000000086e00000, 0x0000000086e00000, 0x0000000086f00000|  0%| F|  |TAMS 0x0000000086e00000, 0x0000000086e00000| Untracked 
|  37|0x0000000086f00000, 0x0000000086f00000, 0x0000000087000000|  0%| F|  |TAMS 0x0000000086f00000, 0x0000000086f00000| Untracked 
|  38|0x0000000087000000, 0x0000000087000000, 0x0000000087100000|  0%| F|  |TAMS 0x0000000087000000, 0x0000000087000000| Untracked 
|  39|0x0000000087100000, 0x0000000087100000, 0x0000000087200000|  0%| F|  |TAMS 0x0000000087100000, 0x0000000087100000| Untracked 
|  40|0x0000000087200000, 0x0000000087200000, 0x0000000087300000|  0%| F|  |TAMS 0x0000000087200000, 0x0000000087200000| Untracked 
|  41|0x0000000087300000, 0x0000000087300000, 0x0000000087400000|  0%| F|  |TAMS 0x0000000087300000, 0x0000000087300000| Untracked 
|  42|0x0000000087400000, 0x0000000087400000, 0x0000000087500000|  0%| F|  |TAMS 0x0000000087400000, 0x0000000087400000| Untracked 
|  43|0x0000000087500000, 0x0000000087500000, 0x0000000087600000|  0%| F|  |TAMS 0x0000000087500000, 0x0000000087500000| Untracked 
|  44|0x0000000087600000, 0x0000000087600000, 0x0000000087700000|  0%| F|  |TAMS 0x0000000087600000, 0x0000000087600000| Untracked 
|  45|0x0000000087700000, 0x0000000087700000, 0x0000000087800000|  0%| F|  |TAMS 0x0000000087700000, 0x0000000087700000| Untracked 
|  46|0x0000000087800000, 0x0000000087800000, 0x0000000087900000|  0%| F|  |TAMS 0x0000000087800000, 0x0000000087800000| Untracked 
|  47|0x0000000087900000, 0x0000000087900000, 0x0000000087a00000|  0%| F|  |TAMS 0x0000000087900000, 0x0000000087900000| Untracked 
|  48|0x0000000087a00000, 0x0000000087a00000, 0x0000000087b00000|  0%| F|  |TAMS 0x0000000087a00000, 0x0000000087a00000| Untracked 
|  49|0x0000000087b00000, 0x0000000087b00000, 0x0000000087c00000|  0%| F|  |TAMS 0x0000000087b00000, 0x0000000087b00000| Untracked 
|  50|0x0000000087c00000, 0x0000000087c00000, 0x0000000087d00000|  0%| F|  |TAMS 0x0000000087c00000, 0x0000000087c00000| Untracked 
|  51|0x0000000087d00000, 0x0000000087d00000, 0x0000000087e00000|  0%| F|  |TAMS 0x0000000087d00000, 0x0000000087d00000| Untracked 
|  52|0x0000000087e00000, 0x0000000087e00000, 0x0000000087f00000|  0%| F|  |TAMS 0x0000000087e00000, 0x0000000087e00000| Untracked 
|  53|0x0000000087f00000, 0x0000000087f00000, 0x0000000088000000|  0%| F|  |TAMS 0x0000000087f00000, 0x0000000087f00000| Untracked 
|  54|0x0000000088000000, 0x0000000088000000, 0x0000000088100000|  0%| F|  |TAMS 0x0000000088000000, 0x0000000088000000| Untracked 
|  55|0x0000000088100000, 0x0000000088100000, 0x0000000088200000|  0%| F|  |TAMS 0x0000000088100000, 0x0000000088100000| Untracked 
|  56|0x0000000088200000, 0x0000000088200000, 0x0000000088300000|  0%| F|  |TAMS 0x0000000088200000, 0x0000000088200000| Untracked 
|  57|0x0000000088300000, 0x0000000088300000, 0x0000000088400000|  0%| F|  |TAMS 0x0000000088300000, 0x0000000088300000| Untracked 
|  58|0x0000000088400000, 0x0000000088400000, 0x0000000088500000|  0%| F|  |TAMS 0x0000000088400000, 0x0000000088400000| Untracked 
|  59|0x0000000088500000, 0x0000000088500000, 0x0000000088600000|  0%| F|  |TAMS 0x0000000088500000, 0x0000000088500000| Untracked 
|  60|0x0000000088600000, 0x0000000088600000, 0x0000000088700000|  0%| F|  |TAMS 0x0000000088600000, 0x0000000088600000| Untracked 
|  61|0x0000000088700000, 0x0000000088700000, 0x0000000088800000|  0%| F|  |TAMS 0x0000000088700000, 0x0000000088700000| Untracked 
|  62|0x0000000088800000, 0x00000000888350e8, 0x0000000088900000| 20%| S|CS|TAMS 0x0000000088800000, 0x0000000088800000| Complete 
|  63|0x0000000088900000, 0x0000000088a00000, 0x0000000088a00000|100%| S|CS|TAMS 0x0000000088900000, 0x0000000088900000| Complete 
|  64|0x0000000088a00000, 0x0000000088b00000, 0x0000000088b00000|100%| S|CS|TAMS 0x0000000088a00000, 0x0000000088a00000| Complete 
|  65|0x0000000088b00000, 0x0000000088c00000, 0x0000000088c00000|100%| S|CS|TAMS 0x0000000088b00000, 0x0000000088b00000| Complete 
|  66|0x0000000088c00000, 0x0000000088d00000, 0x0000000088d00000|100%| S|CS|TAMS 0x0000000088c00000, 0x0000000088c00000| Complete 
|  67|0x0000000088d00000, 0x0000000088e00000, 0x0000000088e00000|100%| S|CS|TAMS 0x0000000088d00000, 0x0000000088d00000| Complete 
|  68|0x0000000088e00000, 0x0000000088f00000, 0x0000000088f00000|100%| S|CS|TAMS 0x0000000088e00000, 0x0000000088e00000| Complete 
|  69|0x0000000088f00000, 0x0000000088f00000, 0x0000000089000000|  0%| F|  |TAMS 0x0000000088f00000, 0x0000000088f00000| Untracked 
|  70|0x0000000089000000, 0x0000000089000000, 0x0000000089100000|  0%| F|  |TAMS 0x0000000089000000, 0x0000000089000000| Untracked 
|  71|0x0000000089100000, 0x0000000089100000, 0x0000000089200000|  0%| F|  |TAMS 0x0000000089100000, 0x0000000089100000| Untracked 
|  72|0x0000000089200000, 0x0000000089200000, 0x0000000089300000|  0%| F|  |TAMS 0x0000000089200000, 0x0000000089200000| Untracked 
|  73|0x0000000089300000, 0x0000000089300000, 0x0000000089400000|  0%| F|  |TAMS 0x0000000089300000, 0x0000000089300000| Untracked 
|  74|0x0000000089400000, 0x0000000089400000, 0x0000000089500000|  0%| F|  |TAMS 0x0000000089400000, 0x0000000089400000| Untracked 
|  75|0x0000000089500000, 0x0000000089500000, 0x0000000089600000|  0%| F|  |TAMS 0x0000000089500000, 0x0000000089500000| Untracked 
|  76|0x0000000089600000, 0x0000000089600000, 0x0000000089700000|  0%| F|  |TAMS 0x0000000089600000, 0x0000000089600000| Untracked 
|  77|0x0000000089700000, 0x0000000089700000, 0x0000000089800000|  0%| F|  |TAMS 0x0000000089700000, 0x0000000089700000| Untracked 
|  78|0x0000000089800000, 0x0000000089800000, 0x0000000089900000|  0%| F|  |TAMS 0x0000000089800000, 0x0000000089800000| Untracked 
|  79|0x0000000089900000, 0x0000000089900000, 0x0000000089a00000|  0%| F|  |TAMS 0x0000000089900000, 0x0000000089900000| Untracked 
|  80|0x0000000089a00000, 0x0000000089a00000, 0x0000000089b00000|  0%| F|  |TAMS 0x0000000089a00000, 0x0000000089a00000| Untracked 
|  81|0x0000000089b00000, 0x0000000089b00000, 0x0000000089c00000|  0%| F|  |TAMS 0x0000000089b00000, 0x0000000089b00000| Untracked 
|  82|0x0000000089c00000, 0x0000000089c00000, 0x0000000089d00000|  0%| F|  |TAMS 0x0000000089c00000, 0x0000000089c00000| Untracked 
|  83|0x0000000089d00000, 0x0000000089d00000, 0x0000000089e00000|  0%| F|  |TAMS 0x0000000089d00000, 0x0000000089d00000| Untracked 
|  84|0x0000000089e00000, 0x0000000089e00000, 0x0000000089f00000|  0%| F|  |TAMS 0x0000000089e00000, 0x0000000089e00000| Untracked 
|  85|0x0000000089f00000, 0x0000000089f00000, 0x000000008a000000|  0%| F|  |TAMS 0x0000000089f00000, 0x0000000089f00000| Untracked 
|  86|0x000000008a000000, 0x000000008a000000, 0x000000008a100000|  0%| F|  |TAMS 0x000000008a000000, 0x000000008a000000| Untracked 
|  87|0x000000008a100000, 0x000000008a100000, 0x000000008a200000|  0%| F|  |TAMS 0x000000008a100000, 0x000000008a100000| Untracked 
|  88|0x000000008a200000, 0x000000008a200000, 0x000000008a300000|  0%| F|  |TAMS 0x000000008a200000, 0x000000008a200000| Untracked 
|  89|0x000000008a300000, 0x000000008a300000, 0x000000008a400000|  0%| F|  |TAMS 0x000000008a300000, 0x000000008a300000| Untracked 
|  90|0x000000008a400000, 0x000000008a400000, 0x000000008a500000|  0%| F|  |TAMS 0x000000008a400000, 0x000000008a400000| Untracked 
|  91|0x000000008a500000, 0x000000008a500000, 0x000000008a600000|  0%| F|  |TAMS 0x000000008a500000, 0x000000008a500000| Untracked 
|  92|0x000000008a600000, 0x000000008a600000, 0x000000008a700000|  0%| F|  |TAMS 0x000000008a600000, 0x000000008a600000| Untracked 
|  93|0x000000008a700000, 0x000000008a700000, 0x000000008a800000|  0%| F|  |TAMS 0x000000008a700000, 0x000000008a700000| Untracked 
|  94|0x000000008a800000, 0x000000008a800000, 0x000000008a900000|  0%| F|  |TAMS 0x000000008a800000, 0x000000008a800000| Untracked 
|  95|0x000000008a900000, 0x000000008a900000, 0x000000008aa00000|  0%| F|  |TAMS 0x000000008a900000, 0x000000008a900000| Untracked 
|  96|0x000000008aa00000, 0x000000008aa00000, 0x000000008ab00000|  0%| F|  |TAMS 0x000000008aa00000, 0x000000008aa00000| Untracked 
|  97|0x000000008ab00000, 0x000000008ab00000, 0x000000008ac00000|  0%| F|  |TAMS 0x000000008ab00000, 0x000000008ab00000| Untracked 
|  98|0x000000008ac00000, 0x000000008ac00000, 0x000000008ad00000|  0%| F|  |TAMS 0x000000008ac00000, 0x000000008ac00000| Untracked 
|  99|0x000000008ad00000, 0x000000008ad00000, 0x000000008ae00000|  0%| F|  |TAMS 0x000000008ad00000, 0x000000008ad00000| Untracked 
| 100|0x000000008ae00000, 0x000000008ae00000, 0x000000008af00000|  0%| F|  |TAMS 0x000000008ae00000, 0x000000008ae00000| Untracked 
| 101|0x000000008af00000, 0x000000008af00000, 0x000000008b000000|  0%| F|  |TAMS 0x000000008af00000, 0x000000008af00000| Untracked 
| 102|0x000000008b000000, 0x000000008b000000, 0x000000008b100000|  0%| F|  |TAMS 0x000000008b000000, 0x000000008b000000| Untracked 
| 103|0x000000008b100000, 0x000000008b100000, 0x000000008b200000|  0%| F|  |TAMS 0x000000008b100000, 0x000000008b100000| Untracked 
| 104|0x000000008b200000, 0x000000008b200000, 0x000000008b300000|  0%| F|  |TAMS 0x000000008b200000, 0x000000008b200000| Untracked 
| 105|0x000000008b300000, 0x000000008b300000, 0x000000008b400000|  0%| F|  |TAMS 0x000000008b300000, 0x000000008b300000| Untracked 
| 106|0x000000008b400000, 0x000000008b400000, 0x000000008b500000|  0%| F|  |TAMS 0x000000008b400000, 0x000000008b400000| Untracked 
| 107|0x000000008b500000, 0x000000008b500000, 0x000000008b600000|  0%| F|  |TAMS 0x000000008b500000, 0x000000008b500000| Untracked 
| 108|0x000000008b600000, 0x000000008b600000, 0x000000008b700000|  0%| F|  |TAMS 0x000000008b600000, 0x000000008b600000| Untracked 
| 109|0x000000008b700000, 0x000000008b700000, 0x000000008b800000|  0%| F|  |TAMS 0x000000008b700000, 0x000000008b700000| Untracked 
| 110|0x000000008b800000, 0x000000008b800000, 0x000000008b900000|  0%| F|  |TAMS 0x000000008b800000, 0x000000008b800000| Untracked 
| 111|0x000000008b900000, 0x000000008b900000, 0x000000008ba00000|  0%| F|  |TAMS 0x000000008b900000, 0x000000008b900000| Untracked 
| 112|0x000000008ba00000, 0x000000008ba00000, 0x000000008bb00000|  0%| F|  |TAMS 0x000000008ba00000, 0x000000008ba00000| Untracked 
| 113|0x000000008bb00000, 0x000000008bb00000, 0x000000008bc00000|  0%| F|  |TAMS 0x000000008bb00000, 0x000000008bb00000| Untracked 
| 114|0x000000008bc00000, 0x000000008bc00000, 0x000000008bd00000|  0%| F|  |TAMS 0x000000008bc00000, 0x000000008bc00000| Untracked 
| 115|0x000000008bd00000, 0x000000008bd00000, 0x000000008be00000|  0%| F|  |TAMS 0x000000008bd00000, 0x000000008bd00000| Untracked 
| 116|0x000000008be00000, 0x000000008be00000, 0x000000008bf00000|  0%| F|  |TAMS 0x000000008be00000, 0x000000008be00000| Untracked 
| 117|0x000000008bf00000, 0x000000008c000000, 0x000000008c000000|100%| E|  |TAMS 0x000000008bf00000, 0x000000008bf00000| Complete 
| 118|0x000000008c000000, 0x000000008c100000, 0x000000008c100000|100%| E|CS|TAMS 0x000000008c000000, 0x000000008c000000| Complete 
| 119|0x000000008c100000, 0x000000008c200000, 0x000000008c200000|100%| E|CS|TAMS 0x000000008c100000, 0x000000008c100000| Complete 
| 120|0x000000008c200000, 0x000000008c300000, 0x000000008c300000|100%| E|CS|TAMS 0x000000008c200000, 0x000000008c200000| Complete 
| 121|0x000000008c300000, 0x000000008c400000, 0x000000008c400000|100%| E|CS|TAMS 0x000000008c300000, 0x000000008c300000| Complete 
| 122|0x000000008c400000, 0x000000008c500000, 0x000000008c500000|100%| E|CS|TAMS 0x000000008c400000, 0x000000008c400000| Complete 
| 123|0x000000008c500000, 0x000000008c600000, 0x000000008c600000|100%| E|CS|TAMS 0x000000008c500000, 0x000000008c500000| Complete 

Card table byte_map: [0x000001a476ad0000,0x000001a476eb0000] _byte_map_base: 0x000001a4766ab000

Marking Bits (Prev, Next): (CMBitMap*) 0x000001a4726c0c90, (CMBitMap*) 0x000001a4726c0c58
 Prev Bits: [0x000001a479170000, 0x000001a47b048000)
 Next Bits: [0x000001a477290000, 0x000001a479168000)

Polling page: 0x000001a470680000

Metaspace:

Usage:
  Non-class:     19.59 MB capacity,    19.34 MB ( 99%) used,   223.68 KB (  1%) free+waste,    32.88 KB ( <1%) overhead. 
      Class:      2.55 MB capacity,     2.40 MB ( 94%) used,   144.02 KB (  6%) free+waste,    14.31 KB ( <1%) overhead. 
       Both:     22.14 MB capacity,    21.73 MB ( 98%) used,   367.70 KB (  2%) free+waste,    47.19 KB ( <1%) overhead. 

Virtual space:
  Non-class space:       20.00 MB reserved,      19.67 MB ( 98%) committed 
      Class space:        1.00 GB reserved,       2.62 MB ( <1%) committed 
             Both:        1.02 GB reserved,      22.30 MB (  2%) committed 

Chunk freelists:
   Non-Class:  40.00 KB
       Class:  11.00 KB
        Both:  51.00 KB

MaxMetaspaceSize: 17179869184.00 GB
CompressedClassSpaceSize: 1.00 GB
Initial GC threshold: 20.80 MB
Current GC threshold: 34.87 MB
CDS: off

CodeHeap 'non-profiled nmethods': size=120000Kb used=1062Kb max_used=1062Kb free=118937Kb
 bounds [0x000001a407ad0000, 0x000001a407d40000, 0x000001a40f000000]
CodeHeap 'profiled nmethods': size=120000Kb used=4951Kb max_used=4951Kb free=115048Kb
 bounds [0x000001a4005a0000, 0x000001a400a80000, 0x000001a407ad0000]
CodeHeap 'non-nmethods': size=5760Kb used=1185Kb max_used=1221Kb free=4574Kb
 bounds [0x000001a400000000, 0x000001a400270000, 0x000001a4005a0000]
 total_blobs=2901 nmethods=2465 adapters=348
 compilation: enabled
              stopped_count=0, restarted_count=0
 full_count=0

Compilation events (20 events):
Event: 2.335 Thread 0x000001a47dcfb000 nmethod 2423 0x000001a400a5d590 code [0x000001a400a5d780, 0x000001a400a5dba8]
Event: 2.337 Thread 0x000001a47dcfb000 2424       3       org.slf4j.impl.SimpleLoggerConfiguration::getStringProperty (16 bytes)
Event: 2.337 Thread 0x000001a47f1f2000 2426       4       java.lang.String::isEmpty (14 bytes)
Event: 2.337 Thread 0x000001a47dcfb000 nmethod 2424 0x000001a400a5dd90 code [0x000001a400a5dfa0, 0x000001a400a5e598]
Event: 2.337 Thread 0x000001a47dcfb000 2425       3       java.lang.invoke.MethodHandles$Lookup::checkSecurityManager (104 bytes)
Event: 2.337 Thread 0x000001a47f1f2000 nmethod 2426 0x000001a407bd6010 code [0x000001a407bd61a0, 0x000001a407bd6218]
Event: 2.338 Thread 0x000001a47dcfb000 nmethod 2425 0x000001a400a5e810 code [0x000001a400a5eb00, 0x000001a400a5f9c8]
Event: 2.338 Thread 0x000001a47dcfb000 2427       3       jdk.internal.misc.Unsafe::ensureClassInitialized (18 bytes)
Event: 2.339 Thread 0x000001a47dcfb000 nmethod 2427 0x000001a400a5fe90 code [0x000001a400a60060, 0x000001a400a60278]
Event: 2.339 Thread 0x000001a47dcfb000 2428       3       org.eclipse.sisu.inject.InjectorBindings::publishWildcardMatches (81 bytes)
Event: 2.339 Thread 0x000001a47dcfb000 nmethod 2428 0x000001a400a60390 code [0x000001a400a60600, 0x000001a400a60f18]
Event: 2.339 Thread 0x000001a47dcfb000 2429   !   3       com.google.inject.internal.FactoryProxy::get (29 bytes)
Event: 2.340 Thread 0x000001a47dcfb000 nmethod 2429 0x000001a400a61310 code [0x000001a400a614e0, 0x000001a400a61798]
Event: 2.340 Thread 0x000001a47dcfb000 2430       3       java.util.Collections$UnmodifiableList::get (11 bytes)
Event: 2.340 Thread 0x000001a47dcfb000 nmethod 2430 0x000001a400a61910 code [0x000001a400a61ac0, 0x000001a400a61c88]
Event: 2.340 Thread 0x000001a47dcfb000 2431       3       com.google.common.collect.MapMakerInternalMap::hash (14 bytes)
Event: 2.340 Thread 0x000001a47dcfb000 nmethod 2431 0x000001a400a61d90 code [0x000001a400a61f60, 0x000001a400a621f8]
Event: 2.340 Thread 0x000001a47dcfb000 2432       3       com.google.inject.Scopes::isCircularProxy (5 bytes)
Event: 2.340 Thread 0x000001a47dcfb000 nmethod 2432 0x000001a400a62310 code [0x000001a400a62540, 0x000001a400a62ba8]
Event: 2.345 Thread 0x000001a47dcfa000 nmethod 2415 0x000001a407bd6310 code [0x000001a407bd64e0, 0x000001a407bd73b8]

GC Heap History (4 events):
Event: 1.002 GC heap before
{Heap before GC invocations=0 (full 0):
 garbage-first heap   total 126976K, used 23552K [0x0000000084a00000, 0x0000000100000000)
  region size 1024K, 24 young (24576K), 0 survivors (0K)
 Metaspace       used 13409K, capacity 13665K, committed 13824K, reserved 1060864K
  class space    used 1359K, capacity 1451K, committed 1536K, reserved 1048576K
}
Event: 1.008 GC heap after
{Heap after GC invocations=1 (full 0):
 garbage-first heap   total 126976K, used 3646K [0x0000000084a00000, 0x0000000100000000)
  region size 1024K, 3 young (3072K), 3 survivors (3072K)
 Metaspace       used 13409K, capacity 13665K, committed 13824K, reserved 1060864K
  class space    used 1359K, capacity 1451K, committed 1536K, reserved 1048576K
}
Event: 2.114 GC heap before
{Heap before GC invocations=1 (full 0):
 garbage-first heap   total 126976K, used 55870K [0x0000000084a00000, 0x0000000100000000)
  region size 1024K, 55 young (56320K), 3 survivors (3072K)
 Metaspace       used 20895K, capacity 21226K, committed 21296K, reserved 1069056K
  class space    used 2308K, capacity 2430K, committed 2432K, reserved 1048576K
}
Event: 2.126 GC heap after
{Heap after GC invocations=2 (full 0):
 garbage-first heap   total 126976K, used 6930K [0x0000000084a00000, 0x0000000100000000)
  region size 1024K, 7 young (7168K), 7 survivors (7168K)
 Metaspace       used 20895K, capacity 21226K, committed 21296K, reserved 1069056K
  class space    used 2308K, capacity 2430K, committed 2432K, reserved 1048576K
}

Deoptimization events (20 events):
Event: 2.266 Thread 0x000001a47267d000 Uncommon trap: trap_request=0xffffff4d fr.pc=0x000001a407af4978 relative=0x0000000000000538
Event: 2.266 Thread 0x000001a47267d000 Uncommon trap: reason=unstable_if action=reinterpret pc=0x000001a407af4978 method=java.lang.AbstractStringBuilder.append(Ljava/lang/String;)Ljava/lang/AbstractStringBuilder; @ 1 c2
Event: 2.266 Thread 0x000001a47267d000 DEOPT PACKING pc=0x000001a407af4978 sp=0x00000064cbffdd80
Event: 2.267 Thread 0x000001a47267d000 DEOPT UNPACKING pc=0x000001a4000085af sp=0x00000064cbffdd68 mode 2
Event: 2.281 Thread 0x000001a47267d000 Uncommon trap: trap_request=0xffffff4d fr.pc=0x000001a407b68cec relative=0x0000000000000f8c
Event: 2.282 Thread 0x000001a47267d000 Uncommon trap: reason=unstable_if action=reinterpret pc=0x000001a407b68cec method=jdk.internal.jimage.BasicImageReader.findLocation(Ljava/lang/String;Ljava/lang/String;)Ljdk/internal/jimage/ImageLocation; @ 96 c2
Event: 2.282 Thread 0x000001a47267d000 DEOPT PACKING pc=0x000001a407b68cec sp=0x00000064cbff9c90
Event: 2.282 Thread 0x000001a47267d000 DEOPT UNPACKING pc=0x000001a4000085af sp=0x00000064cbff9bf0 mode 2
Event: 2.283 Thread 0x000001a47267d000 Uncommon trap: trap_request=0xffffffbe fr.pc=0x000001a407b6f1e4 relative=0x0000000000001944
Event: 2.283 Thread 0x000001a47267d000 Uncommon trap: reason=profile_predicate action=maybe_recompile pc=0x000001a407b6f1e4 method=jdk.internal.jimage.ImageStringsReader.charsFromByteBuffer([CLjava/nio/ByteBuffer;)V @ 6 c2
Event: 2.283 Thread 0x000001a47267d000 DEOPT PACKING pc=0x000001a407b6f1e4 sp=0x00000064cbff9cc0
Event: 2.283 Thread 0x000001a47267d000 DEOPT UNPACKING pc=0x000001a4000085af sp=0x00000064cbff9a60 mode 2
Event: 2.284 Thread 0x000001a47267d000 Uncommon trap: trap_request=0xffffff4d fr.pc=0x000001a407b586d8 relative=0x00000000000000b8
Event: 2.284 Thread 0x000001a47267d000 Uncommon trap: reason=unstable_if action=reinterpret pc=0x000001a407b586d8 method=java.nio.Buffer.limit(I)Ljava/nio/Buffer; @ 42 c2
Event: 2.284 Thread 0x000001a47267d000 DEOPT PACKING pc=0x000001a407b586d8 sp=0x00000064cbff9c20
Event: 2.284 Thread 0x000001a47267d000 DEOPT UNPACKING pc=0x000001a4000085af sp=0x00000064cbff9a80 mode 2
Event: 2.348 Thread 0x000001a47267d000 Uncommon trap: trap_request=0xffffff4d fr.pc=0x000001a407b46750 relative=0x0000000000000310
Event: 2.348 Thread 0x000001a47267d000 Uncommon trap: reason=unstable_if action=reinterpret pc=0x000001a407b46750 method=java.lang.String.<init>([CIILjava/lang/Void;)V @ 5 c2
Event: 2.349 Thread 0x000001a47267d000 DEOPT PACKING pc=0x000001a407b46750 sp=0x00000064cbffd610
Event: 2.349 Thread 0x000001a47267d000 DEOPT UNPACKING pc=0x000001a4000085af sp=0x00000064cbffd5d0 mode 2

Classes redefined (0 events):
No events

Internal exceptions (20 events):
Event: 0.420 Thread 0x000001a47267d000 Exception <a 'java/lang/NullPointerException'{0x000000008c19b2a0}> (0x000000008c19b2a0) thrown at [src/hotspot/share/interpreter/linkResolver.cpp, line 1358]
Event: 0.422 Thread 0x000001a47267d000 Exception <a 'java/lang/NullPointerException'{0x000000008c1b2378}> (0x000000008c1b2378) thrown at [src/hotspot/share/interpreter/linkResolver.cpp, line 1358]
Event: 0.422 Thread 0x000001a47267d000 Exception <a 'java/lang/NullPointerException'{0x000000008c1b2648}> (0x000000008c1b2648) thrown at [src/hotspot/share/interpreter/linkResolver.cpp, line 1358]
Event: 0.422 Thread 0x000001a47267d000 Exception <a 'java/lang/NullPointerException'{0x000000008c1b2918}> (0x000000008c1b2918) thrown at [src/hotspot/share/interpreter/linkResolver.cpp, line 1358]
Event: 0.422 Thread 0x000001a47267d000 Exception <a 'java/lang/NullPointerException'{0x000000008c1b2be8}> (0x000000008c1b2be8) thrown at [src/hotspot/share/interpreter/linkResolver.cpp, line 1358]
Event: 0.546 Thread 0x000001a47267d000 Exception <a 'java/lang/NoSuchMethodError'{0x000000008beb6280}: 'java.lang.Object java.lang.invoke.DirectMethodHandle$Holder.invokeSpecialIFC(java.lang.Object, java.lang.Object, java.lang.Object, java.lang.Object)'> (0x000000008beb6280) thrown at [src/hotspot/share/interpreter/linkResolver.cpp, line 773]
Event: 0.936 Thread 0x000001a47267d000 Exception <a 'java/lang/NoSuchMethodError'{0x000000008b24d358}: 'int java.lang.invoke.DirectMethodHandle$Holder.invokeStaticInit(java.lang.Object, java.lang.Object)'> (0x000000008b24d358) thrown at [src/hotspot/share/interpreter/linkResolver.cpp, line 773]
Event: 0.941 Thread 0x000001a47267d000 Exception <a 'java/lang/NoClassDefFoundError'{0x000000008b28c478}: javax/enterprise/inject/Typed> (0x000000008b28c478) thrown at [src/hotspot/share/classfile/systemDictionary.cpp, line 219]
Event: 1.759 Thread 0x000001a47267d000 Exception <a 'java/lang/NoSuchMethodError'{0x0000000089c92738}: 'void java.lang.invoke.DirectMethodHandle$Holder.invokeStaticInit(java.lang.Object, java.lang.Object, java.lang.Object)'> (0x0000000089c92738) thrown at [src/hotspot/share/interpreter/linkResolver.cpp, line 773]
Event: 1.791 Thread 0x000001a47267d000 Implicit null exception at 0x000001a407b47fef to 0x000001a407b4815c
Event: 1.791 Thread 0x000001a47267d000 Exception <a 'java/lang/NoSuchMethodError'{0x0000000089bcdd98}: 'java.lang.Object java.lang.invoke.DirectMethodHandle$Holder.newInvokeSpecial(java.lang.Object, int)'> (0x0000000089bcdd98) thrown at [src/hotspot/share/interpreter/linkResolver.cpp, line 773]
Event: 1.793 Thread 0x000001a47267d000 Exception <a 'java/lang/NoSuchMethodError'{0x0000000089bdba88}: 'java.lang.Object java.lang.invoke.Invokers$Holder.invokeExact_MT(java.lang.Object, int, java.lang.Object)'> (0x0000000089bdba88) thrown at [src/hotspot/share/interpreter/linkResolver.cpp, line 773]
Event: 1.823 Thread 0x000001a47267d000 Exception <a 'java/lang/NoSuchMethodError'{0x0000000089a6d658}: 'int java.lang.invoke.DirectMethodHandle$Holder.invokeSpecial(java.lang.Object, java.lang.Object, java.lang.Object, java.lang.Object)'> (0x0000000089a6d658) thrown at [src/hotspot/share/interpreter/linkResolver.cpp, line 773]
Event: 2.000 Thread 0x000001a47267d000 Exception <a 'java/lang/NoClassDefFoundError'{0x0000000089112578}: com/google/inject/servlet/ServletModuleTargetVisitor> (0x0000000089112578) thrown at [src/hotspot/share/classfile/systemDictionary.cpp, line 219]
Event: 2.000 Thread 0x000001a47267d000 Exception <a 'java/lang/NoClassDefFoundError'{0x0000000089112578}> (0x0000000089112578) thrown at [src/hotspot/share/prims/jvm.cpp, line 1310]
Event: 2.083 Thread 0x000001a47267d000 Exception <a 'java/lang/NoSuchMethodError'{0x00000000890c12d8}: 'void java.lang.invoke.DirectMethodHandle$Holder.invokeVirtual(java.lang.Object, java.lang.Object)'> (0x00000000890c12d8) thrown at [src/hotspot/share/interpreter/linkResolver.cpp, line 773]
Event: 2.100 Thread 0x000001a47267d000 Exception <a 'java/lang/NoSuchMethodError'{0x0000000088f1b540}: 'java.lang.Object java.lang.invoke.DirectMethodHandle$Holder.invokeStaticInit(java.lang.Object, int, int, int, int)'> (0x0000000088f1b540) thrown at [src/hotspot/share/interpreter/linkResolver.cpp, line 773]
Event: 2.222 Thread 0x000001a47267d000 Implicit null exception at 0x000001a407bbadd4 to 0x000001a407bbe0c8
Event: 2.266 Thread 0x000001a47267d000 Implicit null exception at 0x000001a407b14ff4 to 0x000001a407b15500
Event: 2.266 Thread 0x000001a47267d000 Implicit null exception at 0x000001a407af4474 to 0x000001a407af4960

Events (20 events):
Event: 2.341 loading class org/apache/maven/repository/internal/DefaultVersionResolver$Key
Event: 2.341 loading class org/apache/maven/repository/internal/DefaultVersionResolver$Key done
Event: 2.342 loading class org/eclipse/aether/repository/LocalArtifactRequest
Event: 2.342 loading class org/eclipse/aether/repository/LocalArtifactRequest done
Event: 2.344 loading class java/nio/file/AccessMode
Event: 2.344 loading class java/nio/file/AccessMode done
Event: 2.344 loading class sun/nio/fs/WindowsFileSystemProvider$1
Event: 2.345 loading class sun/nio/fs/WindowsFileSystemProvider$1 done
Event: 2.347 loading class sun/nio/ch/FileLockImpl
Event: 2.347 loading class sun/nio/ch/FileLockImpl done
Event: 2.347 loading class sun/nio/ch/FileLockTable
Event: 2.347 loading class sun/nio/ch/FileLockTable done
Event: 2.347 loading class sun/nio/ch/FileKey
Event: 2.347 loading class sun/nio/ch/FileKey done
Event: 2.347 loading class sun/nio/ch/FileLockTable$FileLockReference
Event: 2.347 loading class sun/nio/ch/FileLockTable$FileLockReference done
Event: 2.347 loading class java/nio/channels/spi/AbstractInterruptibleChannel$1
Event: 2.348 loading class sun/nio/ch/Interruptible
Event: 2.348 loading class sun/nio/ch/Interruptible done
Event: 2.348 loading class java/nio/channels/spi/AbstractInterruptibleChannel$1 done


Dynamic libraries:
0x00007ff6cb630000 - 0x00007ff6cb63a000 	C:\Program Files\Android\Android Studio\jbr\bin\java.exe
0x00007ffaa59d0000 - 0x00007ffaa5bc8000 	C:\Windows\SYSTEM32\ntdll.dll
0x00007ffaa4be0000 - 0x00007ffaa4ca2000 	C:\Windows\System32\KERNEL32.DLL
0x00007ffaa33e0000 - 0x00007ffaa36d6000 	C:\Windows\System32\KERNELBASE.dll
0x00007ffaa32b0000 - 0x00007ffaa33b0000 	C:\Windows\System32\ucrtbase.dll
0x00007ffa87b90000 - 0x00007ffa87ba7000 	C:\Program Files\Android\Android Studio\jbr\bin\jli.dll
0x00007ffa9e2b0000 - 0x00007ffa9e2cb000 	C:\Program Files\Android\Android Studio\jbr\bin\VCRUNTIME140.dll
0x00007ffaa46c0000 - 0x00007ffaa4861000 	C:\Windows\System32\USER32.dll
0x00007ffa876c0000 - 0x00007ffa8795b000 	C:\Windows\WinSxS\amd64_microsoft.windows.common-controls_6595b64144ccf1df_6.0.19041.6456_none_60b8a6cb71f64256\COMCTL32.dll
0x00007ffaa33b0000 - 0x00007ffaa33d2000 	C:\Windows\System32\win32u.dll
0x00007ffaa4900000 - 0x00007ffaa499e000 	C:\Windows\System32\msvcrt.dll
0x00007ffaa4b30000 - 0x00007ffaa4b5b000 	C:\Windows\System32\GDI32.dll
0x00007ffaa3840000 - 0x00007ffaa3959000 	C:\Windows\System32\gdi32full.dll
0x00007ffaa3060000 - 0x00007ffaa30fd000 	C:\Windows\System32\msvcp_win.dll
0x00007ffaa4690000 - 0x00007ffaa46bf000 	C:\Windows\System32\IMM32.DLL
0x00007ffa6de70000 - 0x00007ffa6defd000 	C:\Program Files\Android\Android Studio\jbr\bin\msvcp140.dll
0x00007ffa82ed0000 - 0x00007ffa82edc000 	C:\Windows\SYSTEM32\VCRUNTIME140_1.dll
0x00007ffa4f3c0000 - 0x00007ffa4ff7c000 	C:\Program Files\Android\Android Studio\jbr\bin\server\jvm.dll
0x00007ffaa4570000 - 0x00007ffaa4621000 	C:\Windows\System32\ADVAPI32.dll
0x00007ffaa5840000 - 0x00007ffaa58df000 	C:\Windows\System32\sechost.dll
0x00007ffaa4d20000 - 0x00007ffaa4e40000 	C:\Windows\System32\RPCRT4.dll
0x00007ffaa3100000 - 0x00007ffaa3127000 	C:\Windows\System32\bcrypt.dll
0x00007ffaa5040000 - 0x00007ffaa5048000 	C:\Windows\System32\PSAPI.DLL
0x00007ffa9bc20000 - 0x00007ffa9bc2a000 	C:\Windows\SYSTEM32\VERSION.dll
0x00007ffa992e0000 - 0x00007ffa99307000 	C:\Windows\SYSTEM32\WINMM.dll
0x00007ffa7f700000 - 0x00007ffa7f709000 	C:\Windows\SYSTEM32\WSOCK32.dll
0x00007ffaa4cb0000 - 0x00007ffaa4d1b000 	C:\Windows\System32\WS2_32.dll
0x00007ffaa1880000 - 0x00007ffaa1892000 	C:\Windows\SYSTEM32\kernel.appcore.dll
0x00007ffa9e2a0000 - 0x00007ffa9e2b0000 	C:\Program Files\Android\Android Studio\jbr\bin\verify.dll
0x00007ffaa0d80000 - 0x00007ffaa0f81000 	C:\Windows\SYSTEM32\DBGHELP.DLL
0x00007ffa80d60000 - 0x00007ffa80d94000 	C:\Windows\SYSTEM32\dbgcore.DLL
0x00007ffaa3960000 - 0x00007ffaa39e2000 	C:\Windows\System32\bcryptPrimitives.dll
0x00007ffa85a80000 - 0x00007ffa85aa8000 	C:\Program Files\Android\Android Studio\jbr\bin\java.dll
0x00007ffa8d5e0000 - 0x00007ffa8d5ea000 	C:\Program Files\Android\Android Studio\jbr\bin\jimage.dll
0x00007ffa87b70000 - 0x00007ffa87b88000 	C:\Program Files\Android\Android Studio\jbr\bin\zip.dll
0x00007ffaa3e00000 - 0x00007ffaa4570000 	C:\Windows\System32\SHELL32.dll
0x00007ffaa0f90000 - 0x00007ffaa1735000 	C:\Windows\SYSTEM32\windows.storage.dll
0x00007ffaa39f0000 - 0x00007ffaa3d44000 	C:\Windows\System32\combase.dll
0x00007ffaa28d0000 - 0x00007ffaa28fb000 	C:\Windows\SYSTEM32\Wldp.dll
0x00007ffaa56f0000 - 0x00007ffaa57bd000 	C:\Windows\System32\OLEAUT32.dll
0x00007ffaa58e0000 - 0x00007ffaa598d000 	C:\Windows\System32\SHCORE.dll
0x00007ffaa4b70000 - 0x00007ffaa4bcb000 	C:\Windows\System32\shlwapi.dll
0x00007ffaa2f90000 - 0x00007ffaa2fb4000 	C:\Windows\SYSTEM32\profapi.dll
0x00007ffa84e40000 - 0x00007ffa84e59000 	C:\Program Files\Android\Android Studio\jbr\bin\net.dll
0x00007ffa9a790000 - 0x00007ffa9a89a000 	C:\Windows\SYSTEM32\WINHTTP.dll
0x00007ffaa26b0000 - 0x00007ffaa271a000 	C:\Windows\system32\mswsock.dll
0x00007ffa84e20000 - 0x00007ffa84e33000 	C:\Program Files\Android\Android Studio\jbr\bin\nio.dll
0x0000000069ac0000 - 0x0000000069ae4000 	C:\Program Files\apache-maven\apache-maven-3.9.5\lib\jansi-native\Windows\x86_64\jansi.dll

dbghelp: loaded successfully - version: 4.0.5 - missing functions: none
symbol engine: initialized successfully - sym options: 0x614 - pdb path: .;C:\Program Files\Android\Android Studio\jbr\bin;C:\Windows\SYSTEM32;C:\Windows\WinSxS\amd64_microsoft.windows.common-controls_6595b64144ccf1df_6.0.19041.6456_none_60b8a6cb71f64256;C:\Program Files\Android\Android Studio\jbr\bin\server;C:\Program Files\apache-maven\apache-maven-3.9.5\lib\jansi-native\Windows\x86_64

VM Arguments:
jvm_args: -Dclassworlds.conf=C:\Program Files\apache-maven\apache-maven-3.9.5\bin\m2.conf -Dmaven.home=C:\Program Files\apache-maven\apache-maven-3.9.5 -Dlibrary.jansi.path=C:\Program Files\apache-maven\apache-maven-3.9.5\lib\jansi-native -Dmaven.multiModuleProjectDirectory=C:\Users\User\Documents\Vonoy\pdf-pipeline 
java_command: org.codehaus.plexus.classworlds.launcher.Launcher clean spring-boot:run
java_class_path (initial): C:\Program Files\apache-maven\apache-maven-3.9.5\boot\plexus-classworlds-2.7.0.jar
Launcher Type: SUN_STANDARD

[Global flags]
     intx CICompilerCount                          = 4                                         {product} {ergonomic}
     uint ConcGCThreads                            = 3                                         {product} {ergonomic}
     uint G1ConcRefinementThreads                  = 10                                        {product} {ergonomic}
   size_t G1HeapRegionSize                         = 1048576                                   {product} {ergonomic}
    uintx GCDrainStackTargetSize                   = 64                                        {product} {ergonomic}
   size_t InitialHeapSize                          = 130023424                                 {product} {ergonomic}
   size_t MarkStackSize                            = 4194304                                   {product} {ergonomic}
   size_t MaxHeapSize                              = 2069889024                                {product} {ergonomic}
   size_t MaxNewSize                               = 1241513984                                {product} {ergonomic}
   size_t MinHeapDeltaBytes                        = 1048576                                   {product} {ergonomic}
    uintx NonNMethodCodeHeapSize                   = 5836300                                {pd product} {ergonomic}
    uintx NonProfiledCodeHeapSize                  = 122910970                              {pd product} {ergonomic}
    uintx ProfiledCodeHeapSize                     = 122910970                              {pd product} {ergonomic}
    uintx ReservedCodeCacheSize                    = 251658240                              {pd product} {ergonomic}
     bool SegmentedCodeCache                       = true                                      {product} {ergonomic}
     bool UseCompressedClassPointers               = true                                 {lp64_product} {ergonomic}
     bool UseCompressedOops                        = true                                 {lp64_product} {ergonomic}
     bool UseG1GC                                  = true                                      {product} {ergonomic}
     bool UseLargePagesIndividualAllocation        = false                                  {pd product} {ergonomic}

Logging:
Log output configuration:
 #0: stdout all=warning uptime,level,tags
 #1: stderr all=off uptime,level,tags

Environment Variables:
JAVA_HOME=C:\Program Files\Android\Android Studio\jbr
PATH=C:\Program Files\PowerShell\7;C:\Program Files\Common Files\Oracle\Java\javapath;C:\Python311\Scripts\;C:\Python311\;C:\Program Files (x86)\Common Files\Oracle\Java\javapath;C:\app\User\product\21c\dbhomeXE\bin;C:\Program Files\Java\jdk-17\bin;C:\Windows\system32;C:\Windows;C:\Windows\System32\Wbem;C:\Windows\System32\WindowsPowerShell\v1.0\;C:\Windows\System32\OpenSSH\;C:\Program Files (x86)\NVIDIA Corporation\PhysX\Common;C:\Program Files\NVIDIA Corporation\NVIDIA NvDLISR;C:\src\flutter\bin;C:\Program Files\Microsoft SQL Server\150\Tools\Binn\;C:\Program Files\Microsoft SQL Server\Client SDK\ODBC\170\Tools\Binn\;C:\Program Files\dotnet\;C:\Git\cmd;C:\Program Files\MongoDB\Server\6.0\bin;C:\Users\User\Desktop\mongosh-1.8.0-win32-x64\bin;C:\Python311\Scripts\;C:\Program Files\apache-maven\apache-maven-3.9.5\bin;C:\ProgramData\anaconda3;C:\Program Files\PowerShell\7;C:\ProgramData\anaconda3\Scripts;C:\ProgramData\Anaconda3\Library\bin;D:\openssl\bin;D:\Apache24\bin;C:\spring-3.1.5\bin;C:\Program Files\Docker\Docker\resources\bin;C:\Users\User\AppData\Roaming\nvm;C:\Users\User\AppData\Roaming\nvm\v18.20.4;C:\Program Files\Java\jdk-17\bin;C:\Program Files\Tesseract-OCR;C:\Users\User\AppData\Roaming\nvm;%NVM_SYMLINK%;C:\Users\User\AppData\Local\Programs\Microsoft VS Code;C:\Users\User\AppData\Roaming\Python\Python311\Scripts;C:\chromedriver-win64;C:\Program Files\PowerShell\7-preview\preview;C:\Program Files\TortoiseGit\bin;C:\Program Files\PowerShell\7\;C:\Program Files\CMake\bin;C:\src\flutter\bin;C:\src\flutter\bin;C:\Program Files\PowerShell\7;C:\Program Files\Common Files\Oracle\Java\javapath;C:\Python311\Scripts\;C:\Python311\;C:\Program Files (x86)\Common Files\Oracle\Java\javapath;C:\app\User\product\21c\dbhomeXE\bin;C:\Program Files\Java\jdk-17\bin;C:\Windows\system32;C:\Windows;C:\Windows\System32\Wbem;C:\Windows\System32\WindowsPowerShell\v1.0\;C:\Windows\System32\OpenSSH\;C:\Program Files (x86)\NVIDIA Corporation\PhysX\Common;C:\Program Files\NVIDIA Corpor
USERNAME=User
LANG=en_US.UTF-8
OS=Windows_NT
PROCESSOR_IDENTIFIER=Intel64 Family 6 Model 141 Stepping 1, GenuineIntel



---------------  S Y S T E M  ---------------

OS: Windows 10 , 64 bit Build 19041 (10.0.19041.5915)
OS uptime: 0 days 1:04 hours
Hyper-V role detected

CPU:total 12 (initial active 12) (6 cores per cpu, 2 threads per core) family 6 model 141 stepping 1 microcode 0x26, cmov, cx8, fxsr, mmx, sse, sse2, sse3, ssse3, sse4.1, sse4.2, popcnt, avx, avx2, aes, clmul, erms, 3dnowpref, lzcnt, ht, tsc, tscinvbit, bmi1, bmi2, adx, evex, sha, fma

Memory: 4k page, system-wide physical 7893M (709M free)
TotalPageFile size 16906M (AvailPageFile size 1M)
current process WorkingSet (physical memory assigned to process): 150M, peak: 150M
current process commit charge ("private bytes"): 253M, peak: 254M

vm_info: OpenJDK 64-Bit Server VM (11.0.15+0-b2043.56-8887301) for windows-amd64 JRE (11.0.15+0-b2043.56-8887301), built on Jul 29 2022 23:19:47 by "builduser" with unknown MS VC++:1929

END.
