#
# There is insufficient memory for the Java Runtime Environment to continue.
# Native memory allocation (malloc) failed to allocate 109840 bytes. Error detail: Chunk::new
# Possible reasons:
#   The system is out of physical RAM or swap space
#   This process is running with CompressedOops enabled, and the Java Heap may be blocking the growth of the native heap
# Possible solutions:
#   Reduce memory load on the system
#   Increase physical memory or swap space
#   Check if swap backing store is full
#   Decrease Java heap size (-Xmx/-Xms)
#   Decrease number of Java threads
#   Decrease Java thread stack sizes (-Xss)
#   Set larger code cache with -XX:ReservedCodeCacheSize=
#   JVM is running with Unscaled Compressed Oops mode in which the Java heap is
#     placed in the first 4GB address space. The Java Heap base address is the
#     maximum limit for the native heap growth. Please use -XX:HeapBaseMinAddress
#     to set the Java Heap base and to place the Java Heap above 4GB virtual address.
# This output file may be truncated or incomplete.
#
#  Out of Memory Error (arena.cpp:168), pid=4732, tid=19860
#
# JRE version: OpenJDK Runtime Environment Temurin-21.0.8+9 (21.0.8+9) (build 21.0.8+9-LTS)
# Java VM: OpenJDK 64-Bit Server VM Temurin-21.0.8+9 (21.0.8+9-LTS, mixed mode, sharing, tiered, compressed oops, compressed class ptrs, parallel gc, windows-amd64)
# No core dump will be written. Minidumps are not enabled by default on client versions of Windows
#

---------------  S U M M A R Y ------------

Command Line: --add-modules=ALL-SYSTEM --add-opens=java.base/java.util=ALL-UNNAMED --add-opens=java.base/java.lang=ALL-UNNAMED --add-opens=java.base/sun.nio.fs=ALL-UNNAMED -Declipse.application=org.eclipse.jdt.ls.core.id1 -Dosgi.bundles.defaultStartLevel=4 -Declipse.product=org.eclipse.jdt.ls.core.product -Djava.import.generatesMetadataFilesAtProjectRoot=false -DDetectVMInstallationsJob.disabled=true -Dfile.encoding=utf8 -XX:+UseParallelGC -XX:GCTimeRatio=4 -XX:AdaptiveSizePolicyWeight=90 -Dsun.zip.disableMemoryMapping=true -Xmx2G -Xms100m -Xlog:disable -javaagent:c:\Users\User\.vscode\extensions\redhat.java-1.46.0-win32-x64\lombok\lombok-1.18.39-4050.jar c:\Users\User\.vscode\extensions\redhat.java-1.46.0-win32-x64\server\plugins\org.eclipse.equinox.launcher_1.7.0.v20250519-0528.jar -configuration c:\Users\User\AppData\Roaming\Code\User\globalStorage\redhat.java\1.46.0\config_ss_win -data c:\Users\User\AppData\Roaming\Code\User\workspaceStorage\994dc2dbd39825c9f9d6f9316d77b234\redhat.java\ss_ws --pipe=\\.\pipe\lsp-4b16ee1b3ec5461596d78cd52a3aaf91-sock

Host: 11th Gen Intel(R) Core(TM) i5-11400H @ 2.70GHz, 12 cores, 7G,  Windows 10 , 64 bit Build 19041 (10.0.19041.5915)
Time: Thu Oct 30 10:04:25 2025 GMT elapsed time: 5.231180 seconds (0d 0h 0m 5s)

---------------  T H R E A D  ---------------

Current thread (0x0000022a85ea19d0):  JavaThread "C2 CompilerThread1" daemon [_thread_in_native, id=19860, stack(0x000000d300800000,0x000000d300900000) (1024K)]


Current CompileTask:
C2:5231 4506       4       org.lombokweb.asm.MethodWriter::putMethodInfo (1274 bytes)

Stack: [0x000000d300800000,0x000000d300900000]
Native frames: (J=compiled Java code, j=interpreted, Vv=VM code, C=native code)
V  [jvm.dll+0x6d2449]
V  [jvm.dll+0x8ae341]
V  [jvm.dll+0x8b08be]
V  [jvm.dll+0x8b0fa3]
V  [jvm.dll+0x280c96]
V  [jvm.dll+0xc581d]
V  [jvm.dll+0xc5d53]
V  [jvm.dll+0x3b919c]
V  [jvm.dll+0x1e0e8b]
V  [jvm.dll+0x249022]
V  [jvm.dll+0x2484af]
V  [jvm.dll+0x1c89ee]
V  [jvm.dll+0x257d4d]
V  [jvm.dll+0x2562ea]
V  [jvm.dll+0x3f2d16]
V  [jvm.dll+0x857e6b]
V  [jvm.dll+0x6d0b0d]
C  [ucrtbase.dll+0x21bb2]
C  [KERNEL32.DLL+0x17374]
C  [ntdll.dll+0x4cc91]


---------------  P R O C E S S  ---------------

Threads class SMR info:
_java_thread_list=0x0000022a8631f4e0, length=38, elements={
0x0000022aa6996b70, 0x0000022abd435c60, 0x0000022abd4372a0, 0x0000022abd43d4e0,
0x0000022abd43e130, 0x0000022a80452480, 0x0000022a80454680, 0x0000022a80459560,
0x0000022a8045cff0, 0x0000022a80529790, 0x0000022a80756d20, 0x0000022a85b6c050,
0x0000022a859cbd90, 0x0000022a859cc3f0, 0x0000022a851111b0, 0x0000022a85c95900,
0x0000022a85af8150, 0x0000022a85af9020, 0x0000022a85af9e20, 0x0000022a85ea19d0,
0x0000022a871092f0, 0x0000022a87108c60, 0x0000022a87106500, 0x0000022a87107220,
0x0000022a87109980, 0x0000022a87106b90, 0x0000022a871078b0, 0x0000022a87107f40,
0x0000022a871085d0, 0x0000022a86ffce70, 0x0000022a86ffe220, 0x0000022a86ffc7e0,
0x0000022a86ffd500, 0x0000022a86ff99f0, 0x0000022a86ffdb90, 0x0000022a86ffc150,
0x0000022a86ffa710, 0x0000022a8709ab30
}

Java Threads: ( => current thread )
  0x0000022aa6996b70 JavaThread "main"                              [_thread_blocked, id=18700, stack(0x000000d37e700000,0x000000d37e800000) (1024K)]
  0x0000022abd435c60 JavaThread "Reference Handler"          daemon [_thread_blocked, id=19940, stack(0x000000d37eb00000,0x000000d37ec00000) (1024K)]
  0x0000022abd4372a0 JavaThread "Finalizer"                  daemon [_thread_blocked, id=16476, stack(0x000000d37ec00000,0x000000d37ed00000) (1024K)]
  0x0000022abd43d4e0 JavaThread "Signal Dispatcher"          daemon [_thread_blocked, id=20892, stack(0x000000d37ed00000,0x000000d37ee00000) (1024K)]
  0x0000022abd43e130 JavaThread "Attach Listener"            daemon [_thread_blocked, id=6848, stack(0x000000d37ee00000,0x000000d37ef00000) (1024K)]
  0x0000022a80452480 JavaThread "Service Thread"             daemon [_thread_blocked, id=2948, stack(0x000000d37ef00000,0x000000d37f000000) (1024K)]
  0x0000022a80454680 JavaThread "Monitor Deflation Thread"   daemon [_thread_blocked, id=1812, stack(0x000000d37f000000,0x000000d37f100000) (1024K)]
  0x0000022a80459560 JavaThread "C2 CompilerThread0"         daemon [_thread_in_native, id=15672, stack(0x000000d37f100000,0x000000d37f200000) (1024K)]
  0x0000022a8045cff0 JavaThread "C1 CompilerThread0"         daemon [_thread_blocked, id=16776, stack(0x000000d37f200000,0x000000d37f300000) (1024K)]
  0x0000022a80529790 JavaThread "Common-Cleaner"             daemon [_thread_blocked, id=18644, stack(0x000000d37f300000,0x000000d37f400000) (1024K)]
  0x0000022a80756d20 JavaThread "Notification Thread"        daemon [_thread_blocked, id=11740, stack(0x000000d37f500000,0x000000d37f600000) (1024K)]
  0x0000022a85b6c050 JavaThread "Active Thread: Equinox Container: b5ccb724-1a20-4e75-b81f-c137ca7967ae"        [_thread_blocked, id=21996, stack(0x000000d37fd00000,0x000000d37fe00000) (1024K)]
  0x0000022a859cbd90 JavaThread "Framework Event Dispatcher: Equinox Container: b5ccb724-1a20-4e75-b81f-c137ca7967ae" daemon [_thread_blocked, id=15256, stack(0x000000d37fe00000,0x000000d37ff00000) (1024K)]
  0x0000022a859cc3f0 JavaThread "Start Level: Equinox Container: b5ccb724-1a20-4e75-b81f-c137ca7967ae" daemon [_thread_blocked, id=20260, stack(0x000000d37ff00000,0x000000d380000000) (1024K)]
  0x0000022a851111b0 JavaThread "SCR Component Actor"        daemon [_thread_blocked, id=21308, stack(0x000000d300100000,0x000000d300200000) (1024K)]
  0x0000022a85c95900 JavaThread "Worker-JM"                         [_thread_blocked, id=13568, stack(0x000000d300400000,0x000000d300500000) (1024K)]
  0x0000022a85af8150 JavaThread "JNA Cleaner"                daemon [_thread_blocked, id=16916, stack(0x000000d300200000,0x000000d300300000) (1024K)]
  0x0000022a85af9020 JavaThread "Worker-0"                          [_thread_blocked, id=21712, stack(0x000000d300600000,0x000000d300700000) (1024K)]
  0x0000022a85af9e20 JavaThread "Worker-1"                          [_thread_blocked, id=12120, stack(0x000000d300700000,0x000000d300800000) (1024K)]
=>0x0000022a85ea19d0 JavaThread "C2 CompilerThread1"         daemon [_thread_in_native, id=19860, stack(0x000000d300800000,0x000000d300900000) (1024K)]
  0x0000022a871092f0 JavaThread "Thread-1"                   daemon [_thread_in_native, id=19088, stack(0x000000d300c00000,0x000000d300d00000) (1024K)]
  0x0000022a87108c60 JavaThread "Thread-2"                   daemon [_thread_in_native, id=15528, stack(0x000000d300d00000,0x000000d300e00000) (1024K)]
  0x0000022a87106500 JavaThread "Thread-3"                   daemon [_thread_in_native, id=9652, stack(0x000000d300e00000,0x000000d300f00000) (1024K)]
  0x0000022a87107220 JavaThread "Thread-4"                   daemon [_thread_in_native, id=19544, stack(0x000000d300f00000,0x000000d301000000) (1024K)]
  0x0000022a87109980 JavaThread "Thread-5"                   daemon [_thread_in_native, id=19752, stack(0x000000d301000000,0x000000d301100000) (1024K)]
  0x0000022a87106b90 JavaThread "Thread-6"                   daemon [_thread_in_native, id=21048, stack(0x000000d301100000,0x000000d301200000) (1024K)]
  0x0000022a871078b0 JavaThread "Thread-7"                   daemon [_thread_in_native, id=6964, stack(0x000000d301200000,0x000000d301300000) (1024K)]
  0x0000022a87107f40 JavaThread "Thread-8"                   daemon [_thread_in_native, id=5212, stack(0x000000d301300000,0x000000d301400000) (1024K)]
  0x0000022a871085d0 JavaThread "Thread-9"                   daemon [_thread_in_native, id=14700, stack(0x000000d301400000,0x000000d301500000) (1024K)]
  0x0000022a86ffce70 JavaThread "Thread-10"                  daemon [_thread_in_native, id=13540, stack(0x000000d301500000,0x000000d301600000) (1024K)]
  0x0000022a86ffe220 JavaThread "Thread-11"                  daemon [_thread_in_native, id=1412, stack(0x000000d301600000,0x000000d301700000) (1024K)]
  0x0000022a86ffc7e0 JavaThread "Thread-12"                  daemon [_thread_in_native, id=17040, stack(0x000000d301700000,0x000000d301800000) (1024K)]
  0x0000022a86ffd500 JavaThread "Thread-13"                  daemon [_thread_in_native, id=15884, stack(0x000000d301800000,0x000000d301900000) (1024K)]
  0x0000022a86ff99f0 JavaThread "pool-2-thread-1"                   [_thread_blocked, id=15664, stack(0x000000d301900000,0x000000d301a00000) (1024K)]
  0x0000022a86ffdb90 JavaThread "Worker-2"                          [_thread_blocked, id=2296, stack(0x000000d301a00000,0x000000d301b00000) (1024K)]
  0x0000022a86ffc150 JavaThread "WorkspaceEventsHandler"            [_thread_blocked, id=1580, stack(0x000000d301b00000,0x000000d301c00000) (1024K)]
  0x0000022a86ffa710 JavaThread "pool-1-thread-1"                   [_thread_in_native, id=19712, stack(0x000000d301c00000,0x000000d301d00000) (1024K)]
  0x0000022a8709ab30 JavaThread "C2 CompilerThread2"         daemon [_thread_blocked, id=7076, stack(0x000000d300900000,0x000000d300a00000) (1024K)]
Total: 38

Other Threads:
  0x0000022abd4232f0 VMThread "VM Thread"                           [id=1332, stack(0x000000d37ea00000,0x000000d37eb00000) (1024K)]
  0x0000022aa6a00bb0 WatcherThread "VM Periodic Task Thread"        [id=4464, stack(0x000000d37e900000,0x000000d37ea00000) (1024K)]
  0x0000022aa69b45f0 WorkerThread "GC Thread#0"                     [id=17336, stack(0x000000d37e800000,0x000000d37e900000) (1024K)]
  0x0000022a857b0600 WorkerThread "GC Thread#1"                     [id=1696, stack(0x000000d37f700000,0x000000d37f800000) (1024K)]
  0x0000022a857b09a0 WorkerThread "GC Thread#2"                     [id=1500, stack(0x000000d37f800000,0x000000d37f900000) (1024K)]
  0x0000022a857f7890 WorkerThread "GC Thread#3"                     [id=7172, stack(0x000000d37f900000,0x000000d37fa00000) (1024K)]
  0x0000022a857f7c30 WorkerThread "GC Thread#4"                     [id=16528, stack(0x000000d37fa00000,0x000000d37fb00000) (1024K)]
  0x0000022a857f7fd0 WorkerThread "GC Thread#5"                     [id=3620, stack(0x000000d37fb00000,0x000000d37fc00000) (1024K)]
  0x0000022a857f8370 WorkerThread "GC Thread#6"                     [id=16616, stack(0x000000d37fc00000,0x000000d37fd00000) (1024K)]
  0x0000022a859c7fc0 WorkerThread "GC Thread#7"                     [id=7552, stack(0x000000d300000000,0x000000d300100000) (1024K)]
  0x0000022a85d1c4b0 WorkerThread "GC Thread#8"                     [id=15628, stack(0x000000d300300000,0x000000d300400000) (1024K)]
  0x0000022a85d1b9d0 WorkerThread "GC Thread#9"                     [id=14104, stack(0x000000d300500000,0x000000d300600000) (1024K)]
Total: 12

Threads with active compile tasks:
C2 CompilerThread0  5254 4323       4       org.eclipse.jdt.internal.core.JrtPackageFragmentRoot$1::visitFile (26 bytes)
C1 CompilerThread0  5254 4513       3       sun.net.www.protocol.jar.JarFileFactory::urlFor (79 bytes)
C2 CompilerThread1  5254 4506       4       org.lombokweb.asm.MethodWriter::putMethodInfo (1274 bytes)
Total: 3

VM state: not at safepoint (normal execution)

VM Mutex/Monitor currently owned by a thread: None

Heap address: 0x0000000080000000, size: 2048 MB, Compressed Oops mode: 32-bit

CDS archive(s) mapped at: [0x0000022abe000000-0x0000022abeba0000-0x0000022abeba0000), size 12189696, SharedBaseAddress: 0x0000022abe000000, ArchiveRelocationMode: 1.
Compressed class space mapped at: 0x0000022abf000000-0x0000022aff000000, reserved size: 1073741824
Narrow klass base: 0x0000022abe000000, Narrow klass shift: 0, Narrow klass range: 0x100000000

GC Precious Log:
 CardTable entry size: 512
 CPUs: 12 total, 12 available
 Memory: 7893M
 Large Page Support: Disabled
 NUMA Support: Disabled
 Compressed Oops: Enabled (32-bit)
 Alignments: Space 512K, Generation 512K, Heap 2M
 Heap Min Capacity: 100M
 Heap Initial Capacity: 100M
 Heap Max Capacity: 2G
 Pre-touch: Disabled
 Parallel Workers: 10

Heap:
 PSYoungGen      total 23040K, used 18449K [0x00000000d5580000, 0x00000000d6e80000, 0x0000000100000000)
  eden space 20480K, 79% used [0x00000000d5580000,0x00000000d656e338,0x00000000d6980000)
  from space 2560K, 83% used [0x00000000d6980000,0x00000000d6b96200,0x00000000d6c00000)
  to   space 2560K, 0% used [0x00000000d6c00000,0x00000000d6c00000,0x00000000d6e80000)
 ParOldGen       total 68608K, used 25412K [0x0000000080000000, 0x0000000084300000, 0x00000000d5580000)
  object space 68608K, 37% used [0x0000000080000000,0x00000000818d11b8,0x0000000084300000)
 Metaspace       used 33914K, committed 34880K, reserved 1114112K
  class space    used 3464K, committed 3904K, reserved 1048576K

Card table byte_map: [0x0000022aa6340000,0x0000022aa6750000] _byte_map_base: 0x0000022aa5f40000

Marking Bits: (ParMarkBitMap*) 0x00007ffec9d4a340
 Begin Bits: [0x0000022ab8e40000, 0x0000022abae40000)
 End Bits:   [0x0000022abae40000, 0x0000022abce40000)

Polling page: 0x0000022aa46c0000

Metaspace:

Usage:
  Non-class:     29.74 MB used.
      Class:      3.38 MB used.
       Both:     33.12 MB used.

Virtual space:
  Non-class space:       64.00 MB reserved,      30.25 MB ( 47%) committed,  1 nodes.
      Class space:        1.00 GB reserved,       3.81 MB ( <1%) committed,  1 nodes.
             Both:        1.06 GB reserved,      34.06 MB (  3%) committed. 

Chunk freelists:
   Non-Class:  1.00 MB
       Class:  12.17 MB
        Both:  13.17 MB

MaxMetaspaceSize: unlimited
CompressedClassSpaceSize: 1.00 GB
Initial GC threshold: 21.00 MB
Current GC threshold: 35.00 MB
CDS: on
 - commit_granule_bytes: 65536.
 - commit_granule_words: 8192.
 - virtual_space_node_default_size: 8388608.
 - enlarge_chunks_in_place: 1.
 - use_allocation_guard: 0.


Internal statistics:

num_allocs_failed_limit: 3.
num_arena_births: 672.
num_arena_deaths: 14.
num_vsnodes_births: 2.
num_vsnodes_deaths: 0.
num_space_committed: 545.
num_space_uncommitted: 0.
num_chunks_returned_to_freelist: 17.
num_chunks_taken_from_freelist: 2005.
num_chunk_merges: 9.
num_chunk_splits: 1295.
num_chunks_enlarged: 857.
num_inconsistent_stats: 0.

CodeHeap 'non-profiled nmethods': size=120000Kb used=2430Kb max_used=2430Kb free=117570Kb
 bounds [0x0000022ab1660000, 0x0000022ab18d0000, 0x0000022ab8b90000]
CodeHeap 'profiled nmethods': size=120000Kb used=8951Kb max_used=8951Kb free=111048Kb
 bounds [0x0000022aa9b90000, 0x0000022aaa450000, 0x0000022ab10c0000]
CodeHeap 'non-nmethods': size=5760Kb used=1377Kb max_used=1419Kb free=4382Kb
 bounds [0x0000022ab10c0000, 0x0000022ab1330000, 0x0000022ab1660000]
CodeCache: size=245760Kb, used=12758Kb, max_used=12800Kb, free=233000Kb
 total_blobs=5174, nmethods=4508, adapters=572, full_count=0
Compilation: enabled, stopped_count=0, restarted_count=0

Compilation events (20 events):
Event: 5.190 Thread 0x0000022a85ea19d0 nmethod 4402 0x0000022ab18bcd90 code [0x0000022ab18bcf20, 0x0000022ab18bcf98]
Event: 5.190 Thread 0x0000022a85ea19d0 4442       4       org.eclipse.jdt.internal.core.JavaModelManager::getJavaModelManager (4 bytes)
Event: 5.191 Thread 0x0000022a85ea19d0 nmethod 4442 0x0000022ab18bd090 code [0x0000022ab18bd220, 0x0000022ab18bd2a0]
Event: 5.197 Thread 0x0000022a8709ab30 nmethod 4159 0x0000022ab18bd390 code [0x0000022ab18bd5a0, 0x0000022ab18bdcf0]
Event: 5.201 Thread 0x0000022a8709ab30 4500       4       java.lang.String::lastIndexOf (29 bytes)
Event: 5.205 Thread 0x0000022a8709ab30 nmethod 4500 0x0000022ab18be310 code [0x0000022ab18be4a0, 0x0000022ab18be6b0]
Event: 5.207 Thread 0x0000022a8045cff0 4501       3       sun.net.www.protocol.file.Handler::openConnection (7 bytes)
Event: 5.207 Thread 0x0000022a8045cff0 nmethod 4501 0x0000022aaa434790 code [0x0000022aaa434940, 0x0000022aaa434aa0]
Event: 5.207 Thread 0x0000022a8045cff0 4502   !   3       sun.net.www.protocol.file.Handler::openConnection (274 bytes)
Event: 5.208 Thread 0x0000022a8709ab30 4504       4       org.lombokweb.asm.MethodWriter::computeMethodInfoSize (571 bytes)
Event: 5.208 Thread 0x0000022a85ea19d0 4505       4       org.lombokweb.asm.MethodWriter::hasFrames (13 bytes)
Event: 5.208 Thread 0x0000022a85ea19d0 nmethod 4505 0x0000022ab18be810 code [0x0000022ab18be9a0, 0x0000022ab18bea38]
Event: 5.208 Thread 0x0000022a85ea19d0 4506       4       org.lombokweb.asm.MethodWriter::putMethodInfo (1274 bytes)
Event: 5.209 Thread 0x0000022a8045cff0 nmethod 4502 0x0000022aaa434b90 code [0x0000022aaa4350c0, 0x0000022aaa437160]
Event: 5.209 Thread 0x0000022a8045cff0 4503       3       sun.net.www.protocol.file.Handler::createFileURLConnection (10 bytes)
Event: 5.210 Thread 0x0000022a8045cff0 nmethod 4503 0x0000022aaa438010 code [0x0000022aaa4381c0, 0x0000022aaa438370]
Event: 5.214 Thread 0x0000022a8709ab30 nmethod 4504 0x0000022ab18beb10 code [0x0000022ab18bed60, 0x0000022ab18bf348]
Event: 5.224 Thread 0x0000022a8045cff0 4507       3       java.util.Properties$LineReader::readLine (584 bytes)
Event: 5.226 Thread 0x0000022a8045cff0 nmethod 4507 0x0000022aaa438410 code [0x0000022aaa438800, 0x0000022aaa43b0b8]
Event: 5.226 Thread 0x0000022a8045cff0 4510       3       org.eclipse.jdt.internal.compiler.parser.Scanner::internalScanIdentifierOrKeyword (5041 bytes)

GC Heap History (20 events):
Event: 3.301 GC heap before
{Heap before GC invocations=7 (full 1):
 PSYoungGen      total 29696K, used 4471K [0x00000000d5580000, 0x00000000d7780000, 0x0000000100000000)
  eden space 25088K, 0% used [0x00000000d5580000,0x00000000d5580000,0x00000000d6e00000)
  from space 4608K, 97% used [0x00000000d7300000,0x00000000d775dec8,0x00000000d7780000)
  to   space 4608K, 0% used [0x00000000d6e80000,0x00000000d6e80000,0x00000000d7300000)
 ParOldGen       total 68608K, used 4826K [0x0000000080000000, 0x0000000084300000, 0x00000000d5580000)
  object space 68608K, 7% used [0x0000000080000000,0x00000000804b6b88,0x0000000084300000)
 Metaspace       used 20865K, committed 21504K, reserved 1114112K
  class space    used 2058K, committed 2368K, reserved 1048576K
}
Event: 3.337 GC heap after
{Heap after GC invocations=7 (full 1):
 PSYoungGen      total 29696K, used 0K [0x00000000d5580000, 0x00000000d7780000, 0x0000000100000000)
  eden space 25088K, 0% used [0x00000000d5580000,0x00000000d5580000,0x00000000d6e00000)
  from space 4608K, 0% used [0x00000000d7300000,0x00000000d7300000,0x00000000d7780000)
  to   space 4608K, 0% used [0x00000000d6e80000,0x00000000d6e80000,0x00000000d7300000)
 ParOldGen       total 68608K, used 8846K [0x0000000080000000, 0x0000000084300000, 0x00000000d5580000)
  object space 68608K, 12% used [0x0000000080000000,0x00000000808a3a18,0x0000000084300000)
 Metaspace       used 20852K, committed 21504K, reserved 1114112K
  class space    used 2055K, committed 2368K, reserved 1048576K
}
Event: 3.591 GC heap before
{Heap before GC invocations=8 (full 1):
 PSYoungGen      total 29696K, used 25088K [0x00000000d5580000, 0x00000000d7780000, 0x0000000100000000)
  eden space 25088K, 100% used [0x00000000d5580000,0x00000000d6e00000,0x00000000d6e00000)
  from space 4608K, 0% used [0x00000000d7300000,0x00000000d7300000,0x00000000d7780000)
  to   space 4608K, 0% used [0x00000000d6e80000,0x00000000d6e80000,0x00000000d7300000)
 ParOldGen       total 68608K, used 8846K [0x0000000080000000, 0x0000000084300000, 0x00000000d5580000)
  object space 68608K, 12% used [0x0000000080000000,0x00000000808a3a18,0x0000000084300000)
 Metaspace       used 22901K, committed 23616K, reserved 1114112K
  class space    used 2227K, committed 2560K, reserved 1048576K
}
Event: 3.593 GC heap after
{Heap after GC invocations=8 (full 1):
 PSYoungGen      total 27136K, used 2551K [0x00000000d5580000, 0x00000000d7480000, 0x0000000100000000)
  eden space 24576K, 0% used [0x00000000d5580000,0x00000000d5580000,0x00000000d6d80000)
  from space 2560K, 99% used [0x00000000d6e80000,0x00000000d70fdf60,0x00000000d7100000)
  to   space 3584K, 0% used [0x00000000d7100000,0x00000000d7100000,0x00000000d7480000)
 ParOldGen       total 68608K, used 8854K [0x0000000080000000, 0x0000000084300000, 0x00000000d5580000)
  object space 68608K, 12% used [0x0000000080000000,0x00000000808a5a18,0x0000000084300000)
 Metaspace       used 22901K, committed 23616K, reserved 1114112K
  class space    used 2227K, committed 2560K, reserved 1048576K
}
Event: 3.929 GC heap before
{Heap before GC invocations=9 (full 1):
 PSYoungGen      total 27136K, used 27127K [0x00000000d5580000, 0x00000000d7480000, 0x0000000100000000)
  eden space 24576K, 100% used [0x00000000d5580000,0x00000000d6d80000,0x00000000d6d80000)
  from space 2560K, 99% used [0x00000000d6e80000,0x00000000d70fdf60,0x00000000d7100000)
  to   space 3584K, 0% used [0x00000000d7100000,0x00000000d7100000,0x00000000d7480000)
 ParOldGen       total 68608K, used 8854K [0x0000000080000000, 0x0000000084300000, 0x00000000d5580000)
  object space 68608K, 12% used [0x0000000080000000,0x00000000808a5a18,0x0000000084300000)
 Metaspace       used 26574K, committed 27392K, reserved 1114112K
  class space    used 2622K, committed 3008K, reserved 1048576K
}
Event: 3.932 GC heap after
{Heap after GC invocations=9 (full 1):
 PSYoungGen      total 26624K, used 3577K [0x00000000d5580000, 0x00000000d7700000, 0x0000000100000000)
  eden space 23040K, 0% used [0x00000000d5580000,0x00000000d5580000,0x00000000d6c00000)
  from space 3584K, 99% used [0x00000000d7100000,0x00000000d747e6a0,0x00000000d7480000)
  to   space 5120K, 0% used [0x00000000d6c00000,0x00000000d6c00000,0x00000000d7100000)
 ParOldGen       total 68608K, used 9859K [0x0000000080000000, 0x0000000084300000, 0x00000000d5580000)
  object space 68608K, 14% used [0x0000000080000000,0x00000000809a0f38,0x0000000084300000)
 Metaspace       used 26574K, committed 27392K, reserved 1114112K
  class space    used 2622K, committed 3008K, reserved 1048576K
}
Event: 4.241 GC heap before
{Heap before GC invocations=10 (full 1):
 PSYoungGen      total 26624K, used 26617K [0x00000000d5580000, 0x00000000d7700000, 0x0000000100000000)
  eden space 23040K, 100% used [0x00000000d5580000,0x00000000d6c00000,0x00000000d6c00000)
  from space 3584K, 99% used [0x00000000d7100000,0x00000000d747e6a0,0x00000000d7480000)
  to   space 5120K, 0% used [0x00000000d6c00000,0x00000000d6c00000,0x00000000d7100000)
 ParOldGen       total 68608K, used 9859K [0x0000000080000000, 0x0000000084300000, 0x00000000d5580000)
  object space 68608K, 14% used [0x0000000080000000,0x00000000809a0f38,0x0000000084300000)
 Metaspace       used 29684K, committed 30528K, reserved 1114112K
  class space    used 2975K, committed 3328K, reserved 1048576K
}
Event: 4.244 GC heap after
{Heap after GC invocations=10 (full 1):
 PSYoungGen      total 27648K, used 4893K [0x00000000d5580000, 0x00000000d7580000, 0x0000000100000000)
  eden space 22528K, 0% used [0x00000000d5580000,0x00000000d5580000,0x00000000d6b80000)
  from space 5120K, 95% used [0x00000000d6c00000,0x00000000d70c7450,0x00000000d7100000)
  to   space 4608K, 0% used [0x00000000d7100000,0x00000000d7100000,0x00000000d7580000)
 ParOldGen       total 68608K, used 9867K [0x0000000080000000, 0x0000000084300000, 0x00000000d5580000)
  object space 68608K, 14% used [0x0000000080000000,0x00000000809a2f38,0x0000000084300000)
 Metaspace       used 29684K, committed 30528K, reserved 1114112K
  class space    used 2975K, committed 3328K, reserved 1048576K
}
Event: 4.590 GC heap before
{Heap before GC invocations=11 (full 1):
 PSYoungGen      total 27648K, used 27421K [0x00000000d5580000, 0x00000000d7580000, 0x0000000100000000)
  eden space 22528K, 100% used [0x00000000d5580000,0x00000000d6b80000,0x00000000d6b80000)
  from space 5120K, 95% used [0x00000000d6c00000,0x00000000d70c7450,0x00000000d7100000)
  to   space 4608K, 0% used [0x00000000d7100000,0x00000000d7100000,0x00000000d7580000)
 ParOldGen       total 68608K, used 9867K [0x0000000080000000, 0x0000000084300000, 0x00000000d5580000)
  object space 68608K, 14% used [0x0000000080000000,0x00000000809a2f38,0x0000000084300000)
 Metaspace       used 31701K, committed 32640K, reserved 1114112K
  class space    used 3179K, committed 3584K, reserved 1048576K
}
Event: 4.594 GC heap after
{Heap after GC invocations=11 (full 1):
 PSYoungGen      total 25088K, used 2935K [0x00000000d5580000, 0x00000000d7400000, 0x0000000100000000)
  eden space 22016K, 0% used [0x00000000d5580000,0x00000000d5580000,0x00000000d6b00000)
  from space 3072K, 95% used [0x00000000d7100000,0x00000000d73ddd08,0x00000000d7400000)
  to   space 4096K, 0% used [0x00000000d6c00000,0x00000000d6c00000,0x00000000d7000000)
 ParOldGen       total 68608K, used 13363K [0x0000000080000000, 0x0000000084300000, 0x00000000d5580000)
  object space 68608K, 19% used [0x0000000080000000,0x0000000080d0ce90,0x0000000084300000)
 Metaspace       used 31701K, committed 32640K, reserved 1114112K
  class space    used 3179K, committed 3584K, reserved 1048576K
}
Event: 4.703 GC heap before
{Heap before GC invocations=12 (full 1):
 PSYoungGen      total 25088K, used 24951K [0x00000000d5580000, 0x00000000d7400000, 0x0000000100000000)
  eden space 22016K, 100% used [0x00000000d5580000,0x00000000d6b00000,0x00000000d6b00000)
  from space 3072K, 95% used [0x00000000d7100000,0x00000000d73ddd08,0x00000000d7400000)
  to   space 4096K, 0% used [0x00000000d6c00000,0x00000000d6c00000,0x00000000d7000000)
 ParOldGen       total 68608K, used 13363K [0x0000000080000000, 0x0000000084300000, 0x00000000d5580000)
  object space 68608K, 19% used [0x0000000080000000,0x0000000080d0ce90,0x0000000084300000)
 Metaspace       used 32047K, committed 32960K, reserved 1114112K
  class space    used 3235K, committed 3648K, reserved 1048576K
}
Event: 4.709 GC heap after
{Heap after GC invocations=12 (full 1):
 PSYoungGen      total 25088K, used 2609K [0x00000000d5580000, 0x00000000d7180000, 0x0000000100000000)
  eden space 22016K, 0% used [0x00000000d5580000,0x00000000d5580000,0x00000000d6b00000)
  from space 3072K, 84% used [0x00000000d6c00000,0x00000000d6e8c420,0x00000000d6f00000)
  to   space 2560K, 0% used [0x00000000d6f00000,0x00000000d6f00000,0x00000000d7180000)
 ParOldGen       total 68608K, used 16157K [0x0000000080000000, 0x0000000084300000, 0x00000000d5580000)
  object space 68608K, 23% used [0x0000000080000000,0x0000000080fc74c8,0x0000000084300000)
 Metaspace       used 32047K, committed 32960K, reserved 1114112K
  class space    used 3235K, committed 3648K, reserved 1048576K
}
Event: 4.772 GC heap before
{Heap before GC invocations=13 (full 1):
 PSYoungGen      total 25088K, used 24625K [0x00000000d5580000, 0x00000000d7180000, 0x0000000100000000)
  eden space 22016K, 100% used [0x00000000d5580000,0x00000000d6b00000,0x00000000d6b00000)
  from space 3072K, 84% used [0x00000000d6c00000,0x00000000d6e8c420,0x00000000d6f00000)
  to   space 2560K, 0% used [0x00000000d6f00000,0x00000000d6f00000,0x00000000d7180000)
 ParOldGen       total 68608K, used 16157K [0x0000000080000000, 0x0000000084300000, 0x00000000d5580000)
  object space 68608K, 23% used [0x0000000080000000,0x0000000080fc74c8,0x0000000084300000)
 Metaspace       used 32082K, committed 33024K, reserved 1114112K
  class space    used 3235K, committed 3648K, reserved 1048576K
}
Event: 4.777 GC heap after
{Heap after GC invocations=13 (full 1):
 PSYoungGen      total 23040K, used 2530K [0x00000000d5580000, 0x00000000d7600000, 0x0000000100000000)
  eden space 20480K, 0% used [0x00000000d5580000,0x00000000d5580000,0x00000000d6980000)
  from space 2560K, 98% used [0x00000000d6f00000,0x00000000d7178810,0x00000000d7180000)
  to   space 5632K, 0% used [0x00000000d6980000,0x00000000d6980000,0x00000000d6f00000)
 ParOldGen       total 68608K, used 18608K [0x0000000080000000, 0x0000000084300000, 0x00000000d5580000)
  object space 68608K, 27% used [0x0000000080000000,0x000000008122c1c0,0x0000000084300000)
 Metaspace       used 32082K, committed 33024K, reserved 1114112K
  class space    used 3235K, committed 3648K, reserved 1048576K
}
Event: 4.831 GC heap before
{Heap before GC invocations=14 (full 1):
 PSYoungGen      total 23040K, used 23010K [0x00000000d5580000, 0x00000000d7600000, 0x0000000100000000)
  eden space 20480K, 100% used [0x00000000d5580000,0x00000000d6980000,0x00000000d6980000)
  from space 2560K, 98% used [0x00000000d6f00000,0x00000000d7178810,0x00000000d7180000)
  to   space 5632K, 0% used [0x00000000d6980000,0x00000000d6980000,0x00000000d6f00000)
 ParOldGen       total 68608K, used 18608K [0x0000000080000000, 0x0000000084300000, 0x00000000d5580000)
  object space 68608K, 27% used [0x0000000080000000,0x000000008122c1c0,0x0000000084300000)
 Metaspace       used 32099K, committed 33024K, reserved 1114112K
  class space    used 3235K, committed 3648K, reserved 1048576K
}
Event: 4.837 GC heap after
{Heap after GC invocations=14 (full 1):
 PSYoungGen      total 23040K, used 2276K [0x00000000d5580000, 0x00000000d7080000, 0x0000000100000000)
  eden space 20480K, 0% used [0x00000000d5580000,0x00000000d5580000,0x00000000d6980000)
  from space 2560K, 88% used [0x00000000d6980000,0x00000000d6bb9000,0x00000000d6c00000)
  to   space 3584K, 0% used [0x00000000d6d00000,0x00000000d6d00000,0x00000000d7080000)
 ParOldGen       total 68608K, used 21062K [0x0000000080000000, 0x0000000084300000, 0x00000000d5580000)
  object space 68608K, 30% used [0x0000000080000000,0x0000000081491b80,0x0000000084300000)
 Metaspace       used 32099K, committed 33024K, reserved 1114112K
  class space    used 3235K, committed 3648K, reserved 1048576K
}
Event: 4.915 GC heap before
{Heap before GC invocations=15 (full 1):
 PSYoungGen      total 23040K, used 22756K [0x00000000d5580000, 0x00000000d7080000, 0x0000000100000000)
  eden space 20480K, 100% used [0x00000000d5580000,0x00000000d6980000,0x00000000d6980000)
  from space 2560K, 88% used [0x00000000d6980000,0x00000000d6bb9000,0x00000000d6c00000)
  to   space 3584K, 0% used [0x00000000d6d00000,0x00000000d6d00000,0x00000000d7080000)
 ParOldGen       total 68608K, used 21062K [0x0000000080000000, 0x0000000084300000, 0x00000000d5580000)
  object space 68608K, 30% used [0x0000000080000000,0x0000000081491b80,0x0000000084300000)
 Metaspace       used 32120K, committed 33024K, reserved 1114112K
  class space    used 3236K, committed 3648K, reserved 1048576K
}
Event: 4.920 GC heap after
{Heap after GC invocations=15 (full 1):
 PSYoungGen      total 23040K, used 2400K [0x00000000d5580000, 0x00000000d6f80000, 0x0000000100000000)
  eden space 20480K, 0% used [0x00000000d5580000,0x00000000d5580000,0x00000000d6980000)
  from space 2560K, 93% used [0x00000000d6d00000,0x00000000d6f58010,0x00000000d6f80000)
  to   space 2560K, 0% used [0x00000000d6980000,0x00000000d6980000,0x00000000d6c00000)
 ParOldGen       total 68608K, used 23124K [0x0000000080000000, 0x0000000084300000, 0x00000000d5580000)
  object space 68608K, 33% used [0x0000000080000000,0x00000000816951a8,0x0000000084300000)
 Metaspace       used 32120K, committed 33024K, reserved 1114112K
  class space    used 3236K, committed 3648K, reserved 1048576K
}
Event: 4.990 GC heap before
{Heap before GC invocations=16 (full 1):
 PSYoungGen      total 23040K, used 22880K [0x00000000d5580000, 0x00000000d6f80000, 0x0000000100000000)
  eden space 20480K, 100% used [0x00000000d5580000,0x00000000d6980000,0x00000000d6980000)
  from space 2560K, 93% used [0x00000000d6d00000,0x00000000d6f58010,0x00000000d6f80000)
  to   space 2560K, 0% used [0x00000000d6980000,0x00000000d6980000,0x00000000d6c00000)
 ParOldGen       total 68608K, used 23124K [0x0000000080000000, 0x0000000084300000, 0x00000000d5580000)
  object space 68608K, 33% used [0x0000000080000000,0x00000000816951a8,0x0000000084300000)
 Metaspace       used 32159K, committed 33088K, reserved 1114112K
  class space    used 3236K, committed 3648K, reserved 1048576K
}
Event: 4.995 GC heap after
{Heap after GC invocations=16 (full 1):
 PSYoungGen      total 23040K, used 2136K [0x00000000d5580000, 0x00000000d6e80000, 0x0000000100000000)
  eden space 20480K, 0% used [0x00000000d5580000,0x00000000d5580000,0x00000000d6980000)
  from space 2560K, 83% used [0x00000000d6980000,0x00000000d6b96200,0x00000000d6c00000)
  to   space 2560K, 0% used [0x00000000d6c00000,0x00000000d6c00000,0x00000000d6e80000)
 ParOldGen       total 68608K, used 25412K [0x0000000080000000, 0x0000000084300000, 0x00000000d5580000)
  object space 68608K, 37% used [0x0000000080000000,0x00000000818d11b8,0x0000000084300000)
 Metaspace       used 32159K, committed 33088K, reserved 1114112K
  class space    used 3236K, committed 3648K, reserved 1048576K
}

Dll operation events (10 events):
Event: 0.009 Loaded shared library c:\Users\User\.vscode\extensions\redhat.java-1.46.0-win32-x64\jre\21.0.8-win32-x86_64\bin\java.dll
Event: 0.120 Loaded shared library c:\Users\User\.vscode\extensions\redhat.java-1.46.0-win32-x64\jre\21.0.8-win32-x86_64\bin\zip.dll
Event: 0.151 Loaded shared library C:\Users\User\.vscode\extensions\redhat.java-1.46.0-win32-x64\jre\21.0.8-win32-x86_64\bin\instrument.dll
Event: 0.159 Loaded shared library C:\Users\User\.vscode\extensions\redhat.java-1.46.0-win32-x64\jre\21.0.8-win32-x86_64\bin\net.dll
Event: 0.161 Loaded shared library C:\Users\User\.vscode\extensions\redhat.java-1.46.0-win32-x64\jre\21.0.8-win32-x86_64\bin\nio.dll
Event: 0.165 Loaded shared library C:\Users\User\.vscode\extensions\redhat.java-1.46.0-win32-x64\jre\21.0.8-win32-x86_64\bin\zip.dll
Event: 0.185 Loaded shared library C:\Users\User\.vscode\extensions\redhat.java-1.46.0-win32-x64\jre\21.0.8-win32-x86_64\bin\jimage.dll
Event: 0.273 Loaded shared library c:\Users\User\.vscode\extensions\redhat.java-1.46.0-win32-x64\jre\21.0.8-win32-x86_64\bin\verify.dll
Event: 1.490 Loaded shared library C:\Users\User\AppData\Roaming\Code\User\globalStorage\redhat.java\1.46.0\config_ss_win\org.eclipse.equinox.launcher\org.eclipse.equinox.launcher.win32.win32.x86_64_1.2.1400.v20250801-0854\eclipse_11916.dll
Event: 2.903 Loaded shared library C:\Users\User\AppData\Local\Temp\jna-2645995\jna3491593949118145658.dll

Deoptimization events (20 events):
Event: 4.802 Thread 0x0000022a86ffa710 Uncommon trap: trap_request=0xffffff45 fr.pc=0x0000022ab184f590 relative=0x0000000000000470
Event: 4.802 Thread 0x0000022a86ffa710 Uncommon trap: reason=unstable_if action=reinterpret pc=0x0000022ab184f590 method=java.util.ArrayList.equalsRange(Ljava/util/List;II)Z @ 41 c2
Event: 4.802 Thread 0x0000022a86ffa710 DEOPT PACKING pc=0x0000022ab184f590 sp=0x000000d301cfcda0
Event: 4.802 Thread 0x0000022a86ffa710 DEOPT UNPACKING pc=0x0000022ab1116da2 sp=0x000000d301cfcd50 mode 2
Event: 4.938 Thread 0x0000022a86ffa710 Uncommon trap: trap_request=0xffffff45 fr.pc=0x0000022ab188023c relative=0x000000000000247c
Event: 4.938 Thread 0x0000022a86ffa710 Uncommon trap: reason=unstable_if action=reinterpret pc=0x0000022ab188023c method=org.eclipse.jdt.internal.core.JarPackageFragmentRoot.initRawPackageInfo(Ljava/util/Map;Ljava/lang/String;Ljava/lang/String;ZLjava/lang/String;)V @ 151 c2
Event: 4.938 Thread 0x0000022a86ffa710 DEOPT PACKING pc=0x0000022ab188023c sp=0x000000d301cfcbe0
Event: 4.938 Thread 0x0000022a86ffa710 DEOPT UNPACKING pc=0x0000022ab1116da2 sp=0x000000d301cfcba8 mode 2
Event: 5.043 Thread 0x0000022a86ffa710 Uncommon trap: trap_request=0xffffff45 fr.pc=0x0000022ab17a10d4 relative=0x00000000000010f4
Event: 5.043 Thread 0x0000022a86ffa710 Uncommon trap: reason=unstable_if action=reinterpret pc=0x0000022ab17a10d4 method=java.util.Properties$LineReader.readLine()I @ 325 c2
Event: 5.043 Thread 0x0000022a86ffa710 DEOPT PACKING pc=0x0000022ab17a10d4 sp=0x000000d301cfd500
Event: 5.043 Thread 0x0000022a86ffa710 DEOPT UNPACKING pc=0x0000022ab1116da2 sp=0x000000d301cfd498 mode 2
Event: 5.048 Thread 0x0000022a86ffa710 DEOPT PACKING pc=0x0000022aaa3f6935 sp=0x000000d301cfd2e0
Event: 5.048 Thread 0x0000022a86ffa710 DEOPT UNPACKING pc=0x0000022ab11178e2 sp=0x000000d301cfc7f0 mode 0
Event: 5.140 Thread 0x0000022a86ffa710 DEOPT PACKING pc=0x0000022aaa422606 sp=0x000000d301cfd210
Event: 5.140 Thread 0x0000022a86ffa710 DEOPT UNPACKING pc=0x0000022ab11178e2 sp=0x000000d301cfc700 mode 0
Event: 5.224 Thread 0x0000022a86ffa710 Uncommon trap: trap_request=0xffffff45 fr.pc=0x0000022ab18b14ac relative=0x0000000000000e2c
Event: 5.224 Thread 0x0000022a86ffa710 Uncommon trap: reason=unstable_if action=reinterpret pc=0x0000022ab18b14ac method=java.util.Properties$LineReader.readLine()I @ 182 c2
Event: 5.224 Thread 0x0000022a86ffa710 DEOPT PACKING pc=0x0000022ab18b14ac sp=0x000000d301cfc0b0
Event: 5.224 Thread 0x0000022a86ffa710 DEOPT UNPACKING pc=0x0000022ab1116da2 sp=0x000000d301cfc040 mode 2

Classes loaded (20 events):
Event: 4.540 Loading class java/lang/invoke/MethodHandleImpl$Makers
Event: 4.540 Loading class java/lang/invoke/MethodHandleImpl$Makers done
Event: 4.540 Loading class java/lang/invoke/MethodHandleImpl$Makers$1
Event: 4.541 Loading class java/lang/invoke/MethodHandleImpl$Makers$1 done
Event: 4.541 Loading class java/lang/invoke/MethodHandleImpl$Makers$2
Event: 4.541 Loading class java/lang/invoke/MethodHandleImpl$Makers$2 done
Event: 4.541 Loading class java/lang/invoke/MethodHandleImpl$Makers$3
Event: 4.541 Loading class java/lang/invoke/MethodHandleImpl$Makers$3 done
Event: 4.545 Loading class java/lang/runtime/ObjectMethods$1
Event: 4.545 Loading class java/lang/runtime/ObjectMethods$1 done
Event: 4.676 Loading class java/util/AbstractList$ListItr
Event: 4.677 Loading class java/util/AbstractList$ListItr done
Event: 4.686 Loading class java/nio/channels/Channels$ReadableByteChannelImpl
Event: 4.686 Loading class java/nio/channels/Channels$ReadableByteChannelImpl done
Event: 4.686 Loading class java/nio/channels/NonWritableChannelException
Event: 4.687 Loading class java/nio/channels/NonWritableChannelException done
Event: 5.097 Loading class java/lang/ExceptionInInitializerError
Event: 5.097 Loading class java/lang/ExceptionInInitializerError done
Event: 5.171 Loading class sun/misc/Unsafe
Event: 5.172 Loading class sun/misc/Unsafe done

Classes unloaded (7 events):
Event: 3.308 Thread 0x0000022abd4232f0 Unloading class 0x0000022abf18d400 'java/lang/invoke/LambdaForm$MH+0x0000022abf18d400'
Event: 3.308 Thread 0x0000022abd4232f0 Unloading class 0x0000022abf18d000 'java/lang/invoke/LambdaForm$MH+0x0000022abf18d000'
Event: 3.308 Thread 0x0000022abd4232f0 Unloading class 0x0000022abf18cc00 'java/lang/invoke/LambdaForm$MH+0x0000022abf18cc00'
Event: 3.308 Thread 0x0000022abd4232f0 Unloading class 0x0000022abf18c800 'java/lang/invoke/LambdaForm$MH+0x0000022abf18c800'
Event: 3.308 Thread 0x0000022abd4232f0 Unloading class 0x0000022abf18c400 'java/lang/invoke/LambdaForm$BMH+0x0000022abf18c400'
Event: 3.308 Thread 0x0000022abd4232f0 Unloading class 0x0000022abf18c000 'java/lang/invoke/LambdaForm$DMH+0x0000022abf18c000'
Event: 3.308 Thread 0x0000022abd4232f0 Unloading class 0x0000022abf18ac00 'java/lang/invoke/LambdaForm$DMH+0x0000022abf18ac00'

Classes redefined (0 events):
No events

Internal exceptions (20 events):
Event: 4.071 Thread 0x0000022aa6996b70 Exception <a 'java/lang/NoSuchMethodError'{0x00000000d6188fe8}: 'void java.lang.invoke.DirectMethodHandle$Holder.invokeSpecial(java.lang.Object, java.lang.Object, java.lang.Object, java.lang.Object, java.lang.Object, java.lang.Object)'> (0x00000000d6188fe8) 
thrown [s\src\hotspot\share\interpreter\linkResolver.cpp, line 773]
Event: 4.073 Thread 0x0000022aa6996b70 Exception <a 'java/lang/IncompatibleClassChangeError'{0x00000000d61913a8}: Found class java.lang.Object, but interface was expected> (0x00000000d61913a8) 
thrown [s\src\hotspot\share\interpreter\linkResolver.cpp, line 840]
Event: 4.073 Thread 0x0000022aa6996b70 Exception <a 'java/lang/IncompatibleClassChangeError'{0x00000000d6193198}: Found class java.lang.Object, but interface was expected> (0x00000000d6193198) 
thrown [s\src\hotspot\share\interpreter\linkResolver.cpp, line 840]
Event: 4.142 Thread 0x0000022aa6996b70 Exception <a 'java/lang/NoSuchMethodError'{0x00000000d6422430}: 'java.lang.Object java.lang.invoke.DirectMethodHandle$Holder.invokeStatic(java.lang.Object, int, java.lang.Object)'> (0x00000000d6422430) 
thrown [s\src\hotspot\share\interpreter\linkResolver.cpp, line 773]
Event: 4.212 Thread 0x0000022a86ffa710 Exception <a 'java/lang/NoSuchMethodError'{0x00000000d68ea390}: 'java.lang.Object java.lang.invoke.DirectMethodHandle$Holder.invokeInterface(java.lang.Object, java.lang.Object, java.lang.Object)'> (0x00000000d68ea390) 
thrown [s\src\hotspot\share\interpreter\linkResolver.cpp, line 773]
Event: 4.236 Thread 0x0000022a86ffa710 Exception <a 'java/io/FileNotFoundException'{0x00000000d6aa8048}> (0x00000000d6aa8048) 
thrown [s\src\hotspot\share\prims\jni.cpp, line 520]
Event: 4.281 Thread 0x0000022a86ffa710 Exception <a 'sun/nio/fs/WindowsException'{0x00000000d59fe218}> (0x00000000d59fe218) 
thrown [s\src\hotspot\share\prims\jni.cpp, line 520]
Event: 4.330 Thread 0x0000022a86ffa710 Exception <a 'java/lang/IncompatibleClassChangeError'{0x00000000d5cc6fc0}: Found class java.lang.Object, but interface was expected> (0x00000000d5cc6fc0) 
thrown [s\src\hotspot\share\interpreter\linkResolver.cpp, line 840]
Event: 4.435 Thread 0x0000022a86ffa710 Implicit null exception at 0x0000022ab17d6077 to 0x0000022ab17d62e8
Event: 4.435 Thread 0x0000022a86ffa710 Exception <a 'java/lang/NoSuchMethodError'{0x00000000d6102168}: 'long java.lang.invoke.DirectMethodHandle$Holder.invokeStatic(java.lang.Object, java.lang.Object, int)'> (0x00000000d6102168) 
thrown [s\src\hotspot\share\interpreter\linkResolver.cpp, line 773]
Event: 4.437 Thread 0x0000022a86ffa710 Exception <a 'java/lang/NoSuchMethodError'{0x00000000d610c768}: 'java.lang.Object java.lang.invoke.DelegatingMethodHandle$Holder.reinvoke_L(java.lang.Object, int, long, java.lang.Object, java.lang.Object, int, java.lang.Object)'> (0x00000000d610c768) 
thrown [s\src\hotspot\share\interpreter\linkResolver.cpp, line 773]
Event: 4.535 Thread 0x0000022a86ffa710 Exception <a 'java/lang/NoSuchMethodError'{0x00000000d669cc30}: 'java.lang.Object java.lang.invoke.DirectMethodHandle$Holder.invokeStaticInit(java.lang.Object, java.lang.Object, java.lang.Object, java.lang.Object, java.lang.Object, java.lang.Object, java.lang.Object)'> (0x00000000d669cc30) 
thrown [s\src\hotspot\share\interpreter\linkResolver.cpp, line 773]
Event: 4.538 Thread 0x0000022a86ffa710 Exception <a 'java/lang/NoSuchMethodError'{0x00000000d66a1bd8}: 'java.lang.Object java.lang.invoke.Invokers$Holder.invoke_MT(java.lang.Object, java.lang.Object, java.lang.Object, java.lang.Object, java.lang.Object, java.lang.Object, java.lang.Object, java.lang.Object, java.lang.Object, java.lang.Object)'> (0x00000000d66a1bd8) 
thrown [s\src\hotspot\share\interpreter\linkResolver.cpp, line 773]
Event: 4.545 Thread 0x0000022a86ffa710 Exception <a 'java/lang/NoSuchMethodError'{0x00000000d66e1f50}: 'int java.lang.invoke.DirectMethodHandle$Holder.invokeVirtual(java.lang.Object, java.lang.Object, java.lang.Object)'> (0x00000000d66e1f50) 
thrown [s\src\hotspot\share\interpreter\linkResolver.cpp, line 773]
Event: 4.546 Thread 0x0000022a86ffa710 Exception <a 'java/lang/NoSuchMethodError'{0x00000000d66e66e8}: 'int java.lang.invoke.DirectMethodHandle$Holder.invokeStaticInit(java.lang.Object, int, int)'> (0x00000000d66e66e8) 
thrown [s\src\hotspot\share\interpreter\linkResolver.cpp, line 773]
Event: 4.547 Thread 0x0000022a86ffa710 Exception <a 'java/lang/NoSuchMethodError'{0x00000000d66ede90}: 'int java.lang.invoke.DirectMethodHandle$Holder.invokeStaticInit(java.lang.Object, long, long)'> (0x00000000d66ede90) 
thrown [s\src\hotspot\share\interpreter\linkResolver.cpp, line 773]
Event: 4.548 Thread 0x0000022a86ffa710 Exception <a 'java/lang/NoSuchMethodError'{0x00000000d66f4bd8}: 'int java.lang.invoke.DirectMethodHandle$Holder.invokeStaticInit(java.lang.Object, float, float)'> (0x00000000d66f4bd8) 
thrown [s\src\hotspot\share\interpreter\linkResolver.cpp, line 773]
Event: 4.548 Thread 0x0000022a86ffa710 Exception <a 'java/lang/NoSuchMethodError'{0x00000000d66fbb58}: 'int java.lang.invoke.DirectMethodHandle$Holder.invokeStaticInit(java.lang.Object, double, double)'> (0x00000000d66fbb58) 
thrown [s\src\hotspot\share\interpreter\linkResolver.cpp, line 773]
Event: 4.549 Thread 0x0000022a86ffa710 Exception <a 'java/lang/NoSuchMethodError'{0x00000000d6700370}: 'int java.lang.invoke.DirectMethodHandle$Holder.invokeStatic(java.lang.Object, long)'> (0x00000000d6700370) 
thrown [s\src\hotspot\share\interpreter\linkResolver.cpp, line 773]
Event: 4.551 Thread 0x0000022a86ffa710 Exception <a 'java/lang/NoSuchMethodError'{0x00000000d671f310}: 'int java.lang.invoke.Invokers$Holder.linkToTargetMethod(java.lang.Object, java.lang.Object)'> (0x00000000d671f310) 
thrown [s\src\hotspot\share\interpreter\linkResolver.cpp, line 773]

ZGC Phase Switch (0 events):
No events

VM Operations (20 events):
Event: 4.424 Executing VM operation: HandshakeAllThreads (Deoptimize)
Event: 4.424 Executing VM operation: HandshakeAllThreads (Deoptimize) done
Event: 4.454 Executing VM operation: HandshakeAllThreads (Deoptimize)
Event: 4.455 Executing VM operation: HandshakeAllThreads (Deoptimize) done
Event: 4.455 Executing VM operation: HandshakeAllThreads (Deoptimize)
Event: 4.456 Executing VM operation: HandshakeAllThreads (Deoptimize) done
Event: 4.590 Executing VM operation: ParallelGCFailedAllocation (Allocation Failure)
Event: 4.594 Executing VM operation: ParallelGCFailedAllocation (Allocation Failure) done
Event: 4.703 Executing VM operation: ParallelGCFailedAllocation (Allocation Failure)
Event: 4.709 Executing VM operation: ParallelGCFailedAllocation (Allocation Failure) done
Event: 4.772 Executing VM operation: ParallelGCFailedAllocation (Allocation Failure)
Event: 4.777 Executing VM operation: ParallelGCFailedAllocation (Allocation Failure) done
Event: 4.831 Executing VM operation: ParallelGCFailedAllocation (Allocation Failure)
Event: 4.837 Executing VM operation: ParallelGCFailedAllocation (Allocation Failure) done
Event: 4.915 Executing VM operation: ParallelGCFailedAllocation (Allocation Failure)
Event: 4.920 Executing VM operation: ParallelGCFailedAllocation (Allocation Failure) done
Event: 4.990 Executing VM operation: ParallelGCFailedAllocation (Allocation Failure)
Event: 4.995 Executing VM operation: ParallelGCFailedAllocation (Allocation Failure) done
Event: 5.196 Executing VM operation: HandshakeAllThreads (Deoptimize)
Event: 5.196 Executing VM operation: HandshakeAllThreads (Deoptimize) done

Memory protections (0 events):
No events

Nmethod flushes (0 events):
No events

Events (20 events):
Event: 3.661 Thread 0x0000022a87107220 Thread exited: 0x0000022a87107220
Event: 3.879 Thread 0x0000022aa6996b70 Thread added: 0x0000022a871092f0
Event: 3.879 Thread 0x0000022aa6996b70 Thread added: 0x0000022a87108c60
Event: 3.879 Thread 0x0000022aa6996b70 Thread added: 0x0000022a87106500
Event: 3.880 Thread 0x0000022aa6996b70 Thread added: 0x0000022a87107220
Event: 3.880 Thread 0x0000022aa6996b70 Thread added: 0x0000022a87109980
Event: 3.880 Thread 0x0000022aa6996b70 Thread added: 0x0000022a87106b90
Event: 3.880 Thread 0x0000022aa6996b70 Thread added: 0x0000022a871078b0
Event: 3.880 Thread 0x0000022aa6996b70 Thread added: 0x0000022a87107f40
Event: 3.880 Thread 0x0000022aa6996b70 Thread added: 0x0000022a871085d0
Event: 3.880 Thread 0x0000022aa6996b70 Thread added: 0x0000022a86ffce70
Event: 3.880 Thread 0x0000022aa6996b70 Thread added: 0x0000022a86ffe220
Event: 3.880 Thread 0x0000022aa6996b70 Thread added: 0x0000022a86ffc7e0
Event: 3.880 Thread 0x0000022aa6996b70 Thread added: 0x0000022a86ffd500
Event: 3.902 Thread 0x0000022aa6996b70 Thread added: 0x0000022a86ff99f0
Event: 4.027 Thread 0x0000022a85af9020 Thread added: 0x0000022a86ffdb90
Event: 4.099 Thread 0x0000022aa6996b70 Thread added: 0x0000022a86ffc150
Event: 4.099 Thread 0x0000022aa6996b70 Thread added: 0x0000022a86ffa710
Event: 4.464 Thread 0x0000022a862849c0 Thread exited: 0x0000022a862849c0
Event: 4.637 Thread 0x0000022a80459560 Thread added: 0x0000022a8709ab30


Dynamic libraries:
0x00007ff64be70000 - 0x00007ff64be7e000 	c:\Users\User\.vscode\extensions\redhat.java-1.46.0-win32-x64\jre\21.0.8-win32-x86_64\bin\java.exe
0x00007fff293f0000 - 0x00007fff295e8000 	C:\Windows\SYSTEM32\ntdll.dll
0x00007fff29030000 - 0x00007fff290f2000 	C:\Windows\System32\KERNEL32.DLL
0x00007fff26d90000 - 0x00007fff27086000 	C:\Windows\System32\KERNELBASE.dll
0x00007fff26a80000 - 0x00007fff26b80000 	C:\Windows\System32\ucrtbase.dll
0x00007ffecaa60000 - 0x00007ffecaa7e000 	c:\Users\User\.vscode\extensions\redhat.java-1.46.0-win32-x64\jre\21.0.8-win32-x86_64\bin\VCRUNTIME140.dll
0x00007ffecaa80000 - 0x00007ffecaa98000 	c:\Users\User\.vscode\extensions\redhat.java-1.46.0-win32-x64\jre\21.0.8-win32-x86_64\bin\jli.dll
0x00007fff27410000 - 0x00007fff275b1000 	C:\Windows\System32\USER32.dll
0x00007fff11d00000 - 0x00007fff11f9b000 	C:\Windows\WinSxS\amd64_microsoft.windows.common-controls_6595b64144ccf1df_6.0.19041.6456_none_60b8a6cb71f64256\COMCTL32.dll
0x00007fff27090000 - 0x00007fff270b2000 	C:\Windows\System32\win32u.dll
0x00007fff29240000 - 0x00007fff2926b000 	C:\Windows\System32\GDI32.dll
0x00007fff275c0000 - 0x00007fff2765e000 	C:\Windows\System32\msvcrt.dll
0x00007fff27270000 - 0x00007fff27389000 	C:\Windows\System32\gdi32full.dll
0x00007fff26c10000 - 0x00007fff26cad000 	C:\Windows\System32\msvcp_win.dll
0x00007fff279c0000 - 0x00007fff279ef000 	C:\Windows\System32\IMM32.DLL
0x00007ffeeb360000 - 0x00007ffeeb36c000 	c:\Users\User\.vscode\extensions\redhat.java-1.46.0-win32-x64\jre\21.0.8-win32-x86_64\bin\vcruntime140_1.dll
0x00007ffeca790000 - 0x00007ffeca81d000 	c:\Users\User\.vscode\extensions\redhat.java-1.46.0-win32-x64\jre\21.0.8-win32-x86_64\bin\msvcp140.dll
0x00007ffec9090000 - 0x00007ffec9e27000 	c:\Users\User\.vscode\extensions\redhat.java-1.46.0-win32-x64\jre\21.0.8-win32-x86_64\bin\server\jvm.dll
0x00007fff27ef0000 - 0x00007fff27fa1000 	C:\Windows\System32\ADVAPI32.dll
0x00007fff281b0000 - 0x00007fff2824f000 	C:\Windows\System32\sechost.dll
0x00007fff28db0000 - 0x00007fff28ed0000 	C:\Windows\System32\RPCRT4.dll
0x00007fff26cb0000 - 0x00007fff26cd7000 	C:\Windows\System32\bcrypt.dll
0x00007fff28480000 - 0x00007fff284eb000 	C:\Windows\System32\WS2_32.dll
0x00007fff26490000 - 0x00007fff264db000 	C:\Windows\SYSTEM32\POWRPROF.dll
0x00007fff1c520000 - 0x00007fff1c547000 	C:\Windows\SYSTEM32\WINMM.dll
0x00007fff1f940000 - 0x00007fff1f94a000 	C:\Windows\SYSTEM32\VERSION.dll
0x00007fff26470000 - 0x00007fff26482000 	C:\Windows\SYSTEM32\UMPDC.dll
0x00007fff25280000 - 0x00007fff25292000 	C:\Windows\SYSTEM32\kernel.appcore.dll
0x00007ffed9ea0000 - 0x00007ffed9eaa000 	c:\Users\User\.vscode\extensions\redhat.java-1.46.0-win32-x64\jre\21.0.8-win32-x86_64\bin\jimage.dll
0x00007fff24650000 - 0x00007fff24851000 	C:\Windows\SYSTEM32\DBGHELP.DLL
0x00007fff06d80000 - 0x00007fff06db4000 	C:\Windows\SYSTEM32\dbgcore.DLL
0x00007fff26b80000 - 0x00007fff26c02000 	C:\Windows\System32\bcryptPrimitives.dll
0x00007fff11570000 - 0x00007fff1157f000 	c:\Users\User\.vscode\extensions\redhat.java-1.46.0-win32-x64\jre\21.0.8-win32-x86_64\bin\instrument.dll
0x00007ffecaa40000 - 0x00007ffecaa5f000 	c:\Users\User\.vscode\extensions\redhat.java-1.46.0-win32-x64\jre\21.0.8-win32-x86_64\bin\java.dll
0x00007fff28500000 - 0x00007fff28c70000 	C:\Windows\System32\SHELL32.dll
0x00007fff24a90000 - 0x00007fff25235000 	C:\Windows\SYSTEM32\windows.storage.dll
0x00007fff27660000 - 0x00007fff279b4000 	C:\Windows\System32\combase.dll
0x00007fff26360000 - 0x00007fff2638b000 	C:\Windows\SYSTEM32\Wldp.dll
0x00007fff29270000 - 0x00007fff2933d000 	C:\Windows\System32\OLEAUT32.dll
0x00007fff28ed0000 - 0x00007fff28f7d000 	C:\Windows\System32\SHCORE.dll
0x00007fff28d50000 - 0x00007fff28dab000 	C:\Windows\System32\shlwapi.dll
0x00007fff269b0000 - 0x00007fff269d4000 	C:\Windows\SYSTEM32\profapi.dll
0x00007ffecaa20000 - 0x00007ffecaa38000 	c:\Users\User\.vscode\extensions\redhat.java-1.46.0-win32-x64\jre\21.0.8-win32-x86_64\bin\zip.dll
0x00007ffed32a0000 - 0x00007ffed32b0000 	C:\Users\User\.vscode\extensions\redhat.java-1.46.0-win32-x64\jre\21.0.8-win32-x86_64\bin\net.dll
0x00007fff1d930000 - 0x00007fff1da3a000 	C:\Windows\SYSTEM32\WINHTTP.dll
0x00007fff26140000 - 0x00007fff261aa000 	C:\Windows\system32\mswsock.dll
0x00007ffecaa00000 - 0x00007ffecaa16000 	C:\Users\User\.vscode\extensions\redhat.java-1.46.0-win32-x64\jre\21.0.8-win32-x86_64\bin\nio.dll
0x00007fff09990000 - 0x00007fff099a0000 	c:\Users\User\.vscode\extensions\redhat.java-1.46.0-win32-x64\jre\21.0.8-win32-x86_64\bin\verify.dll
0x00007ffef5920000 - 0x00007ffef5964000 	C:\Users\User\AppData\Roaming\Code\User\globalStorage\redhat.java\1.46.0\config_ss_win\org.eclipse.equinox.launcher\org.eclipse.equinox.launcher.win32.win32.x86_64_1.2.1400.v20250801-0854\eclipse_11916.dll
0x00007fff29110000 - 0x00007fff2923b000 	C:\Windows\System32\ole32.dll
0x00007fff263a0000 - 0x00007fff263b8000 	C:\Windows\SYSTEM32\CRYPTSP.dll
0x00007fff25a10000 - 0x00007fff25a48000 	C:\Windows\system32\rsaenh.dll
0x00007fff26970000 - 0x00007fff2699e000 	C:\Windows\SYSTEM32\USERENV.dll
0x00007fff262d0000 - 0x00007fff262dc000 	C:\Windows\SYSTEM32\CRYPTBASE.dll
0x00007fff25dd0000 - 0x00007fff25e0b000 	C:\Windows\SYSTEM32\IPHLPAPI.DLL
0x00007fff29100000 - 0x00007fff29108000 	C:\Windows\System32\NSI.dll
0x00007ffef53a0000 - 0x00007ffef53e9000 	C:\Users\User\AppData\Local\Temp\jna-2645995\jna3491593949118145658.dll
0x00007fff29340000 - 0x00007fff29348000 	C:\Windows\System32\PSAPI.DLL
0x00007fff1ecc0000 - 0x00007fff1ecd7000 	C:\Windows\SYSTEM32\dhcpcsvc6.DLL
0x00007fff1ebd0000 - 0x00007fff1ebed000 	C:\Windows\SYSTEM32\dhcpcsvc.DLL

JVMTI agents:
c:\Users\User\.vscode\extensions\redhat.java-1.46.0-win32-x64\lombok\lombok-1.18.39-4050.jar path:c:\Users\User\.vscode\extensions\redhat.java-1.46.0-win32-x64\jre\21.0.8-win32-x86_64\bin\instrument.dll, loaded, initialized, instrumentlib options:none

dbghelp: loaded successfully - version: 4.0.5 - missing functions: none
symbol engine: initialized successfully - sym options: 0x614 - pdb path: .;c:\Users\User\.vscode\extensions\redhat.java-1.46.0-win32-x64\jre\21.0.8-win32-x86_64\bin;C:\Windows\SYSTEM32;C:\Windows\WinSxS\amd64_microsoft.windows.common-controls_6595b64144ccf1df_6.0.19041.6456_none_60b8a6cb71f64256;c:\Users\User\.vscode\extensions\redhat.java-1.46.0-win32-x64\jre\21.0.8-win32-x86_64\bin\server;C:\Users\User\AppData\Roaming\Code\User\globalStorage\redhat.java\1.46.0\config_ss_win\org.eclipse.equinox.launcher\org.eclipse.equinox.launcher.win32.win32.x86_64_1.2.1400.v20250801-0854;C:\Users\User\AppData\Local\Temp\jna-2645995

VM Arguments:
jvm_args: --add-modules=ALL-SYSTEM --add-opens=java.base/java.util=ALL-UNNAMED --add-opens=java.base/java.lang=ALL-UNNAMED --add-opens=java.base/sun.nio.fs=ALL-UNNAMED -Declipse.application=org.eclipse.jdt.ls.core.id1 -Dosgi.bundles.defaultStartLevel=4 -Declipse.product=org.eclipse.jdt.ls.core.product -Djava.import.generatesMetadataFilesAtProjectRoot=false -DDetectVMInstallationsJob.disabled=true -Dfile.encoding=utf8 -XX:+UseParallelGC -XX:GCTimeRatio=4 -XX:AdaptiveSizePolicyWeight=90 -Dsun.zip.disableMemoryMapping=true -Xmx2G -Xms100m -Xlog:disable -javaagent:c:\Users\User\.vscode\extensions\redhat.java-1.46.0-win32-x64\lombok\lombok-1.18.39-4050.jar 
java_command: c:\Users\User\.vscode\extensions\redhat.java-1.46.0-win32-x64\server\plugins\org.eclipse.equinox.launcher_1.7.0.v20250519-0528.jar -configuration c:\Users\User\AppData\Roaming\Code\User\globalStorage\redhat.java\1.46.0\config_ss_win -data c:\Users\User\AppData\Roaming\Code\User\workspaceStorage\994dc2dbd39825c9f9d6f9316d77b234\redhat.java\ss_ws --pipe=\\.\pipe\lsp-4b16ee1b3ec5461596d78cd52a3aaf91-sock
java_class_path (initial): c:\Users\User\.vscode\extensions\redhat.java-1.46.0-win32-x64\server\plugins\org.eclipse.equinox.launcher_1.7.0.v20250519-0528.jar
Launcher Type: SUN_STANDARD

[Global flags]
    uintx AdaptiveSizePolicyWeight                 = 90                                        {product} {command line}
     intx CICompilerCount                          = 4                                         {product} {ergonomic}
    uintx GCTimeRatio                              = 4                                         {product} {command line}
   size_t InitialHeapSize                          = 104857600                                 {product} {command line}
   size_t MaxHeapSize                              = 2147483648                                {product} {command line}
   size_t MaxNewSize                               = 715653120                                 {product} {ergonomic}
   size_t MinHeapDeltaBytes                        = 524288                                    {product} {ergonomic}
   size_t MinHeapSize                              = 104857600                                 {product} {command line}
   size_t NewSize                                  = 34603008                                  {product} {ergonomic}
    uintx NonNMethodCodeHeapSize                   = 5839372                                {pd product} {ergonomic}
    uintx NonProfiledCodeHeapSize                  = 122909434                              {pd product} {ergonomic}
   size_t OldSize                                  = 70254592                                  {product} {ergonomic}
    uintx ProfiledCodeHeapSize                     = 122909434                              {pd product} {ergonomic}
    uintx ReservedCodeCacheSize                    = 251658240                              {pd product} {ergonomic}
     bool SegmentedCodeCache                       = true                                      {product} {ergonomic}
   size_t SoftMaxHeapSize                          = 2147483648                             {manageable} {ergonomic}
     bool UseCompressedOops                        = true                           {product lp64_product} {ergonomic}
     bool UseLargePagesIndividualAllocation        = false                                  {pd product} {ergonomic}
     bool UseParallelGC                            = true                                      {product} {command line}

Logging:
Log output configuration:
 #0: stdout all=off uptime,level,tags foldmultilines=false
 #1: stderr all=off uptime,level,tags foldmultilines=false

Environment Variables:
JAVA_HOME=C:\Program Files\Android\Android Studio\jbr
PATH=C:\Program Files\Common Files\Oracle\Java\javapath;C:\Python311\Scripts\;C:\Python311\;C:\Program Files (x86)\Common Files\Oracle\Java\javapath;C:\app\User\product\21c\dbhomeXE\bin;C:\Program Files\Java\jdk-17\bin;C:\Windows\system32;C:\Windows;C:\Windows\System32\Wbem;C:\Windows\System32\WindowsPowerShell\v1.0\;C:\Windows\System32\OpenSSH\;C:\Program Files (x86)\NVIDIA Corporation\PhysX\Common;C:\Program Files\NVIDIA Corporation\NVIDIA NvDLISR;C:\src\flutter\bin;C:\Program Files\Microsoft SQL Server\150\Tools\Binn\;C:\Program Files\Microsoft SQL Server\Client SDK\ODBC\170\Tools\Binn\;C:\Program Files\dotnet\;C:\Git\cmd;C:\Program Files\MongoDB\Server\6.0\bin;C:\Users\User\Desktop\mongosh-1.8.0-win32-x64\bin;C:\Python311\Scripts\;C:\Program Files\apache-maven\apache-maven-3.9.5\bin;C:\ProgramData\anaconda3;C:\Program Files\PowerShell\7;C:\ProgramData\anaconda3\Scripts;C:\ProgramData\Anaconda3\Library\bin;D:\openssl\bin;D:\Apache24\bin;C:\spring-3.1.5\bin;C:\Program Files\Docker\Docker\resources\bin;C:\Users\User\AppData\Roaming\nvm;C:\Users\User\AppData\Roaming\nvm\v18.20.4;C:\Program Files\Java\jdk-17\bin;C:\Program Files\Tesseract-OCR;C:\Users\User\AppData\Roaming\nvm;%NVM_SYMLINK%;C:\Users\User\AppData\Local\Programs\Microsoft VS Code;C:\Users\User\AppData\Roaming\Python\Python311\Scripts;C:\chromedriver-win64;C:\Program Files\PowerShell\7-preview\preview;C:\Program Files\TortoiseGit\bin;C:\Program Files\PowerShell\7\;C:\Program Files\CMake\bin;C:\src\flutter\bin;C:\src\flutter\bin;C:\Program Files\PowerShell\7;C:\Program Files\Common Files\Oracle\Java\javapath;C:\Python311\Scripts\;C:\Python311\;C:\Program Files (x86)\Common Files\Oracle\Java\javapath;C:\app\User\product\21c\dbhomeXE\bin;C:\Program Files\Java\jdk-17\bin;C:\Windows\system32;C:\Windows;C:\Windows\System32\Wbem;C:\Windows\System32\WindowsPowerShell\v1.0\;C:\Windows\System32\OpenSSH\;C:\Program Files (x86)\NVIDIA Corporation\PhysX\Common;C:\Program Files\NVIDIA Corporation\NVIDIA NvDLISR;C:\src\flutter\bin;C:\Program Files\Microsoft SQL Server\150\Tools\Binn\;C:\Program Files\Microsoft SQL Server\Client SDK\ODBC\170\Tools\Binn\;C:\Program Files\dotnet\;C:\Git\cmd;C:\Program Files\MongoDB\Server\6.0\bin;C:\Users\User\Desktop\mongosh-1.8.0-win32-x64\bin;C:\Python311\Scripts\;C:\Program Files\apache-maven\apache-maven-3.9.5\bin;C:\ProgramData\anaconda3;C:\Program Files\PowerShell\7;C:\ProgramData\anaconda3\Scripts;C:\ProgramData\Anaconda3\Library\bin;D:\openssl\bin;D:\Apache24\bin;C:\spri
USERNAME=User
OS=Windows_NT
PROCESSOR_IDENTIFIER=Intel64 Family 6 Model 141 Stepping 1, GenuineIntel
TMP=C:\Users\User\AppData\Local\Temp
TEMP=C:\Users\User\AppData\Local\Temp




Periodic native trim disabled

---------------  S Y S T E M  ---------------

OS:
 Windows 10 , 64 bit Build 19041 (10.0.19041.5915)
OS uptime: 0 days 13:38 hours
Hyper-V role detected

CPU: total 12 (initial active 12) (6 cores per cpu, 2 threads per core) family 6 model 141 stepping 1 microcode 0x26, cx8, cmov, fxsr, ht, mmx, 3dnowpref, sse, sse2, sse3, ssse3, sse4.1, sse4.2, popcnt, lzcnt, tsc, tscinvbit, avx, avx2, aes, erms, clmul, bmi1, bmi2, adx, avx512f, avx512dq, avx512cd, avx512bw, avx512vl, sha, fma, vzeroupper, avx512_vpopcntdq, avx512_vpclmulqdq, avx512_vaes, avx512_vnni, clflush, clflushopt, clwb, avx512_vbmi2, avx512_vbmi, hv, rdtscp, rdpid, fsrm, gfni, avx512_bitalg, f16c, cet_ibt, cet_ss, avx512_ifma
Processor Information for processor 0
  Max Mhz: 2688, Current Mhz: 896, Mhz Limit: 2688
Processor Information for processor 1
  Max Mhz: 2688, Current Mhz: 2688, Mhz Limit: 2688
Processor Information for processor 2
  Max Mhz: 2688, Current Mhz: 2688, Mhz Limit: 2688
Processor Information for processor 3
  Max Mhz: 2688, Current Mhz: 2688, Mhz Limit: 2688
Processor Information for processor 4
  Max Mhz: 2688, Current Mhz: 2688, Mhz Limit: 2688
Processor Information for processor 5
  Max Mhz: 2688, Current Mhz: 2688, Mhz Limit: 2688
Processor Information for processor 6
  Max Mhz: 2688, Current Mhz: 2688, Mhz Limit: 2688
Processor Information for processor 7
  Max Mhz: 2688, Current Mhz: 2688, Mhz Limit: 2688
Processor Information for processor 8
  Max Mhz: 2688, Current Mhz: 2688, Mhz Limit: 2688
Processor Information for processor 9
  Max Mhz: 2688, Current Mhz: 2688, Mhz Limit: 2688
Processor Information for processor 10
  Max Mhz: 2688, Current Mhz: 2688, Mhz Limit: 2688
Processor Information for processor 11
  Max Mhz: 2688, Current Mhz: 2688, Mhz Limit: 2688

Memory: 4k page, system-wide physical 7893M (771M free)
TotalPageFile size 17255M (AvailPageFile size 0M)
current process WorkingSet (physical memory assigned to process): 189M, peak: 192M
current process commit charge ("private bytes"): 312M, peak: 319M

vm_info: OpenJDK 64-Bit Server VM (21.0.8+9-LTS) for windows-amd64 JRE (21.0.8+9-LTS), built on 2025-07-15T00:00:00Z by "admin" with MS VC++ 17.7 (VS2022)

END.
