#
# There is insufficient memory for the Java Runtime Environment to continue.
# Native memory allocation (mmap) failed to map 65536 bytes for Failed to commit metaspace.
# Possible reasons:
#   The system is out of physical RAM or swap space
#   The process is running with CompressedOops enabled, and the Java Heap may be blocking the growth of the native heap
# Possible solutions:
#   Reduce memory load on the system
#   Increase physical memory or swap space
#   Check if swap backing store is full
#   Decrease Java heap size (-Xmx/-Xms)
#   Decrease number of Java threads
#   Decrease Java thread stack sizes (-Xss)
#   Set larger code cache with -XX:ReservedCodeCacheSize=
#   JVM is running with Unscaled Compressed Oops mode in which the Java heap is
#     placed in the first 4GB address space. The Java Heap base address is the
#     maximum limit for the native heap growth. Please use -XX:HeapBaseMinAddress
#     to set the Java Heap base and to place the Java Heap above 4GB virtual address.
# This output file may be truncated or incomplete.
#
#  Out of Memory Error (virtualSpaceNode.cpp:110), pid=12548, tid=4520
#
# JRE version: Java(TM) SE Runtime Environment (17.0.10+11) (build 17.0.10+11-LTS-240)
# Java VM: Java HotSpot(TM) 64-Bit Server VM (17.0.10+11-LTS-240, mixed mode, emulated-client, sharing, tiered, compressed oops, compressed class ptrs, g1 gc, windows-amd64)
# No core dump will be written. Minidumps are not enabled by default on client versions of Windows
#

---------------  S U M M A R Y ------------

Command Line: -XX:TieredStopAtLevel=1 com.vonoy.pdf_pipeline.PdfPipelineApplication

Host: 11th Gen Intel(R) Core(TM) i5-11400H @ 2.70GHz, 12 cores, 7G,  Windows 10 , 64 bit Build 19041 (10.0.19041.5915)
Time: Wed Oct 29 12:45:59 2025 GMT elapsed time: 3.972329 seconds (0d 0h 0m 3s)

---------------  T H R E A D  ---------------

Current thread (0x00000182f77a26d0):  JavaThread "main" [_thread_in_vm, id=4520, stack(0x0000005a18700000,0x0000005a18800000)]

Stack: [0x0000005a18700000,0x0000005a18800000]
Native frames: (J=compiled Java code, j=interpreted, Vv=VM code, C=native code)
V  [jvm.dll+0x677a5a]
V  [jvm.dll+0x7d8b2d]
V  [jvm.dll+0x7da48e]
V  [jvm.dll+0x7daaf3]
V  [jvm.dll+0x2455ff]
V  [jvm.dll+0x7d483b]
V  [jvm.dll+0x61dc06]
V  [jvm.dll+0x61dc6a]
V  [jvm.dll+0x62049d]
V  [jvm.dll+0x61e5c6]
V  [jvm.dll+0x242fcc]
V  [jvm.dll+0x6ce48d]
V  [jvm.dll+0x6cee8f]
V  [jvm.dll+0x36e7e5]
V  [jvm.dll+0x36d894]
V  [jvm.dll+0x36d838]
V  [jvm.dll+0x37d64a]
C  0x0000018280019aed

Java frames: (J=compiled Java code, j=interpreted, Vv=VM code)
j  sun.security.ssl.SSLSocketFactoryImpl.createSocket()Ljava/net/Socket;+0 java.base@17.0.10
j  javax.net.ssl.SSLContextSpi.getDefaultSocket()Ljavax/net/ssl/SSLSocket;+6 java.base@17.0.10
j  javax.net.ssl.SSLContextSpi.engineGetDefaultSSLParameters()Ljavax/net/ssl/SSLParameters;+1 java.base@17.0.10
j  javax.net.ssl.SSLContext.getDefaultSSLParameters()Ljavax/net/ssl/SSLParameters;+4 java.base@17.0.10
j  jdk.internal.net.http.HttpClientImpl.getDefaultParams(Ljavax/net/ssl/SSLContext;)Ljavax/net/ssl/SSLParameters;+1 java.net.http@17.0.10
j  jdk.internal.net.http.HttpClientImpl.<init>(Ljdk/internal/net/http/HttpClientBuilderImpl;Ljdk/internal/net/http/HttpClientImpl$SingleFacadeFactory;)V+418 java.net.http@17.0.10
j  jdk.internal.net.http.HttpClientImpl.create(Ljdk/internal/net/http/HttpClientBuilderImpl;)Ljdk/internal/net/http/HttpClientFacade;+14 java.net.http@17.0.10
j  jdk.internal.net.http.HttpClientBuilderImpl.build()Ljava/net/http/HttpClient;+1 java.net.http@17.0.10
j  org.springframework.boot.http.client.JdkHttpClientBuilder.build(Lorg/springframework/boot/http/client/HttpClientSettings;)Ljava/net/http/HttpClient;+193
j  org.springframework.boot.http.client.JdkClientHttpRequestFactoryBuilder.createClientHttpRequestFactory(Lorg/springframework/boot/http/client/ClientHttpRequestFactorySettings;)Lorg/springframework/http/client/JdkClientHttpRequestFactory;+13
j  org.springframework.boot.http.client.JdkClientHttpRequestFactoryBuilder.createClientHttpRequestFactory(Lorg/springframework/boot/http/client/ClientHttpRequestFactorySettings;)Lorg/springframework/http/client/ClientHttpRequestFactory;+2
j  org.springframework.boot.http.client.AbstractClientHttpRequestFactoryBuilder.build(Lorg/springframework/boot/http/client/ClientHttpRequestFactorySettings;)Lorg/springframework/http/client/ClientHttpRequestFactory;+12
j  org.springframework.boot.web.client.RestTemplateBuilder.buildRequestFactory()Lorg/springframework/http/client/ClientHttpRequestFactory;+14
j  org.springframework.boot.web.client.RestTemplateBuilder.configure(Lorg/springframework/web/client/RestTemplate;)Lorg/springframework/web/client/RestTemplate;+1
j  org.springframework.boot.web.client.RestTemplateBuilder.build()Lorg/springframework/web/client/RestTemplate;+8
j  com.vonoy.pdf_pipeline.transport.HttpRestClient.<init>(Lorg/springframework/boot/web/client/RestTemplateBuilder;)V+6
v  ~StubRoutines::call_stub
J 1738  jdk.internal.reflect.NativeConstructorAccessorImpl.newInstance0(Ljava/lang/reflect/Constructor;[Ljava/lang/Object;)Ljava/lang/Object; java.base@17.0.10 (0 bytes) @ 0x000001828053c40e [0x000001828053c3a0+0x000000000000006e]
J 1737 c1 jdk.internal.reflect.NativeConstructorAccessorImpl.newInstance([Ljava/lang/Object;)Ljava/lang/Object; java.base@17.0.10 (122 bytes) @ 0x000001828053db04 [0x000001828053d8a0+0x0000000000000264]
J 1736 c1 jdk.internal.reflect.DelegatingConstructorAccessorImpl.newInstance([Ljava/lang/Object;)Ljava/lang/Object; java.base@17.0.10 (9 bytes) @ 0x000001828053c8e4 [0x000001828053c8a0+0x0000000000000044]
J 1735 c1 java.lang.reflect.Constructor.newInstanceWithCaller([Ljava/lang/Object;ZLjava/lang/Class;)Ljava/lang/Object; java.base@17.0.10 (75 bytes) @ 0x000001828053d3ac [0x000001828053d2e0+0x00000000000000cc]
J 2988 c1 org.springframework.beans.BeanUtils.instantiateClass(Ljava/lang/reflect/Constructor;[Ljava/lang/Object;)Ljava/lang/Object; (208 bytes) @ 0x00000182807515e4 [0x0000018280751140+0x00000000000004a4]
j  org.springframework.beans.factory.support.SimpleInstantiationStrategy.instantiate(Lorg/springframework/beans/factory/support/RootBeanDefinition;Ljava/lang/String;Lorg/springframework/beans/factory/BeanFactory;Ljava/lang/reflect/Constructor;[Ljava/lang/Object;)Ljava/lang/Object;+11
j  org.springframework.beans.factory.support.ConstructorResolver.instantiate(Ljava/lang/String;Lorg/springframework/beans/factory/support/RootBeanDefinition;Ljava/lang/reflect/Constructor;[Ljava/lang/Object;)Ljava/lang/Object;+20
j  org.springframework.beans.factory.support.ConstructorResolver.autowireConstructor(Ljava/lang/String;Lorg/springframework/beans/factory/support/RootBeanDefinition;[Ljava/lang/reflect/Constructor;[Ljava/lang/Object;)Lorg/springframework/beans/BeanWrapper;+912
j  org.springframework.beans.factory.support.AbstractAutowireCapableBeanFactory.autowireConstructor(Ljava/lang/String;Lorg/springframework/beans/factory/support/RootBeanDefinition;[Ljava/lang/reflect/Constructor;[Ljava/lang/Object;)Lorg/springframework/beans/BeanWrapper;+13
j  org.springframework.beans.factory.support.AbstractAutowireCapableBeanFactory.createBeanInstance(Ljava/lang/String;Lorg/springframework/beans/factory/support/RootBeanDefinition;[Ljava/lang/Object;)Lorg/springframework/beans/BeanWrapper;+213
j  org.springframework.beans.factory.support.AbstractAutowireCapableBeanFactory.doCreateBean(Ljava/lang/String;Lorg/springframework/beans/factory/support/RootBeanDefinition;[Ljava/lang/Object;)Ljava/lang/Object;+34
j  org.springframework.beans.factory.support.AbstractAutowireCapableBeanFactory.createBean(Ljava/lang/String;Lorg/springframework/beans/factory/support/RootBeanDefinition;[Ljava/lang/Object;)Ljava/lang/Object;+153
j  org.springframework.beans.factory.support.AbstractBeanFactory.lambda$doGetBean$0(Ljava/lang/String;Lorg/springframework/beans/factory/support/RootBeanDefinition;[Ljava/lang/Object;)Ljava/lang/Object;+4
j  org.springframework.beans.factory.support.AbstractBeanFactory$$Lambda$365+0x000001828b1e1888.getObject()Ljava/lang/Object;+16
j  org.springframework.beans.factory.support.DefaultSingletonBeanRegistry.getSingleton(Ljava/lang/String;Lorg/springframework/beans/factory/ObjectFactory;)Ljava/lang/Object;+897
J 3076 c1 org.springframework.beans.factory.support.AbstractBeanFactory.doGetBean(Ljava/lang/String;Ljava/lang/Class;[Ljava/lang/Object;Z)Ljava/lang/Object; (787 bytes) @ 0x0000018280776064 [0x0000018280775a20+0x0000000000000644]
j  org.springframework.beans.factory.support.AbstractBeanFactory.getBean(Ljava/lang/String;)Ljava/lang/Object;+5
j  org.springframework.beans.factory.support.DefaultListableBeanFactory.instantiateSingleton(Ljava/lang/String;)V+51
j  org.springframework.beans.factory.support.DefaultListableBeanFactory.preInstantiateSingleton(Ljava/lang/String;Lorg/springframework/beans/factory/support/RootBeanDefinition;)Ljava/util/concurrent/CompletableFuture;+141
j  org.springframework.beans.factory.support.DefaultListableBeanFactory.preInstantiateSingletons()V+123
j  org.springframework.context.support.AbstractApplicationContext.finishBeanFactoryInitialization(Lorg/springframework/beans/factory/config/ConfigurableListableBeanFactory;)V+284
j  org.springframework.context.support.AbstractApplicationContext.refresh()V+94
j  org.springframework.boot.web.servlet.context.ServletWebServerApplicationContext.refresh()V+1
j  org.springframework.boot.SpringApplication.refresh(Lorg/springframework/context/ConfigurableApplicationContext;)V+1
j  org.springframework.boot.SpringApplication.refreshContext(Lorg/springframework/context/ConfigurableApplicationContext;)V+19
j  org.springframework.boot.SpringApplication.run([Ljava/lang/String;)Lorg/springframework/context/ConfigurableApplicationContext;+113
j  org.springframework.boot.SpringApplication.run([Ljava/lang/Class;[Ljava/lang/String;)Lorg/springframework/context/ConfigurableApplicationContext;+9
j  org.springframework.boot.SpringApplication.run(Ljava/lang/Class;[Ljava/lang/String;)Lorg/springframework/context/ConfigurableApplicationContext;+9
j  com.vonoy.pdf_pipeline.PdfPipelineApplication.main([Ljava/lang/String;)V+3
v  ~StubRoutines::call_stub

---------------  P R O C E S S  ---------------

Threads class SMR info:
_java_thread_list=0x00000182d0372a80, length=17, elements={
0x00000182f77a26d0, 0x00000182899e46e0, 0x00000182899e50a0, 0x00000182899fa7e0,
0x00000182899fb1a0, 0x00000182899fbb60, 0x00000182899fecd0, 0x00000182899ff740,
0x0000018289a02f30, 0x0000018289cfad10, 0x0000018289d01270, 0x0000018289d01fa0,
0x0000018289a02a20, 0x0000018289a015e0, 0x0000018289a03e60, 0x0000018289a02510,
0x0000018289a01af0
}

Java Threads: ( => current thread )
=>0x00000182f77a26d0 JavaThread "main" [_thread_in_vm, id=4520, stack(0x0000005a18700000,0x0000005a18800000)]
  0x00000182899e46e0 JavaThread "Reference Handler" daemon [_thread_blocked, id=17100, stack(0x0000005a18e00000,0x0000005a18f00000)]
  0x00000182899e50a0 JavaThread "Finalizer" daemon [_thread_blocked, id=17548, stack(0x0000005a18f00000,0x0000005a19000000)]
  0x00000182899fa7e0 JavaThread "Signal Dispatcher" daemon [_thread_blocked, id=7936, stack(0x0000005a19000000,0x0000005a19100000)]
  0x00000182899fb1a0 JavaThread "Attach Listener" daemon [_thread_blocked, id=10632, stack(0x0000005a19100000,0x0000005a19200000)]
  0x00000182899fbb60 JavaThread "Service Thread" daemon [_thread_blocked, id=2268, stack(0x0000005a19200000,0x0000005a19300000)]
  0x00000182899fecd0 JavaThread "Monitor Deflation Thread" daemon [_thread_blocked, id=12040, stack(0x0000005a19300000,0x0000005a19400000)]
  0x00000182899ff740 JavaThread "C1 CompilerThread0" daemon [_thread_blocked, id=5348, stack(0x0000005a19400000,0x0000005a19500000)]
  0x0000018289a02f30 JavaThread "Sweeper thread" daemon [_thread_blocked, id=9372, stack(0x0000005a19500000,0x0000005a19600000)]
  0x0000018289cfad10 JavaThread "C1 CompilerThread1" daemon [_thread_blocked, id=9940, stack(0x0000005a19600000,0x0000005a19700000)]
  0x0000018289d01270 JavaThread "C1 CompilerThread2" daemon [_thread_blocked, id=4632, stack(0x0000005a19700000,0x0000005a19800000)]
  0x0000018289d01fa0 JavaThread "C1 CompilerThread3" daemon [_thread_blocked, id=8012, stack(0x0000005a19800000,0x0000005a19900000)]
  0x0000018289a02a20 JavaThread "Notification Thread" daemon [_thread_blocked, id=14080, stack(0x0000005a19900000,0x0000005a19a00000)]
  0x0000018289a015e0 JavaThread "Common-Cleaner" daemon [_thread_blocked, id=12904, stack(0x0000005a19b00000,0x0000005a19c00000)]
  0x0000018289a03e60 JavaThread "Catalina-utility-1" [_thread_blocked, id=10540, stack(0x0000005a1a700000,0x0000005a1a800000)]
  0x0000018289a02510 JavaThread "Catalina-utility-2" [_thread_blocked, id=4944, stack(0x0000005a1a800000,0x0000005a1a900000)]
  0x0000018289a01af0 JavaThread "container-0" [_thread_blocked, id=14792, stack(0x0000005a1a900000,0x0000005a1aa00000)]

Other Threads:
  0x00000182899e05a0 VMThread "VM Thread" [stack: 0x0000005a18d00000,0x0000005a18e00000] [id=18052]
  0x00000182f781de90 WatcherThread [stack: 0x0000005a19a00000,0x0000005a19b00000] [id=9756]
  0x00000182f78035c0 GCTaskThread "GC Thread#0" [stack: 0x0000005a18800000,0x0000005a18900000] [id=10504]
  0x00000182cf66e230 GCTaskThread "GC Thread#1" [stack: 0x0000005a19c00000,0x0000005a19d00000] [id=12672]
  0x00000182cf634cd0 GCTaskThread "GC Thread#2" [stack: 0x0000005a19d00000,0x0000005a19e00000] [id=13672]
  0x00000182cf678380 GCTaskThread "GC Thread#3" [stack: 0x0000005a19e00000,0x0000005a19f00000] [id=15504]
  0x00000182cf6e4990 GCTaskThread "GC Thread#4" [stack: 0x0000005a19f00000,0x0000005a1a000000] [id=8600]
  0x00000182cf94dcd0 GCTaskThread "GC Thread#5" [stack: 0x0000005a1a100000,0x0000005a1a200000] [id=3052]
  0x00000182cf94df90 GCTaskThread "GC Thread#6" [stack: 0x0000005a1a200000,0x0000005a1a300000] [id=11840]
  0x00000182cf94ee70 GCTaskThread "GC Thread#7" [stack: 0x0000005a1a300000,0x0000005a1a400000] [id=17528]
  0x00000182cfd58ae0 GCTaskThread "GC Thread#8" [stack: 0x0000005a1a500000,0x0000005a1a600000] [id=14192]
  0x00000182cfd63010 GCTaskThread "GC Thread#9" [stack: 0x0000005a1a600000,0x0000005a1a700000] [id=2592]
  0x00000182f7813bd0 ConcurrentGCThread "G1 Main Marker" [stack: 0x0000005a18900000,0x0000005a18a00000] [id=14896]
  0x00000182f7814d80 ConcurrentGCThread "G1 Conc#0" [stack: 0x0000005a18a00000,0x0000005a18b00000] [id=13100]
  0x00000182cffc7fa0 ConcurrentGCThread "G1 Conc#1" [stack: 0x0000005a1a000000,0x0000005a1a100000] [id=8696]
  0x00000182cffcd830 ConcurrentGCThread "G1 Conc#2" [stack: 0x0000005a1a400000,0x0000005a1a500000] [id=9896]
  0x00000182f785e670 ConcurrentGCThread "G1 Refine#0" [stack: 0x0000005a18b00000,0x0000005a18c00000] [id=12488]
  0x0000018289898250 ConcurrentGCThread "G1 Service" [stack: 0x0000005a18c00000,0x0000005a18d00000] [id=11088]

Threads with active compile tasks:

VM state: not at safepoint (normal execution)

VM Mutex/Monitor currently owned by a thread:  ([mutex/lock_event])
[0x00000182f779b730] Metaspace_lock - owner thread: 0x00000182f77a26d0

Heap address: 0x0000000084a00000, size: 1974 MB, Compressed Oops mode: 32-bit

CDS archive(s) mapped at: [0x000001828a000000-0x000001828abd0000-0x000001828abd0000), size 12386304, SharedBaseAddress: 0x000001828a000000, ArchiveRelocationMode: 1.
Compressed class space mapped at: 0x000001828b000000-0x00000182cb000000, reserved size: 1073741824
Narrow klass base: 0x000001828a000000, Narrow klass shift: 0, Narrow klass range: 0x100000000

GC Precious Log:
 CPUs: 12 total, 12 available
 Memory: 7893M
 Large Page Support: Disabled
 NUMA Support: Disabled
 Compressed Oops: Enabled (32-bit)
 Heap Region Size: 1M
 Heap Min Capacity: 8M
 Heap Initial Capacity: 124M
 Heap Max Capacity: 1974M
 Pre-touch: Disabled
 Parallel Workers: 10
 Concurrent Workers: 3
 Concurrent Refinement Workers: 10
 Periodic GC: Disabled

Heap:
 garbage-first heap   total 78848K, used 28808K [0x0000000084a00000, 0x0000000100000000)
  region size 1024K, 9 young (9216K), 5 survivors (5120K)
 Metaspace       used 36349K, committed 36800K, reserved 1114112K
  class space    used 5053K, committed 5248K, reserved 1048576K

Heap Regions: E=young(eden), S=young(survivor), O=old, HS=humongous(starts), HC=humongous(continues), CS=collection set, F=free, OA=open archive, CA=closed archive, TAMS=top-at-mark-start (previous, next)
|   0|0x0000000084a00000, 0x0000000084b00000, 0x0000000084b00000|100%| O|  |TAMS 0x0000000084b00000, 0x0000000084a00000| Untracked 
|   1|0x0000000084b00000, 0x0000000084c00000, 0x0000000084c00000|100%| O|  |TAMS 0x0000000084c00000, 0x0000000084b00000| Untracked 
|   2|0x0000000084c00000, 0x0000000084d00000, 0x0000000084d00000|100%| O|  |TAMS 0x0000000084d00000, 0x0000000084c00000| Untracked 
|   3|0x0000000084d00000, 0x0000000084e00000, 0x0000000084e00000|100%| O|  |TAMS 0x0000000084e00000, 0x0000000084d00000| Untracked 
|   4|0x0000000084e00000, 0x0000000084f00000, 0x0000000084f00000|100%| O|  |TAMS 0x0000000084f00000, 0x0000000084e00000| Untracked 
|   5|0x0000000084f00000, 0x0000000085000000, 0x0000000085000000|100%| O|  |TAMS 0x0000000085000000, 0x0000000084f00000| Untracked 
|   6|0x0000000085000000, 0x0000000085100000, 0x0000000085100000|100%| O|  |TAMS 0x0000000085100000, 0x0000000085000000| Untracked 
|   7|0x0000000085100000, 0x0000000085200000, 0x0000000085200000|100%| O|  |TAMS 0x0000000085200000, 0x0000000085100000| Untracked 
|   8|0x0000000085200000, 0x00000000852b6600, 0x0000000085300000| 71%| O|  |TAMS 0x00000000852b6600, 0x0000000085200000| Untracked 
|   9|0x0000000085300000, 0x0000000085400000, 0x0000000085400000|100%| O|  |TAMS 0x0000000085400000, 0x0000000085300000| Untracked 
|  10|0x0000000085400000, 0x0000000085500000, 0x0000000085500000|100%| O|  |TAMS 0x0000000085500000, 0x0000000085400000| Untracked 
|  11|0x0000000085500000, 0x0000000085600000, 0x0000000085600000|100%| O|  |TAMS 0x0000000085600000, 0x0000000085500000| Untracked 
|  12|0x0000000085600000, 0x0000000085700000, 0x0000000085700000|100%| O|  |TAMS 0x0000000085700000, 0x0000000085600000| Untracked 
|  13|0x0000000085700000, 0x0000000085800000, 0x0000000085800000|100%| O|  |TAMS 0x0000000085800000, 0x0000000085700000| Untracked 
|  14|0x0000000085800000, 0x0000000085900000, 0x0000000085900000|100%| O|  |TAMS 0x0000000085900000, 0x0000000085800000| Untracked 
|  15|0x0000000085900000, 0x0000000085a00000, 0x0000000085a00000|100%| O|  |TAMS 0x0000000085a00000, 0x0000000085900000| Untracked 
|  16|0x0000000085a00000, 0x0000000085b00000, 0x0000000085b00000|100%| O|  |TAMS 0x0000000085abd000, 0x0000000085a00000| Untracked 
|  17|0x0000000085b00000, 0x0000000085c00000, 0x0000000085c00000|100%| O|  |TAMS 0x0000000085b00000, 0x0000000085b00000| Untracked 
|  18|0x0000000085c00000, 0x0000000085d00000, 0x0000000085d00000|100%| O|  |TAMS 0x0000000085c00000, 0x0000000085c00000| Untracked 
|  19|0x0000000085d00000, 0x0000000085e00000, 0x0000000085e00000|100%| O|  |TAMS 0x0000000085d00000, 0x0000000085d00000| Untracked 
|  20|0x0000000085e00000, 0x0000000085f00000, 0x0000000085f00000|100%| O|  |TAMS 0x0000000085e00000, 0x0000000085e00000| Untracked 
|  21|0x0000000085f00000, 0x0000000085f50200, 0x0000000086000000| 31%| O|  |TAMS 0x0000000085f00000, 0x0000000085f00000| Untracked 
|  22|0x0000000086000000, 0x0000000086000000, 0x0000000086100000|  0%| F|  |TAMS 0x0000000086000000, 0x0000000086000000| Untracked 
|  23|0x0000000086100000, 0x0000000086100000, 0x0000000086200000|  0%| F|  |TAMS 0x0000000086100000, 0x0000000086100000| Untracked 
|  24|0x0000000086200000, 0x0000000086200000, 0x0000000086300000|  0%| F|  |TAMS 0x0000000086200000, 0x0000000086200000| Untracked 
|  25|0x0000000086300000, 0x0000000086300000, 0x0000000086400000|  0%| F|  |TAMS 0x0000000086300000, 0x0000000086300000| Untracked 
|  26|0x0000000086400000, 0x0000000086400000, 0x0000000086500000|  0%| F|  |TAMS 0x0000000086400000, 0x0000000086400000| Untracked 
|  27|0x0000000086500000, 0x0000000086500000, 0x0000000086600000|  0%| F|  |TAMS 0x0000000086500000, 0x0000000086500000| Untracked 
|  28|0x0000000086600000, 0x0000000086600000, 0x0000000086700000|  0%| F|  |TAMS 0x0000000086600000, 0x0000000086600000| Untracked 
|  29|0x0000000086700000, 0x0000000086700000, 0x0000000086800000|  0%| F|  |TAMS 0x0000000086700000, 0x0000000086700000| Untracked 
|  30|0x0000000086800000, 0x0000000086800000, 0x0000000086900000|  0%| F|  |TAMS 0x0000000086800000, 0x0000000086800000| Untracked 
|  31|0x0000000086900000, 0x0000000086900000, 0x0000000086a00000|  0%| F|  |TAMS 0x0000000086900000, 0x0000000086900000| Untracked 
|  32|0x0000000086a00000, 0x0000000086a00000, 0x0000000086b00000|  0%| F|  |TAMS 0x0000000086a00000, 0x0000000086a00000| Untracked 
|  33|0x0000000086b00000, 0x0000000086b00000, 0x0000000086c00000|  0%| F|  |TAMS 0x0000000086b00000, 0x0000000086b00000| Untracked 
|  34|0x0000000086c00000, 0x0000000086c00000, 0x0000000086d00000|  0%| F|  |TAMS 0x0000000086c00000, 0x0000000086c00000| Untracked 
|  35|0x0000000086d00000, 0x0000000086d00000, 0x0000000086e00000|  0%| F|  |TAMS 0x0000000086d00000, 0x0000000086d00000| Untracked 
|  36|0x0000000086e00000, 0x0000000086e00000, 0x0000000086f00000|  0%| F|  |TAMS 0x0000000086e00000, 0x0000000086e00000| Untracked 
|  37|0x0000000086f00000, 0x0000000086f00000, 0x0000000087000000|  0%| F|  |TAMS 0x0000000086f00000, 0x0000000086f00000| Untracked 
|  38|0x0000000087000000, 0x0000000087000000, 0x0000000087100000|  0%| F|  |TAMS 0x0000000087000000, 0x0000000087000000| Untracked 
|  39|0x0000000087100000, 0x0000000087100000, 0x0000000087200000|  0%| F|  |TAMS 0x0000000087100000, 0x0000000087100000| Untracked 
|  40|0x0000000087200000, 0x0000000087200000, 0x0000000087300000|  0%| F|  |TAMS 0x0000000087200000, 0x0000000087200000| Untracked 
|  41|0x0000000087300000, 0x0000000087300000, 0x0000000087400000|  0%| F|  |TAMS 0x0000000087300000, 0x0000000087300000| Untracked 
|  42|0x0000000087400000, 0x0000000087400000, 0x0000000087500000|  0%| F|  |TAMS 0x0000000087400000, 0x0000000087400000| Untracked 
|  43|0x0000000087500000, 0x0000000087500000, 0x0000000087600000|  0%| F|  |TAMS 0x0000000087500000, 0x0000000087500000| Untracked 
|  44|0x0000000087600000, 0x0000000087600000, 0x0000000087700000|  0%| F|  |TAMS 0x0000000087600000, 0x0000000087600000| Untracked 
|  45|0x0000000087700000, 0x0000000087700000, 0x0000000087800000|  0%| F|  |TAMS 0x0000000087700000, 0x0000000087700000| Untracked 
|  46|0x0000000087800000, 0x0000000087800000, 0x0000000087900000|  0%| F|  |TAMS 0x0000000087800000, 0x0000000087800000| Untracked 
|  47|0x0000000087900000, 0x0000000087900000, 0x0000000087a00000|  0%| F|  |TAMS 0x0000000087900000, 0x0000000087900000| Untracked 
|  48|0x0000000087a00000, 0x0000000087a00000, 0x0000000087b00000|  0%| F|  |TAMS 0x0000000087a00000, 0x0000000087a00000| Untracked 
|  49|0x0000000087b00000, 0x0000000087b1b978, 0x0000000087c00000| 10%| S|CS|TAMS 0x0000000087b00000, 0x0000000087b00000| Complete 
|  50|0x0000000087c00000, 0x0000000087d00000, 0x0000000087d00000|100%| S|CS|TAMS 0x0000000087c00000, 0x0000000087c00000| Complete 
|  51|0x0000000087d00000, 0x0000000087e00000, 0x0000000087e00000|100%| S|CS|TAMS 0x0000000087d00000, 0x0000000087d00000| Complete 
|  52|0x0000000087e00000, 0x0000000087f00000, 0x0000000087f00000|100%| S|CS|TAMS 0x0000000087e00000, 0x0000000087e00000| Complete 
|  53|0x0000000087f00000, 0x0000000088000000, 0x0000000088000000|100%| S|CS|TAMS 0x0000000087f00000, 0x0000000087f00000| Complete 
|  54|0x0000000088000000, 0x0000000088000000, 0x0000000088100000|  0%| F|  |TAMS 0x0000000088000000, 0x0000000088000000| Untracked 
|  55|0x0000000088100000, 0x0000000088100000, 0x0000000088200000|  0%| F|  |TAMS 0x0000000088100000, 0x0000000088100000| Untracked 
|  56|0x0000000088200000, 0x0000000088200000, 0x0000000088300000|  0%| F|  |TAMS 0x0000000088200000, 0x0000000088200000| Untracked 
|  57|0x0000000088300000, 0x0000000088300000, 0x0000000088400000|  0%| F|  |TAMS 0x0000000088300000, 0x0000000088300000| Untracked 
|  58|0x0000000088400000, 0x0000000088400000, 0x0000000088500000|  0%| F|  |TAMS 0x0000000088400000, 0x0000000088400000| Untracked 
|  59|0x0000000088500000, 0x0000000088500000, 0x0000000088600000|  0%| F|  |TAMS 0x0000000088500000, 0x0000000088500000| Untracked 
|  60|0x0000000088600000, 0x0000000088600000, 0x0000000088700000|  0%| F|  |TAMS 0x0000000088600000, 0x0000000088600000| Untracked 
|  61|0x0000000088700000, 0x0000000088700000, 0x0000000088800000|  0%| F|  |TAMS 0x0000000088700000, 0x0000000088700000| Untracked 
|  62|0x0000000088800000, 0x0000000088800000, 0x0000000088900000|  0%| F|  |TAMS 0x0000000088800000, 0x0000000088800000| Untracked 
|  63|0x0000000088900000, 0x0000000088900000, 0x0000000088a00000|  0%| F|  |TAMS 0x0000000088900000, 0x0000000088900000| Untracked 
|  64|0x0000000088a00000, 0x0000000088a00000, 0x0000000088b00000|  0%| F|  |TAMS 0x0000000088a00000, 0x0000000088a00000| Untracked 
|  65|0x0000000088b00000, 0x0000000088b00000, 0x0000000088c00000|  0%| F|  |TAMS 0x0000000088b00000, 0x0000000088b00000| Untracked 
|  66|0x0000000088c00000, 0x0000000088c00000, 0x0000000088d00000|  0%| F|  |TAMS 0x0000000088c00000, 0x0000000088c00000| Untracked 
|  81|0x0000000089b00000, 0x0000000089b00000, 0x0000000089c00000|  0%| F|  |TAMS 0x0000000089b00000, 0x0000000089b00000| Untracked 
|  82|0x0000000089c00000, 0x0000000089c00000, 0x0000000089d00000|  0%| F|  |TAMS 0x0000000089c00000, 0x0000000089c00000| Untracked 
|  83|0x0000000089d00000, 0x0000000089d00000, 0x0000000089e00000|  0%| F|  |TAMS 0x0000000089d00000, 0x0000000089d00000| Untracked 
|  84|0x0000000089e00000, 0x0000000089e00000, 0x0000000089f00000|  0%| F|  |TAMS 0x0000000089e00000, 0x0000000089e00000| Untracked 
|  85|0x0000000089f00000, 0x0000000089f00000, 0x000000008a000000|  0%| F|  |TAMS 0x0000000089f00000, 0x0000000089f00000| Untracked 
|  86|0x000000008a000000, 0x000000008a000000, 0x000000008a100000|  0%| F|  |TAMS 0x000000008a000000, 0x000000008a000000| Untracked 
|  87|0x000000008a100000, 0x000000008a200000, 0x000000008a200000|100%| E|  |TAMS 0x000000008a100000, 0x000000008a100000| Complete 
|  88|0x000000008a200000, 0x000000008a300000, 0x000000008a300000|100%| E|CS|TAMS 0x000000008a200000, 0x000000008a200000| Complete 
|  89|0x000000008a300000, 0x000000008a400000, 0x000000008a400000|100%| E|CS|TAMS 0x000000008a300000, 0x000000008a300000| Complete 
| 123|0x000000008c500000, 0x000000008c600000, 0x000000008c600000|100%| E|CS|TAMS 0x000000008c500000, 0x000000008c500000| Complete 

Card table byte_map: [0x00000182ff750000,0x00000182ffb30000] _byte_map_base: 0x00000182ff32b000

Marking Bits (Prev, Next): (CMBitMap*) 0x00000182f7803be0, (CMBitMap*) 0x00000182f7803c20
 Prev Bits: [0x0000018283000000, 0x0000018284ed8000)
 Next Bits: [0x0000018284ee0000, 0x0000018286db8000)

Polling page: 0x00000182f6f60000

Metaspace:

Usage:
  Non-class:     30.56 MB used.
      Class:      4.93 MB used.
       Both:     35.50 MB used.

Virtual space:
  Non-class space:       64.00 MB reserved,      30.81 MB ( 48%) committed,  1 nodes.
      Class space:        1.00 GB reserved,       5.12 MB ( <1%) committed,  1 nodes.
             Both:        1.06 GB reserved,      35.94 MB (  3%) committed. 

Chunk freelists:
   Non-Class:  881.00 KB
       Class:  10.69 MB
        Both:  11.55 MB

MaxMetaspaceSize: unlimited
CompressedClassSpaceSize: 1.00 GB
Initial GC threshold: 21.00 MB
Current GC threshold: 59.00 MB
CDS: on
MetaspaceReclaimPolicy: balanced
 - commit_granule_bytes: 65536.
 - commit_granule_words: 8192.
 - virtual_space_node_default_size: 8388608.
 - enlarge_chunks_in_place: 1.
 - new_chunks_are_fully_committed: 0.
 - uncommit_free_chunks: 1.
 - use_allocation_guard: 0.
 - handle_deallocations: 1.


Internal statistics:

num_allocs_failed_limit: 6.
num_arena_births: 628.
num_arena_deaths: 0.
num_vsnodes_births: 2.
num_vsnodes_deaths: 0.
num_space_committed: 575.
num_space_uncommitted: 0.
num_chunks_returned_to_freelist: 6.
num_chunks_taken_from_freelist: 1983.
num_chunk_merges: 3.
num_chunk_splits: 1351.
num_chunks_enlarged: 989.
num_inconsistent_stats: 0.

CodeCache: size=49152Kb used=10094Kb max_used=10094Kb free=39057Kb
 bounds [0x0000018280000000, 0x00000182809e0000, 0x0000018283000000]
 total_blobs=5072 nmethods=4524 adapters=472
 compilation: enabled
              stopped_count=0, restarted_count=0
 full_count=0

Compilation events (20 events):
Event: 3.952 Thread 0x00000182899ff740 nmethod 4512 0x00000182809d4d90 code [0x00000182809d4fa0, 0x00000182809d5528]
Event: 3.952 Thread 0x0000018289d01270 4514       1       sun.security.util.BitArray::toByteArray (11 bytes)
Event: 3.952 Thread 0x0000018289d01270 nmethod 4514 0x00000182809d5810 code [0x00000182809d59a0, 0x00000182809d5ac8]
Event: 3.952 Thread 0x0000018289d01fa0 nmethod 4513 0x00000182809d5b90 code [0x00000182809d5de0, 0x00000182809d64f8]
Event: 3.952 Thread 0x0000018289d01fa0 4515       1       sun.util.calendar.CalendarDate::setMinutes (20 bytes)
Event: 3.952 Thread 0x0000018289d01fa0 nmethod 4515 0x00000182809d6810 code [0x00000182809d69a0, 0x00000182809d6a78]
Event: 3.952 Thread 0x0000018289d01270 4516       1       sun.util.calendar.CalendarDate::setSeconds (20 bytes)
Event: 3.952 Thread 0x0000018289cfad10 4517       1       sun.util.calendar.CalendarDate::setMillis (20 bytes)
Event: 3.953 Thread 0x0000018289cfad10 nmethod 4517 0x00000182809d6b10 code [0x00000182809d6ca0, 0x00000182809d6d78]
Event: 3.953 Thread 0x0000018289d01270 nmethod 4516 0x00000182809d6e10 code [0x00000182809d6fa0, 0x00000182809d7078]
Event: 3.953 Thread 0x0000018289d01270 4518       1       sun.util.calendar.BaseCalendar::getFixedDate (324 bytes)
Event: 3.953 Thread 0x0000018289d01270 nmethod 4518 0x00000182809d7110 code [0x00000182809d7320, 0x00000182809d7f98]
Event: 3.958 Thread 0x0000018289d01270 4520       1       java.lang.invoke.VarHandleGuards::guard_LII_V (137 bytes)
Event: 3.958 Thread 0x0000018289d01fa0 4521       1       java.lang.invoke.VarHandleByteArrayAsInts$ArrayHandle::set (39 bytes)
Event: 3.958 Thread 0x00000182899ff740 4522       1       jdk.internal.misc.Unsafe::putIntUnaligned (14 bytes)
Event: 3.958 Thread 0x0000018289cfad10 4523       1       jdk.internal.misc.Unsafe::putIntUnaligned (79 bytes)
Event: 3.958 Thread 0x00000182899ff740 nmethod 4522 0x00000182809d8a90 code [0x00000182809d8c20, 0x00000182809d8d38]
Event: 3.958 Thread 0x0000018289cfad10 nmethod 4523 0x00000182809d8d90 code [0x00000182809d8f40, 0x00000182809d9128]
Event: 3.959 Thread 0x0000018289d01fa0 nmethod 4521 0x00000182809d9190 code [0x00000182809d9380, 0x00000182809d9818]
Event: 3.960 Thread 0x0000018289d01270 nmethod 4520 0x00000182809d9e10 code [0x00000182809da120, 0x00000182809db118]

GC Heap History (14 events):
Event: 0.525 GC heap before
{Heap before GC invocations=0 (full 0):
 garbage-first heap   total 126976K, used 23552K [0x0000000084a00000, 0x0000000100000000)
  region size 1024K, 23 young (23552K), 0 survivors (0K)
 Metaspace       used 3553K, committed 3712K, reserved 1114112K
  class space    used 470K, committed 576K, reserved 1048576K
}
Event: 0.532 GC heap after
{Heap after GC invocations=1 (full 0):
 garbage-first heap   total 126976K, used 8392K [0x0000000084a00000, 0x0000000100000000)
  region size 1024K, 3 young (3072K), 3 survivors (3072K)
 Metaspace       used 3553K, committed 3712K, reserved 1114112K
  class space    used 470K, committed 576K, reserved 1048576K
}
Event: 1.084 GC heap before
{Heap before GC invocations=1 (full 0):
 garbage-first heap   total 126976K, used 31944K [0x0000000084a00000, 0x0000000100000000)
  region size 1024K, 26 young (26624K), 3 survivors (3072K)
 Metaspace       used 8850K, committed 9088K, reserved 1114112K
  class space    used 1312K, committed 1408K, reserved 1048576K
}
Event: 1.089 GC heap after
{Heap after GC invocations=2 (full 0):
 garbage-first heap   total 126976K, used 10916K [0x0000000084a00000, 0x0000000100000000)
  region size 1024K, 2 young (2048K), 2 survivors (2048K)
 Metaspace       used 8850K, committed 9088K, reserved 1114112K
  class space    used 1312K, committed 1408K, reserved 1048576K
}
Event: 1.462 GC heap before
{Heap before GC invocations=2 (full 0):
 garbage-first heap   total 126976K, used 58020K [0x0000000084a00000, 0x0000000100000000)
  region size 1024K, 49 young (50176K), 2 survivors (2048K)
 Metaspace       used 17739K, committed 18048K, reserved 1114112K
  class space    used 2513K, committed 2688K, reserved 1048576K
}
Event: 1.467 GC heap after
{Heap after GC invocations=3 (full 0):
 garbage-first heap   total 126976K, used 14156K [0x0000000084a00000, 0x0000000100000000)
  region size 1024K, 6 young (6144K), 6 survivors (6144K)
 Metaspace       used 17739K, committed 18048K, reserved 1114112K
  class space    used 2513K, committed 2688K, reserved 1048576K
}
Event: 1.972 GC heap before
{Heap before GC invocations=3 (full 0):
 garbage-first heap   total 126976K, used 47948K [0x0000000084a00000, 0x0000000100000000)
  region size 1024K, 40 young (40960K), 6 survivors (6144K)
 Metaspace       used 21174K, committed 21504K, reserved 1114112K
  class space    used 3006K, committed 3200K, reserved 1048576K
}
Event: 1.981 GC heap after
{Heap after GC invocations=4 (full 0):
 garbage-first heap   total 126976K, used 18137K [0x0000000084a00000, 0x0000000100000000)
  region size 1024K, 9 young (9216K), 9 survivors (9216K)
 Metaspace       used 21174K, committed 21504K, reserved 1114112K
  class space    used 3006K, committed 3200K, reserved 1048576K
}
Event: 2.569 GC heap before
{Heap before GC invocations=5 (full 0):
 garbage-first heap   total 65536K, used 47833K [0x0000000084a00000, 0x0000000100000000)
  region size 1024K, 38 young (38912K), 9 survivors (9216K)
 Metaspace       used 24735K, committed 25152K, reserved 1114112K
  class space    used 3517K, committed 3712K, reserved 1048576K
}
Event: 2.580 GC heap after
{Heap after GC invocations=6 (full 0):
 garbage-first heap   total 78848K, used 19404K [0x0000000084a00000, 0x0000000100000000)
  region size 1024K, 3 young (3072K), 3 survivors (3072K)
 Metaspace       used 24735K, committed 25152K, reserved 1114112K
  class space    used 3517K, committed 3712K, reserved 1048576K
}
Event: 3.316 GC heap before
{Heap before GC invocations=6 (full 0):
 garbage-first heap   total 78848K, used 56268K [0x0000000084a00000, 0x0000000100000000)
  region size 1024K, 38 young (38912K), 3 survivors (3072K)
 Metaspace       used 30775K, committed 31168K, reserved 1114112K
  class space    used 4359K, committed 4544K, reserved 1048576K
}
Event: 3.330 GC heap after
{Heap after GC invocations=7 (full 0):
 garbage-first heap   total 78848K, used 21934K [0x0000000084a00000, 0x0000000100000000)
  region size 1024K, 5 young (5120K), 5 survivors (5120K)
 Metaspace       used 30775K, committed 31168K, reserved 1114112K
  class space    used 4359K, committed 4544K, reserved 1048576K
}
Event: 3.857 GC heap before
{Heap before GC invocations=7 (full 0):
 garbage-first heap   total 78848K, used 44462K [0x0000000084a00000, 0x0000000100000000)
  region size 1024K, 28 young (28672K), 5 survivors (5120K)
 Metaspace       used 35519K, committed 35968K, reserved 1114112K
  class space    used 4970K, committed 5184K, reserved 1048576K
}
Event: 3.865 GC heap after
{Heap after GC invocations=8 (full 0):
 garbage-first heap   total 78848K, used 25736K [0x0000000084a00000, 0x0000000100000000)
  region size 1024K, 5 young (5120K), 5 survivors (5120K)
 Metaspace       used 35519K, committed 35968K, reserved 1114112K
  class space    used 4970K, committed 5184K, reserved 1048576K
}

Deoptimization events (2 events):
Event: 3.341 Thread 0x0000018289a02510 DEOPT PACKING pc=0x000001828055a317 sp=0x0000005a1a8fec00
Event: 3.341 Thread 0x0000018289a02510 DEOPT UNPACKING pc=0x00000182800566e3 sp=0x0000005a1a8fe058 mode 3

Classes unloaded (0 events):
No events

Classes redefined (0 events):
No events

Internal exceptions (20 events):
Event: 2.788 Thread 0x00000182f77a26d0 Exception <a 'java/lang/NoSuchMethodError'{0x0000000088cf2988}: 'java.lang.Object java.lang.invoke.Invokers$Holder.linkToTargetMethod(java.lang.Object, java.lang.Object, int, java.lang.Object)'> (0x0000000088cf2988) 
thrown [s\open\src\hotspot\share\interpreter\linkResolver.cpp, line 759]
Event: 2.844 Thread 0x00000182f77a26d0 Exception <a 'java/lang/NoSuchMethodError'{0x000000008882aaf8}: 'java.lang.Object java.lang.invoke.DirectMethodHandle$Holder.invokeStaticInit(java.lang.Object, int, int, int, int)'> (0x000000008882aaf8) 
thrown [s\open\src\hotspot\share\interpreter\linkResolver.cpp, line 759]
Event: 2.901 Thread 0x00000182f77a26d0 Exception <a 'java/lang/NoSuchMethodError'{0x0000000088713400}: 'java.lang.Object java.lang.invoke.DirectMethodHandle$Holder.invokeStaticInit(java.lang.Object, java.lang.Object, int, int, int, int)'> (0x0000000088713400) 
thrown [s\open\src\hotspot\share\interpreter\linkResolver.cpp, line 759]
Event: 3.081 Thread 0x00000182f77a26d0 Exception <a 'java/io/FileNotFoundException'{0x0000000088171ac0}> (0x0000000088171ac0) 
thrown [s\open\src\hotspot\share\prims\jni.cpp, line 516]
Event: 3.144 Thread 0x00000182f77a26d0 Exception <a 'java/lang/NoSuchMethodError'{0x0000000087ded750}: 'int java.lang.invoke.DirectMethodHandle$Holder.invokeInterface(java.lang.Object, java.lang.Object, java.lang.Object, java.lang.Object)'> (0x0000000087ded750) 
thrown [s\open\src\hotspot\share\interpreter\linkResolver.cpp, line 759]
Event: 3.196 Thread 0x00000182f77a26d0 Exception <a 'java/lang/NoSuchMethodError'{0x0000000087be2b18}: 'java.lang.Object java.lang.invoke.DirectMethodHandle$Holder.invokeStaticInit(java.lang.Object, java.lang.Object, java.lang.Object, java.lang.Object)'> (0x0000000087be2b18) 
thrown [s\open\src\hotspot\share\interpreter\linkResolver.cpp, line 759]
Event: 3.198 Thread 0x00000182f77a26d0 Exception <a 'java/lang/IncompatibleClassChangeError'{0x0000000087bf4c18}: Found class java.lang.Object, but interface was expected> (0x0000000087bf4c18) 
thrown [s\open\src\hotspot\share\interpreter\linkResolver.cpp, line 826]
Event: 3.199 Thread 0x00000182f77a26d0 Exception <a 'java/lang/IncompatibleClassChangeError'{0x0000000087a01f98}: Found class java.lang.Object, but interface was expected> (0x0000000087a01f98) 
thrown [s\open\src\hotspot\share\interpreter\linkResolver.cpp, line 826]
Event: 3.202 Thread 0x00000182f77a26d0 Exception <a 'java/lang/IncompatibleClassChangeError'{0x0000000087a30198}: Found class java.lang.Object, but interface was expected> (0x0000000087a30198) 
thrown [s\open\src\hotspot\share\interpreter\linkResolver.cpp, line 826]
Event: 3.220 Thread 0x00000182f77a26d0 Exception <a 'java/lang/NoSuchMethodError'{0x0000000087922818}: 'java.lang.Object java.lang.invoke.DirectMethodHandle$Holder.invokeStatic(java.lang.Object, java.lang.Object, java.lang.Object, java.lang.Object, int, java.lang.Object)'> (0x0000000087922818) 
thrown [s\open\src\hotspot\share\interpreter\linkResolver.cpp, line 759]
Event: 3.220 Thread 0x00000182f77a26d0 Exception <a 'java/lang/NoSuchMethodError'{0x000000008792abe0}: 'java.lang.Object java.lang.invoke.DirectMethodHandle$Holder.newInvokeSpecial(java.lang.Object, java.lang.Object, java.lang.Object, java.lang.Object, int)'> (0x000000008792abe0) 
thrown [s\open\src\hotspot\share\interpreter\linkResolver.cpp, line 759]
Event: 3.220 Thread 0x00000182f77a26d0 Exception <a 'java/lang/NoSuchMethodError'{0x000000008792f370}: 'java.lang.Object java.lang.invoke.DirectMethodHandle$Holder.invokeSpecial(java.lang.Object, java.lang.Object, java.lang.Object, java.lang.Object, java.lang.Object, int)'> (0x000000008792f370) 
thrown [s\open\src\hotspot\share\interpreter\linkResolver.cpp, line 759]
Event: 3.220 Thread 0x00000182f77a26d0 Exception <a 'java/lang/NoSuchMethodError'{0x00000000879333a8}: 'java.lang.Object java.lang.invoke.Invokers$Holder.linkToTargetMethod(java.lang.Object, java.lang.Object, java.lang.Object, int, java.lang.Object)'> (0x00000000879333a8) 
thrown [s\open\src\hotspot\share\interpreter\linkResolver.cpp, line 759]
Event: 3.309 Thread 0x00000182f77a26d0 Exception <a 'java/lang/NoSuchMethodError'{0x00000000874bdfc8}: 'long java.lang.invoke.DirectMethodHandle$Holder.invokeVirtual(java.lang.Object, java.lang.Object)'> (0x00000000874bdfc8) 
thrown [s\open\src\hotspot\share\interpreter\linkResolver.cpp, line 759]
Event: 3.354 Thread 0x00000182f77a26d0 Exception <a 'java/lang/NoSuchMethodError'{0x000000008a3547f0}: 'void java.lang.invoke.DirectMethodHandle$Holder.invokeVirtual(java.lang.Object, java.lang.Object, long)'> (0x000000008a3547f0) 
thrown [s\open\src\hotspot\share\interpreter\linkResolver.cpp, line 759]
Event: 3.723 Thread 0x00000182f77a26d0 Exception <a 'sun/nio/fs/WindowsException'{0x00000000885e1748}> (0x00000000885e1748) 
thrown [s\open\src\hotspot\share\prims\jni.cpp, line 516]
Event: 3.784 Thread 0x00000182f77a26d0 Exception <a 'java/lang/IncompatibleClassChangeError'{0x0000000088155c88}: Found class java.lang.Object, but interface was expected> (0x0000000088155c88) 
thrown [s\open\src\hotspot\share\interpreter\linkResolver.cpp, line 826]
Event: 3.790 Thread 0x00000182f77a26d0 Exception <a 'java/lang/NoSuchMethodError'{0x000000008816a5c0}: 'java.lang.Object java.lang.invoke.DirectMethodHandle$Holder.invokeStaticInit(java.lang.Object, java.lang.Object, int)'> (0x000000008816a5c0) 
thrown [s\open\src\hotspot\share\interpreter\linkResolver.cpp, line 759]
Event: 3.813 Thread 0x00000182f77a26d0 Exception <a 'sun/nio/fs/WindowsException'{0x00000000881b9cc0}> (0x00000000881b9cc0) 
thrown [s\open\src\hotspot\share\prims\jni.cpp, line 516]
Event: 3.827 Thread 0x00000182f77a26d0 Exception <a 'java/lang/NoSuchMethodError'{0x00000000881dcd88}: 'int java.lang.invoke.DirectMethodHandle$Holder.invokeStaticInit(java.lang.Object, java.lang.Object, java.lang.Object, java.lang.Object)'> (0x00000000881dcd88) 
thrown [s\open\src\hotspot\share\interpreter\linkResolver.cpp, line 759]

VM Operations (20 events):
Event: 3.608 Executing VM operation: HandshakeAllThreads
Event: 3.608 Executing VM operation: HandshakeAllThreads done
Event: 3.691 Executing VM operation: HandshakeAllThreads
Event: 3.691 Executing VM operation: HandshakeAllThreads done
Event: 3.814 Executing VM operation: HandshakeAllThreads
Event: 3.814 Executing VM operation: HandshakeAllThreads done
Event: 3.822 Executing VM operation: HandshakeAllThreads
Event: 3.822 Executing VM operation: HandshakeAllThreads done
Event: 3.857 Executing VM operation: CollectForMetadataAllocation
Event: 3.865 Executing VM operation: CollectForMetadataAllocation done
Event: 3.875 Executing VM operation: HandshakeAllThreads
Event: 3.875 Executing VM operation: HandshakeAllThreads done
Event: 3.876 Executing VM operation: G1Concurrent
Event: 3.892 Executing VM operation: G1Concurrent done
Event: 3.898 Executing VM operation: G1Concurrent
Event: 3.898 Executing VM operation: G1Concurrent done
Event: 3.960 Executing VM operation: HandshakeAllThreads
Event: 3.960 Executing VM operation: HandshakeAllThreads done
Event: 3.966 Executing VM operation: HandshakeAllThreads
Event: 3.966 Executing VM operation: HandshakeAllThreads done

Events (20 events):
Event: 3.962 loading class sun/net/spi/DefaultProxySelector
Event: 3.962 loading class sun/net/spi/DefaultProxySelector done
Event: 3.962 loading class java/net/Proxy$Type
Event: 3.962 loading class java/net/Proxy$Type done
Event: 3.962 loading class sun/net/spi/DefaultProxySelector$1
Event: 3.963 loading class sun/net/spi/DefaultProxySelector$1 done
Event: 3.963 loading class sun/security/ssl/SSLSocketFactoryImpl
Event: 3.963 loading class javax/net/ssl/SSLSocketFactory
Event: 3.963 loading class javax/net/SocketFactory
Event: 3.964 loading class javax/net/SocketFactory done
Event: 3.964 loading class javax/net/ssl/SSLSocketFactory done
Event: 3.964 loading class sun/security/ssl/SSLSocketFactoryImpl done
Event: 3.964 loading class sun/security/ssl/SSLSocketImpl
Event: 3.964 loading class sun/security/ssl/SSLTransport
Event: 3.964 loading class sun/security/ssl/SSLTransport done
Event: 3.965 loading class sun/security/ssl/BaseSSLSocketImpl
Event: 3.965 loading class javax/net/ssl/SSLSocket
Event: 3.965 loading class javax/net/ssl/SSLSocket done
Event: 3.965 loading class sun/security/ssl/BaseSSLSocketImpl done
Event: 3.966 loading class sun/security/ssl/SSLSocketImpl done


Dynamic libraries:
0x00007ff60bd30000 - 0x00007ff60bd40000 	C:\Program Files\Java\jdk-17\bin\java.exe
0x00007ffaa59d0000 - 0x00007ffaa5bc8000 	C:\Windows\SYSTEM32\ntdll.dll
0x00007ffaa4be0000 - 0x00007ffaa4ca2000 	C:\Windows\System32\KERNEL32.DLL
0x00007ffaa33e0000 - 0x00007ffaa36d6000 	C:\Windows\System32\KERNELBASE.dll
0x00007ffaa32b0000 - 0x00007ffaa33b0000 	C:\Windows\System32\ucrtbase.dll
0x00007ffaa0030000 - 0x00007ffaa0049000 	C:\Program Files\Java\jdk-17\bin\jli.dll
0x00007ffa9c490000 - 0x00007ffa9c4ab000 	C:\Program Files\Java\jdk-17\bin\VCRUNTIME140.dll
0x00007ffaa4570000 - 0x00007ffaa4621000 	C:\Windows\System32\ADVAPI32.dll
0x00007ffaa4900000 - 0x00007ffaa499e000 	C:\Windows\System32\msvcrt.dll
0x00007ffaa5840000 - 0x00007ffaa58df000 	C:\Windows\System32\sechost.dll
0x00007ffaa4d20000 - 0x00007ffaa4e40000 	C:\Windows\System32\RPCRT4.dll
0x00007ffaa3100000 - 0x00007ffaa3127000 	C:\Windows\System32\bcrypt.dll
0x00007ffaa46c0000 - 0x00007ffaa4861000 	C:\Windows\System32\USER32.dll
0x00007ffaa33b0000 - 0x00007ffaa33d2000 	C:\Windows\System32\win32u.dll
0x00007ffa876c0000 - 0x00007ffa8795b000 	C:\Windows\WinSxS\amd64_microsoft.windows.common-controls_6595b64144ccf1df_6.0.19041.6456_none_60b8a6cb71f64256\COMCTL32.dll
0x00007ffaa4b30000 - 0x00007ffaa4b5b000 	C:\Windows\System32\GDI32.dll
0x00007ffaa3840000 - 0x00007ffaa3959000 	C:\Windows\System32\gdi32full.dll
0x00007ffaa3060000 - 0x00007ffaa30fd000 	C:\Windows\System32\msvcp_win.dll
0x00007ffa9bc20000 - 0x00007ffa9bc2a000 	C:\Windows\SYSTEM32\VERSION.dll
0x00007ffaa4690000 - 0x00007ffaa46bf000 	C:\Windows\System32\IMM32.DLL
0x00007ffa9ffc0000 - 0x00007ffa9ffcc000 	C:\Program Files\Java\jdk-17\bin\vcruntime140_1.dll
0x00007ffa8d6a0000 - 0x00007ffa8d72e000 	C:\Program Files\Java\jdk-17\bin\msvcp140.dll
0x00007ffa0d610000 - 0x00007ffa0e1ef000 	C:\Program Files\Java\jdk-17\bin\server\jvm.dll
0x00007ffaa5040000 - 0x00007ffaa5048000 	C:\Windows\System32\PSAPI.DLL
0x00007ffa7f700000 - 0x00007ffa7f709000 	C:\Windows\SYSTEM32\WSOCK32.dll
0x00007ffaa4cb0000 - 0x00007ffaa4d1b000 	C:\Windows\System32\WS2_32.dll
0x00007ffa992e0000 - 0x00007ffa99307000 	C:\Windows\SYSTEM32\WINMM.dll
0x00007ffaa1880000 - 0x00007ffaa1892000 	C:\Windows\SYSTEM32\kernel.appcore.dll
0x00007ffa9e4c0000 - 0x00007ffa9e4ca000 	C:\Program Files\Java\jdk-17\bin\jimage.dll
0x00007ffaa0d80000 - 0x00007ffaa0f81000 	C:\Windows\SYSTEM32\DBGHELP.DLL
0x00007ffa80d60000 - 0x00007ffa80d94000 	C:\Windows\SYSTEM32\dbgcore.DLL
0x00007ffaa3960000 - 0x00007ffaa39e2000 	C:\Windows\System32\bcryptPrimitives.dll
0x00007ffa8d670000 - 0x00007ffa8d695000 	C:\Program Files\Java\jdk-17\bin\java.dll
0x00007ffa55f50000 - 0x00007ffa56027000 	C:\Program Files\Java\jdk-17\bin\jsvml.dll
0x00007ffaa3e00000 - 0x00007ffaa4570000 	C:\Windows\System32\SHELL32.dll
0x00007ffaa0f90000 - 0x00007ffaa1735000 	C:\Windows\SYSTEM32\windows.storage.dll
0x00007ffaa39f0000 - 0x00007ffaa3d44000 	C:\Windows\System32\combase.dll
0x00007ffaa28d0000 - 0x00007ffaa28fb000 	C:\Windows\SYSTEM32\Wldp.dll
0x00007ffaa56f0000 - 0x00007ffaa57bd000 	C:\Windows\System32\OLEAUT32.dll
0x00007ffaa58e0000 - 0x00007ffaa598d000 	C:\Windows\System32\SHCORE.dll
0x00007ffaa4b70000 - 0x00007ffaa4bcb000 	C:\Windows\System32\shlwapi.dll
0x00007ffaa2f90000 - 0x00007ffaa2fb4000 	C:\Windows\SYSTEM32\profapi.dll
0x00007ffa8d650000 - 0x00007ffa8d669000 	C:\Program Files\Java\jdk-17\bin\net.dll
0x00007ffa9a790000 - 0x00007ffa9a89a000 	C:\Windows\SYSTEM32\WINHTTP.dll
0x00007ffaa26b0000 - 0x00007ffaa271a000 	C:\Windows\system32\mswsock.dll
0x00007ffa8d570000 - 0x00007ffa8d586000 	C:\Program Files\Java\jdk-17\bin\nio.dll
0x00007ffa8d550000 - 0x00007ffa8d568000 	C:\Program Files\Java\jdk-17\bin\zip.dll
0x00007ffa9c480000 - 0x00007ffa9c490000 	C:\Program Files\Java\jdk-17\bin\verify.dll
0x00007ffa85f10000 - 0x00007ffa85f1e000 	C:\Program Files\Java\jdk-17\bin\sunmscapi.dll
0x00007ffaa36e0000 - 0x00007ffaa383d000 	C:\Windows\System32\CRYPT32.dll
0x00007ffaa2a20000 - 0x00007ffaa2a47000 	C:\Windows\SYSTEM32\ncrypt.dll
0x00007ffaa29e0000 - 0x00007ffaa2a1b000 	C:\Windows\SYSTEM32\NTASN1.dll
0x00007ffaa2910000 - 0x00007ffaa2928000 	C:\Windows\SYSTEM32\CRYPTSP.dll
0x00007ffaa1ff0000 - 0x00007ffaa2028000 	C:\Windows\system32\rsaenh.dll
0x00007ffaa2f10000 - 0x00007ffaa2f3e000 	C:\Windows\SYSTEM32\USERENV.dll
0x00007ffaa2840000 - 0x00007ffaa284c000 	C:\Windows\SYSTEM32\CRYPTBASE.dll
0x00007ffaa23b0000 - 0x00007ffaa23eb000 	C:\Windows\SYSTEM32\IPHLPAPI.DLL
0x00007ffaa4b60000 - 0x00007ffaa4b68000 	C:\Windows\System32\NSI.dll
0x00007ffa9b400000 - 0x00007ffa9b417000 	C:\Windows\SYSTEM32\dhcpcsvc6.DLL
0x00007ffa9aff0000 - 0x00007ffa9b00d000 	C:\Windows\SYSTEM32\dhcpcsvc.DLL
0x00007ffaa23f0000 - 0x00007ffaa24ba000 	C:\Windows\SYSTEM32\DNSAPI.dll
0x00007ffa8d510000 - 0x00007ffa8d51a000 	C:\Program Files\Java\jdk-17\bin\management.dll
0x00007ffa87b10000 - 0x00007ffa87b1b000 	C:\Program Files\Java\jdk-17\bin\management_ext.dll

dbghelp: loaded successfully - version: 4.0.5 - missing functions: none
symbol engine: initialized successfully - sym options: 0x614 - pdb path: .;C:\Program Files\Java\jdk-17\bin;C:\Windows\SYSTEM32;C:\Windows\WinSxS\amd64_microsoft.windows.common-controls_6595b64144ccf1df_6.0.19041.6456_none_60b8a6cb71f64256;C:\Program Files\Java\jdk-17\bin\server

VM Arguments:
jvm_args: -XX:TieredStopAtLevel=1 
java_command: com.vonoy.pdf_pipeline.PdfPipelineApplication
java_class_path (initial): C:\Users\User\Documents\Vonoy\pdf-pipeline\target\classes;C:\Users\User\.m2\repository\org\springframework\boot\spring-boot\3.5.6\spring-boot-3.5.6.jar;C:\Users\User\.m2\repository\org\springframework\boot\spring-boot-autoconfigure\3.5.6\spring-boot-autoconfigure-3.5.6.jar;C:\Users\User\.m2\repository\ch\qos\logback\logback-classic\1.5.18\logback-classic-1.5.18.jar;C:\Users\User\.m2\repository\ch\qos\logback\logback-core\1.5.18\logback-core-1.5.18.jar;C:\Users\User\.m2\repository\org\apache\logging\log4j\log4j-to-slf4j\2.24.3\log4j-to-slf4j-2.24.3.jar;C:\Users\User\.m2\repository\org\slf4j\jul-to-slf4j\2.0.17\jul-to-slf4j-2.0.17.jar;C:\Users\User\.m2\repository\jakarta\annotation\jakarta.annotation-api\2.1.1\jakarta.annotation-api-2.1.1.jar;C:\Users\User\.m2\repository\org\yaml\snakeyaml\2.4\snakeyaml-2.4.jar;C:\Users\User\.m2\repository\org\springframework\boot\spring-boot-actuator-autoconfigure\3.5.6\spring-boot-actuator-autoconfigure-3.5.6.jar;C:\Users\User\.m2\repository\org\springframework\boot\spring-boot-actuator\3.5.6\spring-boot-actuator-3.5.6.jar;C:\Users\User\.m2\repository\com\fasterxml\jackson\datatype\jackson-datatype-jsr310\2.19.2\jackson-datatype-jsr310-2.19.2.jar;C:\Users\User\.m2\repository\io\micrometer\micrometer-observation\1.15.4\micrometer-observation-1.15.4.jar;C:\Users\User\.m2\repository\io\micrometer\micrometer-commons\1.15.4\micrometer-commons-1.15.4.jar;C:\Users\User\.m2\repository\io\micrometer\micrometer-jakarta9\1.15.4\micrometer-jakarta9-1.15.4.jar;C:\Users\User\.m2\repository\io\micrometer\micrometer-core\1.15.4\micrometer-core-1.15.4.jar;C:\Users\User\.m2\repository\org\hdrhistogram\HdrHistogram\2.2.2\HdrHistogram-2.2.2.jar;C:\Users\User\.m2\repository\org\latencyutils\LatencyUtils\2.0.3\LatencyUtils-2.0.3.jar;C:\Users\User\.m2\repository\com\openhtmltopdf\openhtmltopdf-pdfbox\1.0.10\openhtmltopdf-pdfbox-1.0.10.jar;C:\Users\User\.m2\repository\org\apache\pdfbox\pdfbox\2.0.24\pdfbox-2.0.24.jar;C:\Users\U
Launcher Type: SUN_STANDARD

[Global flags]
     intx CICompilerCount                          = 4                                         {product} {ergonomic}
     uint ConcGCThreads                            = 3                                         {product} {ergonomic}
     uint G1ConcRefinementThreads                  = 10                                        {product} {ergonomic}
   size_t G1HeapRegionSize                         = 1048576                                   {product} {ergonomic}
    uintx GCDrainStackTargetSize                   = 64                                        {product} {ergonomic}
   size_t InitialHeapSize                          = 130023424                                 {product} {ergonomic}
   size_t MarkStackSize                            = 4194304                                   {product} {ergonomic}
   size_t MaxHeapSize                              = 2069889024                                {product} {ergonomic}
   size_t MaxNewSize                               = 1241513984                                {product} {ergonomic}
   size_t MinHeapDeltaBytes                        = 1048576                                   {product} {ergonomic}
   size_t MinHeapSize                              = 8388608                                   {product} {ergonomic}
    uintx NonProfiledCodeHeapSize                  = 0                                      {pd product} {ergonomic}
     bool ProfileInterpreter                       = false                                  {pd product} {command line}
    uintx ProfiledCodeHeapSize                     = 0                                      {pd product} {ergonomic}
   size_t SoftMaxHeapSize                          = 2069889024                             {manageable} {ergonomic}
     intx TieredStopAtLevel                        = 1                                         {product} {command line}
     bool UseCompressedClassPointers               = true                           {product lp64_product} {ergonomic}
     bool UseCompressedOops                        = true                           {product lp64_product} {ergonomic}
     bool UseG1GC                                  = true                                      {product} {ergonomic}
     bool UseLargePagesIndividualAllocation        = false                                  {pd product} {ergonomic}

Logging:
Log output configuration:
 #0: stdout all=warning uptime,level,tags
 #1: stderr all=off uptime,level,tags

Environment Variables:
JAVA_HOME=C:\Program Files\Java\jdk-17
PATH=C:\Program Files\PowerShell\7;C:\Program Files\Common Files\Oracle\Java\javapath;C:\Python311\Scripts\;C:\Python311\;C:\Program Files (x86)\Common Files\Oracle\Java\javapath;C:\app\User\product\21c\dbhomeXE\bin;C:\Program Files\Java\jdk-17\bin;C:\Windows\system32;C:\Windows;C:\Windows\System32\Wbem;C:\Windows\System32\WindowsPowerShell\v1.0\;C:\Windows\System32\OpenSSH\;C:\Program Files (x86)\NVIDIA Corporation\PhysX\Common;C:\Program Files\NVIDIA Corporation\NVIDIA NvDLISR;C:\src\flutter\bin;C:\Program Files\Microsoft SQL Server\150\Tools\Binn\;C:\Program Files\Microsoft SQL Server\Client SDK\ODBC\170\Tools\Binn\;C:\Program Files\dotnet\;C:\Git\cmd;C:\Program Files\MongoDB\Server\6.0\bin;C:\Users\User\Desktop\mongosh-1.8.0-win32-x64\bin;C:\Python311\Scripts\;C:\Program Files\apache-maven\apache-maven-3.9.5\bin;C:\ProgramData\anaconda3;C:\Program Files\PowerShell\7;C:\ProgramData\anaconda3\Scripts;C:\ProgramData\Anaconda3\Library\bin;D:\openssl\bin;D:\Apache24\bin;C:\spring-3.1.5\bin;C:\Program Files\Docker\Docker\resources\bin;C:\Users\User\AppData\Roaming\nvm;C:\Users\User\AppData\Roaming\nvm\v18.20.4;C:\Program Files\Java\jdk-17\bin;C:\Program Files\Tesseract-OCR;C:\Users\User\AppData\Roaming\nvm;%NVM_SYMLINK%;C:\Users\User\AppData\Local\Programs\Microsoft VS Code;C:\Users\User\AppData\Roaming\Python\Python311\Scripts;C:\chromedriver-win64;C:\Program Files\PowerShell\7-preview\preview;C:\Program Files\TortoiseGit\bin;C:\Program Files\PowerShell\7\;C:\Program Files\CMake\bin;C:\src\flutter\bin;C:\src\flutter\bin;C:\Program Files\PowerShell\7;C:\Program Files\Common Files\Oracle\Java\javapath;C:\Python311\Scripts\;C:\Python311\;C:\Program Files (x86)\Common Files\Oracle\Java\javapath;C:\app\User\product\21c\dbhomeXE\bin;C:\Program Files\Java\jdk-17\bin;C:\Windows\system32;C:\Windows;C:\Windows\System32\Wbem;C:\Windows\System32\WindowsPowerShell\v1.0\;C:\Windows\System32\OpenSSH\;C:\Program Files (x86)\NVIDIA Corporation\PhysX\Common;C:\Program Files\NVIDIA Corpor
USERNAME=User
LANG=en_US.UTF-8
OS=Windows_NT
PROCESSOR_IDENTIFIER=Intel64 Family 6 Model 141 Stepping 1, GenuineIntel



---------------  S Y S T E M  ---------------

OS:
 Windows 10 , 64 bit Build 19041 (10.0.19041.5915)
OS uptime: 0 days 1:07 hours
Hyper-V role detected

CPU: total 12 (initial active 12) (6 cores per cpu, 2 threads per core) family 6 model 141 stepping 1 microcode 0x26, cx8, cmov, fxsr, ht, mmx, 3dnowpref, sse, sse2, sse3, ssse3, sse4.1, sse4.2, popcnt, lzcnt, tsc, tscinvbit, avx, avx2, aes, erms, clmul, bmi1, bmi2, adx, avx512f, avx512dq, avx512cd, avx512bw, avx512vl, sha, fma, vzeroupper, avx512_vpopcntdq, avx512_vpclmulqdq, avx512_vaes, avx512_vnni, clflush, clflushopt, clwb, avx512_vbmi2, avx512_vbmi, hv

Memory: 4k page, system-wide physical 7893M (589M free)
TotalPageFile size 16987M (AvailPageFile size 6M)
current process WorkingSet (physical memory assigned to process): 176M, peak: 176M
current process commit charge ("private bytes"): 225M, peak: 250M

vm_info: Java HotSpot(TM) 64-Bit Server VM (17.0.10+11-LTS-240) for windows-amd64 JRE (17.0.10+11-LTS-240), built on Dec 19 2023 21:47:25 by "mach5one" with MS VC++ 17.1 (VS2022)

END.
