#
# There is insufficient memory for the Java Runtime Environment to continue.
# Native memory allocation (malloc) failed to allocate 1033216 bytes for Chunk::new
# Possible reasons:
#   The system is out of physical RAM or swap space
#   The process is running with CompressedOops enabled, and the Java Heap may be blocking the growth of the native heap
# Possible solutions:
#   Reduce memory load on the system
#   Increase physical memory or swap space
#   Check if swap backing store is full
#   Decrease Java heap size (-Xmx/-Xms)
#   Decrease number of Java threads
#   Decrease Java thread stack sizes (-Xss)
#   Set larger code cache with -XX:ReservedCodeCacheSize=
#   JVM is running with Unscaled Compressed Oops mode in which the Java heap is
#     placed in the first 4GB address space. The Java Heap base address is the
#     maximum limit for the native heap growth. Please use -XX:HeapBaseMinAddress
#     to set the Java Heap base and to place the Java Heap above 4GB virtual address.
# This output file may be truncated or incomplete.
#
#  Out of Memory Error (arena.cpp:189), pid=20264, tid=16468
#
# JRE version: Java(TM) SE Runtime Environment (17.0.10+11) (build 17.0.10+11-LTS-240)
# Java VM: Java HotSpot(TM) 64-Bit Server VM (17.0.10+11-LTS-240, mixed mode, sharing, tiered, compressed oops, compressed class ptrs, g1 gc, windows-amd64)
# No core dump will be written. Minidumps are not enabled by default on client versions of Windows
#

---------------  S U M M A R Y ------------

Command Line: -Dclassworlds.conf=C:\Program Files\apache-maven\apache-maven-3.9.5\bin\m2.conf -Dmaven.home=C:\Program Files\apache-maven\apache-maven-3.9.5 -Dlibrary.jansi.path=C:\Program Files\apache-maven\apache-maven-3.9.5\lib\jansi-native -Dmaven.multiModuleProjectDirectory=C:\Users\User\Documents\Vonoy\pdf-pipeline org.codehaus.plexus.classworlds.launcher.Launcher clean spring-boot:run

Host: 11th Gen Intel(R) Core(TM) i5-11400H @ 2.70GHz, 12 cores, 7G,  Windows 10 , 64 bit Build 19041 (10.0.19041.5915)
Time: Thu Oct 30 10:02:51 2025 GMT elapsed time: 14.941176 seconds (0d 0h 0m 14s)

---------------  T H R E A D  ---------------

Current thread (0x0000016458a71630):  JavaThread "C2 CompilerThread0" daemon [_thread_in_native, id=16468, stack(0x0000002388d00000,0x0000002388e00000)]


Current CompileTask:
C2:  14941 8490       4       org.apache.maven.model.inheritance.DefaultInheritanceAssembler$InheritanceModelMerger::mergePluginContainer_Plugins (433 bytes)

Stack: [0x0000002388d00000,0x0000002388e00000]
Native frames: (J=compiled Java code, j=interpreted, Vv=VM code, C=native code)
V  [jvm.dll+0x677a5a]
V  [jvm.dll+0x7d8b2d]
V  [jvm.dll+0x7da48e]
V  [jvm.dll+0x7daaf3]
V  [jvm.dll+0x2455ff]
V  [jvm.dll+0xaaafb]
V  [jvm.dll+0xab09c]
V  [jvm.dll+0x2aafef]
V  [jvm.dll+0x57fd55]
V  [jvm.dll+0x220472]
V  [jvm.dll+0x22084f]
V  [jvm.dll+0x2197a6]
V  [jvm.dll+0x216c79]
V  [jvm.dll+0x1a3410]
V  [jvm.dll+0x226aeb]
V  [jvm.dll+0x224cab]
V  [jvm.dll+0x78e45c]
V  [jvm.dll+0x78888a]
V  [jvm.dll+0x676935]
C  [ucrtbase.dll+0x21bb2]
C  [KERNEL32.DLL+0x17374]
C  [ntdll.dll+0x4cc91]


---------------  P R O C E S S  ---------------

Threads class SMR info:
_java_thread_list=0x00000164a1308200, length=12, elements={
0x000001643a6ad400, 0x0000016458a55fb0, 0x0000016458a57020, 0x0000016458a6b8d0,
0x0000016458a6c1a0, 0x0000016458a6f220, 0x0000016458a6faf0, 0x0000016458a71630,
0x0000016458a7ef70, 0x0000016458a84430, 0x000001649e117560, 0x000001649e121110
}

Java Threads: ( => current thread )
  0x000001643a6ad400 JavaThread "main" [_thread_in_Java, id=18216, stack(0x0000002388000000,0x0000002388100000)]
  0x0000016458a55fb0 JavaThread "Reference Handler" daemon [_thread_blocked, id=9116, stack(0x0000002388700000,0x0000002388800000)]
  0x0000016458a57020 JavaThread "Finalizer" daemon [_thread_blocked, id=13316, stack(0x0000002388800000,0x0000002388900000)]
  0x0000016458a6b8d0 JavaThread "Signal Dispatcher" daemon [_thread_blocked, id=6764, stack(0x0000002388900000,0x0000002388a00000)]
  0x0000016458a6c1a0 JavaThread "Attach Listener" daemon [_thread_blocked, id=10808, stack(0x0000002388a00000,0x0000002388b00000)]
  0x0000016458a6f220 JavaThread "Service Thread" daemon [_thread_blocked, id=16944, stack(0x0000002388b00000,0x0000002388c00000)]
  0x0000016458a6faf0 JavaThread "Monitor Deflation Thread" daemon [_thread_blocked, id=10916, stack(0x0000002388c00000,0x0000002388d00000)]
=>0x0000016458a71630 JavaThread "C2 CompilerThread0" daemon [_thread_in_native, id=16468, stack(0x0000002388d00000,0x0000002388e00000)]
  0x0000016458a7ef70 JavaThread "C1 CompilerThread0" daemon [_thread_blocked, id=7888, stack(0x0000002388e00000,0x0000002388f00000)]
  0x0000016458a84430 JavaThread "Sweeper thread" daemon [_thread_blocked, id=22312, stack(0x0000002388f00000,0x0000002389000000)]
  0x000001649e117560 JavaThread "Notification Thread" daemon [_thread_blocked, id=15748, stack(0x0000002389000000,0x0000002389100000)]
  0x000001649e121110 JavaThread "Common-Cleaner" daemon [_thread_blocked, id=17268, stack(0x0000002389200000,0x0000002389300000)]

Other Threads:
  0x0000016458a512a0 VMThread "VM Thread" [stack: 0x0000002388600000,0x0000002388700000] [id=11488]
  0x000001649e11fe70 WatcherThread [stack: 0x0000002389100000,0x0000002389200000] [id=7784]
  0x000001643a707fd0 GCTaskThread "GC Thread#0" [stack: 0x0000002388100000,0x0000002388200000] [id=5664]
  0x000001649e8fcb40 GCTaskThread "GC Thread#1" [stack: 0x0000002389400000,0x0000002389500000] [id=12848]
  0x000001649e9d2530 GCTaskThread "GC Thread#2" [stack: 0x0000002389500000,0x0000002389600000] [id=6260]
  0x000001649eb33930 GCTaskThread "GC Thread#3" [stack: 0x0000002389600000,0x0000002389700000] [id=14948]
  0x000001649eb33bf0 GCTaskThread "GC Thread#4" [stack: 0x0000002389700000,0x0000002389800000] [id=13268]
  0x000001649ed5dfc0 GCTaskThread "GC Thread#5" [stack: 0x0000002389800000,0x0000002389900000] [id=10588]
  0x000001649ed5e690 GCTaskThread "GC Thread#6" [stack: 0x0000002389900000,0x0000002389a00000] [id=15808]
  0x000001649ed5e950 GCTaskThread "GC Thread#7" [stack: 0x0000002389a00000,0x0000002389b00000] [id=11620]
  0x000001649eaf0610 GCTaskThread "GC Thread#8" [stack: 0x0000002389b00000,0x0000002389c00000] [id=21000]
  0x000001649ec880a0 GCTaskThread "GC Thread#9" [stack: 0x0000002389c00000,0x0000002389d00000] [id=19780]
  0x000001643a718b90 ConcurrentGCThread "G1 Main Marker" [stack: 0x0000002388200000,0x0000002388300000] [id=21128]
  0x000001643a7193b0 ConcurrentGCThread "G1 Conc#0" [stack: 0x0000002388300000,0x0000002388400000] [id=19804]
  0x000001649e7106e0 ConcurrentGCThread "G1 Conc#1" [stack: 0x0000002389d00000,0x0000002389e00000] [id=8756]
  0x000001649faf63b0 ConcurrentGCThread "G1 Conc#2" [stack: 0x0000002389e00000,0x0000002389f00000] [id=14852]
  0x00000164589020b0 ConcurrentGCThread "G1 Refine#0" [stack: 0x0000002388400000,0x0000002388500000] [id=18316]
  0x000001649e9ebba0 ConcurrentGCThread "G1 Refine#1" [stack: 0x0000002389f00000,0x000000238a000000] [id=13640]
  0x00000164589028f0 ConcurrentGCThread "G1 Service" [stack: 0x0000002388500000,0x0000002388600000] [id=17672]

Threads with active compile tasks:
C2 CompilerThread0    14974 8490       4       org.apache.maven.model.inheritance.DefaultInheritanceAssembler$InheritanceModelMerger::mergePluginContainer_Plugins (433 bytes)
C1 CompilerThread0    14974 8530       3       org.eclipse.aether.named.support.NamedLockFactorySupport::lambda$getLock$0 (25 bytes)

VM state: not at safepoint (normal execution)

VM Mutex/Monitor currently owned by a thread: None

Heap address: 0x0000000084a00000, size: 1974 MB, Compressed Oops mode: 32-bit

CDS archive(s) mapped at: [0x0000016459000000-0x0000016459bd0000-0x0000016459bd0000), size 12386304, SharedBaseAddress: 0x0000016459000000, ArchiveRelocationMode: 1.
Compressed class space mapped at: 0x000001645a000000-0x000001649a000000, reserved size: 1073741824
Narrow klass base: 0x0000016459000000, Narrow klass shift: 0, Narrow klass range: 0x100000000

GC Precious Log:
 CPUs: 12 total, 12 available
 Memory: 7893M
 Large Page Support: Disabled
 NUMA Support: Disabled
 Compressed Oops: Enabled (32-bit)
 Heap Region Size: 1M
 Heap Min Capacity: 8M
 Heap Initial Capacity: 124M
 Heap Max Capacity: 1974M
 Pre-touch: Disabled
 Parallel Workers: 10
 Concurrent Workers: 3
 Concurrent Refinement Workers: 10
 Periodic GC: Disabled

Heap:
 garbage-first heap   total 162816K, used 76544K [0x0000000084a00000, 0x0000000100000000)
  region size 1024K, 8 young (8192K), 2 survivors (2048K)
 Metaspace       used 31256K, committed 32256K, reserved 1114112K
  class space    used 3521K, committed 3904K, reserved 1048576K

Heap Regions: E=young(eden), S=young(survivor), O=old, HS=humongous(starts), HC=humongous(continues), CS=collection set, F=free, OA=open archive, CA=closed archive, TAMS=top-at-mark-start (previous, next)
|   0|0x0000000084a00000, 0x0000000084b00000, 0x0000000084b00000|100%| O|  |TAMS 0x0000000084b00000, 0x0000000084a00000| Untracked 
|   1|0x0000000084b00000, 0x0000000084c00000, 0x0000000084c00000|100%| O|  |TAMS 0x0000000084c00000, 0x0000000084b00000| Untracked 
|   2|0x0000000084c00000, 0x0000000084d00000, 0x0000000084d00000|100%| O|  |TAMS 0x0000000084d00000, 0x0000000084c00000| Untracked 
|   3|0x0000000084d00000, 0x0000000084e00000, 0x0000000084e00000|100%| O|  |TAMS 0x0000000084e00000, 0x0000000084d00000| Untracked 
|   4|0x0000000084e00000, 0x0000000084f00000, 0x0000000084f00000|100%| O|  |TAMS 0x0000000084f00000, 0x0000000084e00000| Untracked 
|   5|0x0000000084f00000, 0x0000000085000000, 0x0000000085000000|100%| O|  |TAMS 0x0000000085000000, 0x0000000084f00000| Untracked 
|   6|0x0000000085000000, 0x0000000085100000, 0x0000000085100000|100%| O|  |TAMS 0x0000000085100000, 0x0000000085000000| Untracked 
|   7|0x0000000085100000, 0x0000000085200000, 0x0000000085200000|100%| O|  |TAMS 0x0000000085200000, 0x0000000085100000| Untracked 
|   8|0x0000000085200000, 0x0000000085300000, 0x0000000085300000|100%| O|  |TAMS 0x0000000085300000, 0x0000000085200000| Untracked 
|   9|0x0000000085300000, 0x0000000085400000, 0x0000000085400000|100%| O|  |TAMS 0x0000000085400000, 0x0000000085300000| Untracked 
|  10|0x0000000085400000, 0x0000000085500000, 0x0000000085500000|100%| O|  |TAMS 0x0000000085500000, 0x0000000085400000| Untracked 
|  11|0x0000000085500000, 0x0000000085600000, 0x0000000085600000|100%| O|  |TAMS 0x0000000085600000, 0x0000000085500000| Untracked 
|  12|0x0000000085600000, 0x0000000085700000, 0x0000000085700000|100%| O|  |TAMS 0x0000000085700000, 0x0000000085600000| Untracked 
|  13|0x0000000085700000, 0x0000000085800000, 0x0000000085800000|100%| O|  |TAMS 0x0000000085800000, 0x0000000085700000| Untracked 
|  14|0x0000000085800000, 0x0000000085900000, 0x0000000085900000|100%| O|  |TAMS 0x0000000085900000, 0x0000000085800000| Untracked 
|  15|0x0000000085900000, 0x0000000085a00000, 0x0000000085a00000|100%| O|  |TAMS 0x0000000085a00000, 0x0000000085900000| Untracked 
|  16|0x0000000085a00000, 0x0000000085a00000, 0x0000000085b00000|  0%| F|  |TAMS 0x0000000085a00000, 0x0000000085a00000| Untracked 
|  17|0x0000000085b00000, 0x0000000085b00000, 0x0000000085c00000|  0%| F|  |TAMS 0x0000000085b00000, 0x0000000085b00000| Untracked 
|  18|0x0000000085c00000, 0x0000000085d00000, 0x0000000085d00000|100%| O|  |TAMS 0x0000000085d00000, 0x0000000085c00000| Untracked 
|  19|0x0000000085d00000, 0x0000000085e00000, 0x0000000085e00000|100%| O|  |TAMS 0x0000000085e00000, 0x0000000085d00000| Untracked 
|  20|0x0000000085e00000, 0x0000000085f00000, 0x0000000085f00000|100%| O|  |TAMS 0x0000000085f00000, 0x0000000085e00000| Untracked 
|  21|0x0000000085f00000, 0x0000000086000000, 0x0000000086000000|100%| O|  |TAMS 0x0000000086000000, 0x0000000085f00000| Untracked 
|  22|0x0000000086000000, 0x0000000086100000, 0x0000000086100000|100%| O|  |TAMS 0x0000000086100000, 0x0000000086000000| Untracked 
|  23|0x0000000086100000, 0x0000000086200000, 0x0000000086200000|100%| O|  |TAMS 0x0000000086200000, 0x0000000086100000| Untracked 
|  24|0x0000000086200000, 0x0000000086300000, 0x0000000086300000|100%| O|  |TAMS 0x0000000086300000, 0x0000000086200000| Untracked 
|  25|0x0000000086300000, 0x0000000086300000, 0x0000000086400000|  0%| F|  |TAMS 0x0000000086300000, 0x0000000086300000| Untracked 
|  26|0x0000000086400000, 0x0000000086500000, 0x0000000086500000|100%|HS|  |TAMS 0x0000000086500000, 0x0000000086400000| Complete 
|  27|0x0000000086500000, 0x0000000086600000, 0x0000000086600000|100%| O|  |TAMS 0x0000000086600000, 0x0000000086500000| Complete 
|  28|0x0000000086600000, 0x0000000086600000, 0x0000000086700000|  0%| F|  |TAMS 0x0000000086600000, 0x0000000086600000| Untracked 
|  29|0x0000000086700000, 0x0000000086700000, 0x0000000086800000|  0%| F|  |TAMS 0x0000000086700000, 0x0000000086700000| Untracked 
|  30|0x0000000086800000, 0x0000000086900000, 0x0000000086900000|100%| O|  |TAMS 0x0000000086900000, 0x0000000086800000| Complete 
|  31|0x0000000086900000, 0x0000000086a00000, 0x0000000086a00000|100%| O|  |TAMS 0x0000000086a00000, 0x0000000086900000| Complete 
|  32|0x0000000086a00000, 0x0000000086a00000, 0x0000000086b00000|  0%| F|  |TAMS 0x0000000086a00000, 0x0000000086a00000| Untracked 
|  33|0x0000000086b00000, 0x0000000086c00000, 0x0000000086c00000|100%| O|  |TAMS 0x0000000086c00000, 0x0000000086b00000| Complete 
|  34|0x0000000086c00000, 0x0000000086d00000, 0x0000000086d00000|100%| O|  |TAMS 0x0000000086d00000, 0x0000000086c00000| Untracked 
|  35|0x0000000086d00000, 0x0000000086e00000, 0x0000000086e00000|100%| O|  |TAMS 0x0000000086e00000, 0x0000000086d00000| Complete 
|  36|0x0000000086e00000, 0x0000000086f00000, 0x0000000086f00000|100%| O|  |TAMS 0x0000000086f00000, 0x0000000086e00000| Complete 
|  37|0x0000000086f00000, 0x0000000087000000, 0x0000000087000000|100%| O|  |TAMS 0x0000000087000000, 0x0000000086f00000| Complete 
|  38|0x0000000087000000, 0x0000000087100000, 0x0000000087100000|100%| O|  |TAMS 0x0000000087100000, 0x0000000087000000| Complete 
|  39|0x0000000087100000, 0x0000000087200000, 0x0000000087200000|100%| O|  |TAMS 0x0000000087200000, 0x0000000087100000| Complete 
|  40|0x0000000087200000, 0x0000000087200000, 0x0000000087300000|  0%| F|  |TAMS 0x0000000087200000, 0x0000000087200000| Untracked 
|  41|0x0000000087300000, 0x0000000087300000, 0x0000000087400000|  0%| F|  |TAMS 0x0000000087300000, 0x0000000087300000| Untracked 
|  42|0x0000000087400000, 0x0000000087400000, 0x0000000087500000|  0%| F|  |TAMS 0x0000000087400000, 0x0000000087400000| Untracked 
|  43|0x0000000087500000, 0x0000000087500000, 0x0000000087600000|  0%| F|  |TAMS 0x0000000087500000, 0x0000000087500000| Untracked 
|  44|0x0000000087600000, 0x0000000087600000, 0x0000000087700000|  0%| F|  |TAMS 0x0000000087600000, 0x0000000087600000| Untracked 
|  45|0x0000000087700000, 0x0000000087700000, 0x0000000087800000|  0%| F|  |TAMS 0x0000000087700000, 0x0000000087700000| Untracked 
|  46|0x0000000087800000, 0x0000000087900000, 0x0000000087900000|100%|HS|  |TAMS 0x0000000087900000, 0x0000000087800000| Complete 
|  47|0x0000000087900000, 0x0000000087a00000, 0x0000000087a00000|100%|HC|  |TAMS 0x0000000087a00000, 0x0000000087900000| Complete 
|  48|0x0000000087a00000, 0x0000000087b00000, 0x0000000087b00000|100%| O|  |TAMS 0x0000000087b00000, 0x0000000087a00000| Complete 
|  49|0x0000000087b00000, 0x0000000087c00000, 0x0000000087c00000|100%| O|  |TAMS 0x0000000087c00000, 0x0000000087b00000| Untracked 
|  50|0x0000000087c00000, 0x0000000087d00000, 0x0000000087d00000|100%| O|  |TAMS 0x0000000087d00000, 0x0000000087c00000| Complete 
|  51|0x0000000087d00000, 0x0000000087e00000, 0x0000000087e00000|100%| O|  |TAMS 0x0000000087e00000, 0x0000000087d00000| Complete 
|  52|0x0000000087e00000, 0x0000000087f00000, 0x0000000087f00000|100%| O|  |TAMS 0x0000000087f00000, 0x0000000087e00000| Complete 
|  53|0x0000000087f00000, 0x0000000088000000, 0x0000000088000000|100%| O|  |TAMS 0x0000000088000000, 0x0000000087f00000| Complete 
|  54|0x0000000088000000, 0x0000000088100000, 0x0000000088100000|100%| O|  |TAMS 0x0000000088100000, 0x0000000088000000| Complete 
|  55|0x0000000088100000, 0x0000000088200000, 0x0000000088200000|100%| O|  |TAMS 0x0000000088200000, 0x0000000088100000| Complete 
|  56|0x0000000088200000, 0x0000000088300000, 0x0000000088300000|100%| O|  |TAMS 0x0000000088300000, 0x0000000088200000| Complete 
|  57|0x0000000088300000, 0x0000000088400000, 0x0000000088400000|100%| O|  |TAMS 0x0000000088400000, 0x0000000088300000| Complete 
|  58|0x0000000088400000, 0x0000000088500000, 0x0000000088500000|100%| O|  |TAMS 0x0000000088500000, 0x0000000088400000| Untracked 
|  59|0x0000000088500000, 0x0000000088600000, 0x0000000088600000|100%| O|  |TAMS 0x0000000088600000, 0x0000000088500000| Complete 
|  60|0x0000000088600000, 0x0000000088700000, 0x0000000088700000|100%| O|  |TAMS 0x0000000088700000, 0x0000000088600000| Untracked 
|  61|0x0000000088700000, 0x0000000088800000, 0x0000000088800000|100%| O|  |TAMS 0x0000000088800000, 0x0000000088700000| Untracked 
|  62|0x0000000088800000, 0x0000000088900000, 0x0000000088900000|100%| O|  |TAMS 0x0000000088900000, 0x0000000088800000| Complete 
|  63|0x0000000088900000, 0x0000000088a00000, 0x0000000088a00000|100%| O|  |TAMS 0x0000000088a00000, 0x0000000088900000| Complete 
|  64|0x0000000088a00000, 0x0000000088b00000, 0x0000000088b00000|100%| O|  |TAMS 0x0000000088b00000, 0x0000000088a00000| Complete 
|  65|0x0000000088b00000, 0x0000000088c00000, 0x0000000088c00000|100%| O|  |TAMS 0x0000000088c00000, 0x0000000088b00000| Untracked 
|  66|0x0000000088c00000, 0x0000000088d00000, 0x0000000088d00000|100%| O|  |TAMS 0x0000000088d00000, 0x0000000088c00000| Complete 
|  67|0x0000000088d00000, 0x0000000088e00000, 0x0000000088e00000|100%| O|  |TAMS 0x0000000088e00000, 0x0000000088d00000| Untracked 
|  68|0x0000000088e00000, 0x0000000088f00000, 0x0000000088f00000|100%| O|  |TAMS 0x0000000088f00000, 0x0000000088e00000| Untracked 
|  69|0x0000000088f00000, 0x0000000089000000, 0x0000000089000000|100%| O|  |TAMS 0x0000000089000000, 0x0000000088f00000| Untracked 
|  70|0x0000000089000000, 0x0000000089100000, 0x0000000089100000|100%| O|  |TAMS 0x0000000089100000, 0x0000000089000000| Complete 
|  71|0x0000000089100000, 0x0000000089200000, 0x0000000089200000|100%| O|  |TAMS 0x0000000089200000, 0x0000000089100000| Complete 
|  72|0x0000000089200000, 0x0000000089300000, 0x0000000089300000|100%| O|  |TAMS 0x0000000089300000, 0x0000000089200000| Untracked 
|  73|0x0000000089300000, 0x0000000089400000, 0x0000000089400000|100%| O|  |TAMS 0x0000000089400000, 0x0000000089300000| Untracked 
|  74|0x0000000089400000, 0x0000000089500000, 0x0000000089500000|100%| O|  |TAMS 0x0000000089500000, 0x0000000089400000| Untracked 
|  75|0x0000000089500000, 0x0000000089600000, 0x0000000089600000|100%| O|  |TAMS 0x0000000089600000, 0x0000000089500000| Untracked 
|  76|0x0000000089600000, 0x0000000089700000, 0x0000000089700000|100%| O|  |TAMS 0x0000000089700000, 0x0000000089600000| Untracked 
|  77|0x0000000089700000, 0x00000000897dd600, 0x0000000089800000| 86%| O|  |TAMS 0x00000000897dd600, 0x0000000089700000| Untracked 
|  78|0x0000000089800000, 0x0000000089800000, 0x0000000089900000|  0%| F|  |TAMS 0x0000000089800000, 0x0000000089800000| Untracked 
|  79|0x0000000089900000, 0x0000000089900000, 0x0000000089a00000|  0%| F|  |TAMS 0x0000000089900000, 0x0000000089900000| Untracked 
|  80|0x0000000089a00000, 0x0000000089a00000, 0x0000000089b00000|  0%| F|  |TAMS 0x0000000089a00000, 0x0000000089a00000| Untracked 
|  81|0x0000000089b00000, 0x0000000089b00000, 0x0000000089c00000|  0%| F|  |TAMS 0x0000000089b00000, 0x0000000089b00000| Untracked 
|  82|0x0000000089c00000, 0x0000000089c00000, 0x0000000089d00000|  0%| F|  |TAMS 0x0000000089c00000, 0x0000000089c00000| Untracked 
|  83|0x0000000089d00000, 0x0000000089d00000, 0x0000000089e00000|  0%| F|  |TAMS 0x0000000089d00000, 0x0000000089d00000| Untracked 
|  84|0x0000000089e00000, 0x0000000089e00000, 0x0000000089f00000|  0%| F|  |TAMS 0x0000000089e00000, 0x0000000089e00000| Untracked 
|  85|0x0000000089f00000, 0x0000000089f00000, 0x000000008a000000|  0%| F|  |TAMS 0x0000000089f00000, 0x0000000089f00000| Untracked 
|  86|0x000000008a000000, 0x000000008a000000, 0x000000008a100000|  0%| F|  |TAMS 0x000000008a000000, 0x000000008a000000| Untracked 
|  87|0x000000008a100000, 0x000000008a100000, 0x000000008a200000|  0%| F|  |TAMS 0x000000008a100000, 0x000000008a100000| Untracked 
|  88|0x000000008a200000, 0x000000008a200000, 0x000000008a300000|  0%| F|  |TAMS 0x000000008a200000, 0x000000008a200000| Untracked 
|  89|0x000000008a300000, 0x000000008a300000, 0x000000008a400000|  0%| F|  |TAMS 0x000000008a300000, 0x000000008a300000| Untracked 
|  90|0x000000008a400000, 0x000000008a400000, 0x000000008a500000|  0%| F|  |TAMS 0x000000008a400000, 0x000000008a400000| Untracked 
|  91|0x000000008a500000, 0x000000008a500000, 0x000000008a600000|  0%| F|  |TAMS 0x000000008a500000, 0x000000008a500000| Untracked 
|  92|0x000000008a600000, 0x000000008a600000, 0x000000008a700000|  0%| F|  |TAMS 0x000000008a600000, 0x000000008a600000| Untracked 
|  93|0x000000008a700000, 0x000000008a700000, 0x000000008a800000|  0%| F|  |TAMS 0x000000008a700000, 0x000000008a700000| Untracked 
|  94|0x000000008a800000, 0x000000008a800000, 0x000000008a900000|  0%| F|  |TAMS 0x000000008a800000, 0x000000008a800000| Untracked 
|  95|0x000000008a900000, 0x000000008a900000, 0x000000008aa00000|  0%| F|  |TAMS 0x000000008a900000, 0x000000008a900000| Untracked 
|  96|0x000000008aa00000, 0x000000008aa00000, 0x000000008ab00000|  0%| F|  |TAMS 0x000000008aa00000, 0x000000008aa00000| Untracked 
|  97|0x000000008ab00000, 0x000000008ab00000, 0x000000008ac00000|  0%| F|  |TAMS 0x000000008ab00000, 0x000000008ab00000| Untracked 
|  98|0x000000008ac00000, 0x000000008ac00000, 0x000000008ad00000|  0%| F|  |TAMS 0x000000008ac00000, 0x000000008ac00000| Untracked 
|  99|0x000000008ad00000, 0x000000008ad00000, 0x000000008ae00000|  0%| F|  |TAMS 0x000000008ad00000, 0x000000008ad00000| Untracked 
| 100|0x000000008ae00000, 0x000000008ae00000, 0x000000008af00000|  0%| F|  |TAMS 0x000000008ae00000, 0x000000008ae00000| Untracked 
| 101|0x000000008af00000, 0x000000008af00000, 0x000000008b000000|  0%| F|  |TAMS 0x000000008af00000, 0x000000008af00000| Untracked 
| 102|0x000000008b000000, 0x000000008b000000, 0x000000008b100000|  0%| F|  |TAMS 0x000000008b000000, 0x000000008b000000| Untracked 
| 103|0x000000008b100000, 0x000000008b100000, 0x000000008b200000|  0%| F|  |TAMS 0x000000008b100000, 0x000000008b100000| Untracked 
| 104|0x000000008b200000, 0x000000008b200000, 0x000000008b300000|  0%| F|  |TAMS 0x000000008b200000, 0x000000008b200000| Untracked 
| 105|0x000000008b300000, 0x000000008b300000, 0x000000008b400000|  0%| F|  |TAMS 0x000000008b300000, 0x000000008b300000| Untracked 
| 106|0x000000008b400000, 0x000000008b400000, 0x000000008b500000|  0%| F|  |TAMS 0x000000008b400000, 0x000000008b400000| Untracked 
| 107|0x000000008b500000, 0x000000008b500000, 0x000000008b600000|  0%| F|  |TAMS 0x000000008b500000, 0x000000008b500000| Untracked 
| 108|0x000000008b600000, 0x000000008b600000, 0x000000008b700000|  0%| F|  |TAMS 0x000000008b600000, 0x000000008b600000| Untracked 
| 109|0x000000008b700000, 0x000000008b700000, 0x000000008b800000|  0%| F|  |TAMS 0x000000008b700000, 0x000000008b700000| Untracked 
| 110|0x000000008b800000, 0x000000008b800000, 0x000000008b900000|  0%| F|  |TAMS 0x000000008b800000, 0x000000008b800000| Untracked 
| 111|0x000000008b900000, 0x000000008b900000, 0x000000008ba00000|  0%| F|  |TAMS 0x000000008b900000, 0x000000008b900000| Untracked 
| 112|0x000000008ba00000, 0x000000008ba00000, 0x000000008bb00000|  0%| F|  |TAMS 0x000000008ba00000, 0x000000008ba00000| Untracked 
| 113|0x000000008bb00000, 0x000000008bbe2ce0, 0x000000008bc00000| 88%| S|CS|TAMS 0x000000008bb00000, 0x000000008bb00000| Complete 
| 114|0x000000008bc00000, 0x000000008bd00000, 0x000000008bd00000|100%| S|CS|TAMS 0x000000008bc00000, 0x000000008bc00000| Complete 
| 115|0x000000008bd00000, 0x000000008bd00000, 0x000000008be00000|  0%| F|  |TAMS 0x000000008bd00000, 0x000000008bd00000| Untracked 
| 116|0x000000008be00000, 0x000000008be00000, 0x000000008bf00000|  0%| F|  |TAMS 0x000000008be00000, 0x000000008be00000| Untracked 
| 117|0x000000008bf00000, 0x000000008bf00000, 0x000000008c000000|  0%| F|  |TAMS 0x000000008bf00000, 0x000000008bf00000| Untracked 
| 118|0x000000008c000000, 0x000000008c000000, 0x000000008c100000|  0%| F|  |TAMS 0x000000008c000000, 0x000000008c000000| Untracked 
| 119|0x000000008c100000, 0x000000008c100000, 0x000000008c200000|  0%| F|  |TAMS 0x000000008c100000, 0x000000008c100000| Untracked 
| 120|0x000000008c200000, 0x000000008c200000, 0x000000008c300000|  0%| F|  |TAMS 0x000000008c200000, 0x000000008c200000| Untracked 
| 121|0x000000008c300000, 0x000000008c300000, 0x000000008c400000|  0%| F|  |TAMS 0x000000008c300000, 0x000000008c300000| Untracked 
| 122|0x000000008c400000, 0x000000008c400000, 0x000000008c500000|  0%| F|  |TAMS 0x000000008c400000, 0x000000008c400000| Untracked 
| 123|0x000000008c500000, 0x000000008c500000, 0x000000008c600000|  0%| F|  |TAMS 0x000000008c500000, 0x000000008c500000| Untracked 
| 124|0x000000008c600000, 0x000000008c600000, 0x000000008c700000|  0%| F|  |TAMS 0x000000008c600000, 0x000000008c600000| Untracked 
| 125|0x000000008c700000, 0x000000008c700000, 0x000000008c800000|  0%| F|  |TAMS 0x000000008c700000, 0x000000008c700000| Untracked 
| 126|0x000000008c800000, 0x000000008c800000, 0x000000008c900000|  0%| F|  |TAMS 0x000000008c800000, 0x000000008c800000| Untracked 
| 127|0x000000008c900000, 0x000000008c900000, 0x000000008ca00000|  0%| F|  |TAMS 0x000000008c900000, 0x000000008c900000| Untracked 
| 128|0x000000008ca00000, 0x000000008ca00000, 0x000000008cb00000|  0%| F|  |TAMS 0x000000008ca00000, 0x000000008ca00000| Untracked 
| 129|0x000000008cb00000, 0x000000008cb00000, 0x000000008cc00000|  0%| F|  |TAMS 0x000000008cb00000, 0x000000008cb00000| Untracked 
| 130|0x000000008cc00000, 0x000000008cc00000, 0x000000008cd00000|  0%| F|  |TAMS 0x000000008cc00000, 0x000000008cc00000| Untracked 
| 131|0x000000008cd00000, 0x000000008cd00000, 0x000000008ce00000|  0%| F|  |TAMS 0x000000008cd00000, 0x000000008cd00000| Untracked 
| 132|0x000000008ce00000, 0x000000008ce00000, 0x000000008cf00000|  0%| F|  |TAMS 0x000000008ce00000, 0x000000008ce00000| Untracked 
| 133|0x000000008cf00000, 0x000000008cf00000, 0x000000008d000000|  0%| F|  |TAMS 0x000000008cf00000, 0x000000008cf00000| Untracked 
| 134|0x000000008d000000, 0x000000008d000000, 0x000000008d100000|  0%| F|  |TAMS 0x000000008d000000, 0x000000008d000000| Untracked 
| 135|0x000000008d100000, 0x000000008d100000, 0x000000008d200000|  0%| F|  |TAMS 0x000000008d100000, 0x000000008d100000| Untracked 
| 136|0x000000008d200000, 0x000000008d200000, 0x000000008d300000|  0%| F|  |TAMS 0x000000008d200000, 0x000000008d200000| Untracked 
| 137|0x000000008d300000, 0x000000008d300000, 0x000000008d400000|  0%| F|  |TAMS 0x000000008d300000, 0x000000008d300000| Untracked 
| 138|0x000000008d400000, 0x000000008d400000, 0x000000008d500000|  0%| F|  |TAMS 0x000000008d400000, 0x000000008d400000| Untracked 
| 139|0x000000008d500000, 0x000000008d500000, 0x000000008d600000|  0%| F|  |TAMS 0x000000008d500000, 0x000000008d500000| Untracked 
| 140|0x000000008d600000, 0x000000008d600000, 0x000000008d700000|  0%| F|  |TAMS 0x000000008d600000, 0x000000008d600000| Untracked 
| 141|0x000000008d700000, 0x000000008d700000, 0x000000008d800000|  0%| F|  |TAMS 0x000000008d700000, 0x000000008d700000| Untracked 
| 142|0x000000008d800000, 0x000000008d800000, 0x000000008d900000|  0%| F|  |TAMS 0x000000008d800000, 0x000000008d800000| Untracked 
| 143|0x000000008d900000, 0x000000008d900000, 0x000000008da00000|  0%| F|  |TAMS 0x000000008d900000, 0x000000008d900000| Untracked 
| 144|0x000000008da00000, 0x000000008da00000, 0x000000008db00000|  0%| F|  |TAMS 0x000000008da00000, 0x000000008da00000| Untracked 
| 145|0x000000008db00000, 0x000000008db00000, 0x000000008dc00000|  0%| F|  |TAMS 0x000000008db00000, 0x000000008db00000| Untracked 
| 146|0x000000008dc00000, 0x000000008dc00000, 0x000000008dd00000|  0%| F|  |TAMS 0x000000008dc00000, 0x000000008dc00000| Untracked 
| 147|0x000000008dd00000, 0x000000008dd00000, 0x000000008de00000|  0%| F|  |TAMS 0x000000008dd00000, 0x000000008dd00000| Untracked 
| 148|0x000000008de00000, 0x000000008de00000, 0x000000008df00000|  0%| F|  |TAMS 0x000000008de00000, 0x000000008de00000| Untracked 
| 149|0x000000008df00000, 0x000000008df00000, 0x000000008e000000|  0%| F|  |TAMS 0x000000008df00000, 0x000000008df00000| Untracked 
| 150|0x000000008e000000, 0x000000008e000000, 0x000000008e100000|  0%| F|  |TAMS 0x000000008e000000, 0x000000008e000000| Untracked 
| 151|0x000000008e100000, 0x000000008e180800, 0x000000008e200000| 50%| E|  |TAMS 0x000000008e100000, 0x000000008e100000| Complete 
|1967|0x00000000ff900000, 0x00000000ffa00000, 0x00000000ffa00000|100%| O|  |TAMS 0x00000000ffa00000, 0x00000000ff900000| Complete 
|1968|0x00000000ffa00000, 0x00000000ffb00000, 0x00000000ffb00000|100%| E|CS|TAMS 0x00000000ffa00000, 0x00000000ffa00000| Complete 
|1969|0x00000000ffb00000, 0x00000000ffc00000, 0x00000000ffc00000|100%| E|CS|TAMS 0x00000000ffb00000, 0x00000000ffb00000| Complete 
|1970|0x00000000ffc00000, 0x00000000ffd00000, 0x00000000ffd00000|100%| E|CS|TAMS 0x00000000ffc00000, 0x00000000ffc00000| Complete 
|1971|0x00000000ffd00000, 0x00000000ffe00000, 0x00000000ffe00000|100%| E|CS|TAMS 0x00000000ffd00000, 0x00000000ffd00000| Complete 
|1972|0x00000000ffe00000, 0x00000000fff00000, 0x00000000fff00000|100%| O|  |TAMS 0x00000000fff00000, 0x00000000ffe00000| Complete 
|1973|0x00000000fff00000, 0x0000000100000000, 0x0000000100000000|100%| E|CS|TAMS 0x00000000fff00000, 0x00000000fff00000| Complete 

Card table byte_map: [0x00000164518a0000,0x0000016451c80000] _byte_map_base: 0x000001645147b000

Marking Bits (Prev, Next): (CMBitMap*) 0x000001643a708440, (CMBitMap*) 0x000001643a708400
 Prev Bits: [0x0000016453f40000, 0x0000016455e18000)
 Next Bits: [0x0000016452060000, 0x0000016453f38000)

Polling page: 0x00000164384f0000

Metaspace:

Usage:
  Non-class:     27.09 MB used.
      Class:      3.44 MB used.
       Both:     30.53 MB used.

Virtual space:
  Non-class space:       64.00 MB reserved,      27.69 MB ( 43%) committed,  1 nodes.
      Class space:        1.00 GB reserved,       3.81 MB ( <1%) committed,  1 nodes.
             Both:        1.06 GB reserved,      31.50 MB (  3%) committed. 

Chunk freelists:
   Non-Class:  4.28 MB
       Class:  12.38 MB
        Both:  16.66 MB

MaxMetaspaceSize: unlimited
CompressedClassSpaceSize: 1.00 GB
Initial GC threshold: 21.00 MB
Current GC threshold: 52.44 MB
CDS: on
MetaspaceReclaimPolicy: balanced
 - commit_granule_bytes: 65536.
 - commit_granule_words: 8192.
 - virtual_space_node_default_size: 8388608.
 - enlarge_chunks_in_place: 1.
 - new_chunks_are_fully_committed: 0.
 - uncommit_free_chunks: 1.
 - use_allocation_guard: 0.
 - handle_deallocations: 1.


Internal statistics:

num_allocs_failed_limit: 5.
num_arena_births: 248.
num_arena_deaths: 8.
num_vsnodes_births: 2.
num_vsnodes_deaths: 0.
num_space_committed: 522.
num_space_uncommitted: 18.
num_chunks_returned_to_freelist: 95.
num_chunks_taken_from_freelist: 1489.
num_chunk_merges: 27.
num_chunk_splits: 1033.
num_chunks_enlarged: 787.
num_inconsistent_stats: 0.

CodeHeap 'non-profiled nmethods': size=120000Kb used=4429Kb max_used=4429Kb free=115570Kb
 bounds [0x0000016449a30000, 0x0000016449e90000, 0x0000016450f60000]
CodeHeap 'profiled nmethods': size=120000Kb used=16754Kb max_used=16754Kb free=103245Kb
 bounds [0x0000016441f60000, 0x0000016442fc0000, 0x0000016449490000]
CodeHeap 'non-nmethods': size=5760Kb used=1234Kb max_used=1287Kb free=4525Kb
 bounds [0x0000016449490000, 0x0000016449700000, 0x0000016449a30000]
 total_blobs=8229 nmethods=7701 adapters=440
 compilation: enabled
              stopped_count=0, restarted_count=0
 full_count=0

Compilation events (20 events):
Event: 14.844 Thread 0x0000016458a7ef70 8511       3       org.eclipse.aether.internal.impl.collect.DataPool$GraphKey::<init> (77 bytes)
Event: 14.845 Thread 0x0000016458a7ef70 nmethod 8511 0x0000016442f9bc10 code [0x0000016442f9be40, 0x0000016442f9cc48]
Event: 14.845 Thread 0x0000016458a7ef70 8512       3       org.eclipse.aether.util.graph.manager.ClassicDependencyManager::hashCode (90 bytes)
Event: 14.845 Thread 0x0000016458a7ef70 nmethod 8512 0x0000016442f9cf10 code [0x0000016442f9d0e0, 0x0000016442f9d5b8]
Event: 14.845 Thread 0x0000016458a7ef70 8513       3       org.eclipse.aether.util.graph.traverser.FatArtifactTraverser::hashCode (8 bytes)
Event: 14.845 Thread 0x0000016458a7ef70 nmethod 8513 0x0000016442f9d710 code [0x0000016442f9d8c0, 0x0000016442f9dac8]
Event: 14.845 Thread 0x0000016458a7ef70 8509       3       org.apache.maven.model.interpolation.StringVisitorModelInterpolator$ModelVisitor::visit (152 bytes)
Event: 14.846 Thread 0x0000016458a7ef70 nmethod 8509 0x0000016442f9db90 code [0x0000016442f9de40, 0x0000016442f9eba8]
Event: 14.846 Thread 0x0000016458a7ef70 8510       3       org.apache.maven.model.interpolation.StringVisitorModelInterpolator$ModelVisitor::visit (47 bytes)
Event: 14.847 Thread 0x0000016458a7ef70 nmethod 8510 0x0000016442f9f010 code [0x0000016442f9f200, 0x0000016442f9f6b8]
Event: 14.892 Thread 0x0000016458a7ef70 8514       3       jdk.internal.misc.VM::addFinalRefCount (24 bytes)
Event: 14.892 Thread 0x0000016458a7ef70 nmethod 8514 0x0000016442f9f910 code [0x0000016442f9faa0, 0x0000016442f9fc18]
Event: 14.892 Thread 0x0000016458a7ef70 8515       3       java.lang.ref.ReferenceQueue::remove (6 bytes)
Event: 14.892 Thread 0x0000016458a7ef70 nmethod 8515 0x0000016442f9fc90 code [0x0000016442f9fe20, 0x0000016442f9ffe8]
Event: 14.892 Thread 0x0000016458a7ef70 8516   !   3       java.lang.ref.Finalizer::runFinalizer (131 bytes)
Event: 14.894 Thread 0x0000016458a7ef70 nmethod 8516 0x0000016442fa0090 code [0x0000016442fa02c0, 0x0000016442fa0d88]
Event: 14.894 Thread 0x0000016458a7ef70 8517       3       jdk.nio.zipfs.ZipFileSystem::finalize (5 bytes)
Event: 14.894 Thread 0x0000016458a7ef70 nmethod 8517 0x0000016442fa1110 code [0x0000016442fa12c0, 0x0000016442fa1408]
Event: 14.926 Thread 0x0000016458a7ef70 8519       1       org.apache.maven.model.MailingList::setPost (6 bytes)
Event: 14.926 Thread 0x0000016458a7ef70 nmethod 8519 0x0000016449e82710 code [0x0000016449e828a0, 0x0000016449e829b8]

GC Heap History (20 events):
Event: 8.379 GC heap before
{Heap before GC invocations=4 (full 0):
 garbage-first heap   total 126976K, used 75243K [0x0000000084a00000, 0x0000000100000000)
  region size 1024K, 57 young (58368K), 6 survivors (6144K)
 Metaspace       used 21251K, committed 21504K, reserved 1114112K
  class space    used 2459K, committed 2624K, reserved 1048576K
}
Event: 8.408 GC heap after
{Heap after GC invocations=5 (full 0):
 garbage-first heap   total 126976K, used 28672K [0x0000000084a00000, 0x0000000100000000)
  region size 1024K, 6 young (6144K), 6 survivors (6144K)
 Metaspace       used 21251K, committed 21504K, reserved 1114112K
  class space    used 2459K, committed 2624K, reserved 1048576K
}
Event: 9.495 GC heap before
{Heap before GC invocations=6 (full 0):
 garbage-first heap   total 99328K, used 81920K [0x0000000084a00000, 0x0000000100000000)
  region size 1024K, 58 young (59392K), 6 survivors (6144K)
 Metaspace       used 26085K, committed 26432K, reserved 1114112K
  class space    used 2982K, committed 3136K, reserved 1048576K
}
Event: 9.523 GC heap after
{Heap after GC invocations=7 (full 0):
 garbage-first heap   total 106496K, used 44544K [0x0000000084a00000, 0x0000000100000000)
  region size 1024K, 8 young (8192K), 8 survivors (8192K)
 Metaspace       used 26085K, committed 26432K, reserved 1114112K
  class space    used 2982K, committed 3136K, reserved 1048576K
}
Event: 9.937 GC heap before
{Heap before GC invocations=7 (full 0):
 garbage-first heap   total 106496K, used 76288K [0x0000000084a00000, 0x0000000100000000)
  region size 1024K, 39 young (39936K), 8 survivors (8192K)
 Metaspace       used 27069K, committed 27392K, reserved 1114112K
  class space    used 3065K, committed 3200K, reserved 1048576K
}
Event: 9.959 GC heap after
{Heap after GC invocations=8 (full 0):
 garbage-first heap   total 106496K, used 51200K [0x0000000084a00000, 0x0000000100000000)
  region size 1024K, 5 young (5120K), 5 survivors (5120K)
 Metaspace       used 27069K, committed 27392K, reserved 1114112K
  class space    used 3065K, committed 3200K, reserved 1048576K
}
Event: 10.533 GC heap before
{Heap before GC invocations=8 (full 0):
 garbage-first heap   total 106496K, used 77824K [0x0000000084a00000, 0x0000000100000000)
  region size 1024K, 32 young (32768K), 5 survivors (5120K)
 Metaspace       used 28577K, committed 28864K, reserved 1114112K
  class space    used 3242K, committed 3392K, reserved 1048576K
}
Event: 10.543 GC heap after
{Heap after GC invocations=9 (full 0):
 garbage-first heap   total 129024K, used 53248K [0x0000000084a00000, 0x0000000100000000)
  region size 1024K, 2 young (2048K), 2 survivors (2048K)
 Metaspace       used 28577K, committed 28864K, reserved 1114112K
  class space    used 3242K, committed 3392K, reserved 1048576K
}
Event: 11.272 GC heap before
{Heap before GC invocations=9 (full 0):
 garbage-first heap   total 129024K, used 94208K [0x0000000084a00000, 0x0000000100000000)
  region size 1024K, 42 young (43008K), 2 survivors (2048K)
 Metaspace       used 30355K, committed 30656K, reserved 1114112K
  class space    used 3447K, committed 3584K, reserved 1048576K
}
Event: 11.280 GC heap after
{Heap after GC invocations=10 (full 0):
 garbage-first heap   total 129024K, used 54148K [0x0000000084a00000, 0x0000000100000000)
  region size 1024K, 3 young (3072K), 3 survivors (3072K)
 Metaspace       used 30355K, committed 30656K, reserved 1114112K
  class space    used 3447K, committed 3584K, reserved 1048576K
}
Event: 12.754 GC heap before
{Heap before GC invocations=10 (full 0):
 garbage-first heap   total 129024K, used 100228K [0x0000000084a00000, 0x0000000100000000)
  region size 1024K, 45 young (46080K), 3 survivors (3072K)
 Metaspace       used 31483K, committed 31936K, reserved 1114112K
  class space    used 3557K, committed 3776K, reserved 1048576K
}
Event: 12.779 GC heap after
{Heap after GC invocations=11 (full 0):
 garbage-first heap   total 129024K, used 63889K [0x0000000084a00000, 0x0000000100000000)
  region size 1024K, 6 young (6144K), 6 survivors (6144K)
 Metaspace       used 31483K, committed 31936K, reserved 1114112K
  class space    used 3557K, committed 3776K, reserved 1048576K
}
Event: 13.328 GC heap before
{Heap before GC invocations=11 (full 0):
 garbage-first heap   total 129024K, used 98705K [0x0000000084a00000, 0x0000000100000000)
  region size 1024K, 40 young (40960K), 6 survivors (6144K)
 Metaspace       used 31497K, committed 31936K, reserved 1114112K
  class space    used 3557K, committed 3776K, reserved 1048576K
}
Event: 13.348 GC heap after
{Heap after GC invocations=12 (full 0):
 garbage-first heap   total 129024K, used 78640K [0x0000000084a00000, 0x0000000100000000)
  region size 1024K, 5 young (5120K), 5 survivors (5120K)
 Metaspace       used 31497K, committed 31936K, reserved 1114112K
  class space    used 3557K, committed 3776K, reserved 1048576K
}
Event: 13.733 GC heap before
{Heap before GC invocations=13 (full 0):
 garbage-first heap   total 135168K, used 99120K [0x0000000084a00000, 0x0000000100000000)
  region size 1024K, 25 young (25600K), 5 survivors (5120K)
 Metaspace       used 31519K, committed 31936K, reserved 1114112K
  class space    used 3557K, committed 3776K, reserved 1048576K
}
Event: 13.743 GC heap after
{Heap after GC invocations=14 (full 0):
 garbage-first heap   total 135168K, used 84480K [0x0000000084a00000, 0x0000000100000000)
  region size 1024K, 4 young (4096K), 4 survivors (4096K)
 Metaspace       used 31519K, committed 31936K, reserved 1114112K
  class space    used 3557K, committed 3776K, reserved 1048576K
}
Event: 13.850 GC heap before
{Heap before GC invocations=14 (full 0):
 garbage-first heap   total 135168K, used 85504K [0x0000000084a00000, 0x0000000100000000)
  region size 1024K, 6 young (6144K), 4 survivors (4096K)
 Metaspace       used 31646K, committed 32128K, reserved 1114112K
  class space    used 3570K, committed 3840K, reserved 1048576K
}
Event: 13.858 GC heap after
{Heap after GC invocations=15 (full 0):
 garbage-first heap   total 162816K, used 75377K [0x0000000084a00000, 0x0000000100000000)
  region size 1024K, 1 young (1024K), 1 survivors (1024K)
 Metaspace       used 31646K, committed 32128K, reserved 1114112K
  class space    used 3570K, committed 3840K, reserved 1048576K
}
Event: 14.837 GC heap before
{Heap before GC invocations=15 (full 0):
 garbage-first heap   total 162816K, used 116337K [0x0000000084a00000, 0x0000000100000000)
  region size 1024K, 42 young (43008K), 1 survivors (1024K)
 Metaspace       used 32945K, committed 33344K, reserved 1114112K
  class space    used 3727K, committed 3968K, reserved 1048576K
}
Event: 14.842 GC heap after
{Heap after GC invocations=16 (full 0):
 garbage-first heap   total 162816K, used 76544K [0x0000000084a00000, 0x0000000100000000)
  region size 1024K, 2 young (2048K), 2 survivors (2048K)
 Metaspace       used 32945K, committed 33344K, reserved 1114112K
  class space    used 3727K, committed 3968K, reserved 1048576K
}

Deoptimization events (20 events):
Event: 14.391 Thread 0x000001643a6ad400 Uncommon trap: trap_request=0xffffff45 fr.pc=0x0000016449e677f4 relative=0x00000000000020d4
Event: 14.392 Thread 0x000001643a6ad400 Uncommon trap: reason=unstable_if action=reinterpret pc=0x0000016449e677f4 method=lombok.launch.PackageShader.apply([B)Z @ 190 c2
Event: 14.392 Thread 0x000001643a6ad400 DEOPT PACKING pc=0x0000016449e677f4 sp=0x00000023880fbf00
Event: 14.392 Thread 0x000001643a6ad400 DEOPT UNPACKING pc=0x00000164494e5ba3 sp=0x00000023880fbed0 mode 2
Event: 14.392 Thread 0x000001643a6ad400 Uncommon trap: trap_request=0xffffff45 fr.pc=0x0000016449e5cc7c relative=0x00000000000008bc
Event: 14.392 Thread 0x000001643a6ad400 Uncommon trap: reason=unstable_if action=reinterpret pc=0x0000016449e5cc7c method=lombok.launch.PackageShader.apply([B)Z @ 190 c2
Event: 14.392 Thread 0x000001643a6ad400 DEOPT PACKING pc=0x0000016449e5cc7c sp=0x00000023880f8820
Event: 14.392 Thread 0x000001643a6ad400 DEOPT UNPACKING pc=0x00000164494e5ba3 sp=0x00000023880f87a0 mode 2
Event: 14.392 Thread 0x000001643a6ad400 Uncommon trap: trap_request=0xffffff45 fr.pc=0x0000016449e5edb0 relative=0x0000000000000950
Event: 14.392 Thread 0x000001643a6ad400 Uncommon trap: reason=unstable_if action=reinterpret pc=0x0000016449e5edb0 method=lombok.launch.PackageShader.apply([B)Z @ 190 c2
Event: 14.392 Thread 0x000001643a6ad400 DEOPT PACKING pc=0x0000016449e5edb0 sp=0x00000023880f8820
Event: 14.392 Thread 0x000001643a6ad400 DEOPT UNPACKING pc=0x00000164494e5ba3 sp=0x00000023880f87a0 mode 2
Event: 14.556 Thread 0x000001643a6ad400 Uncommon trap: trap_request=0xffffff6e fr.pc=0x0000016449cbd15c relative=0x000000000000013c
Event: 14.556 Thread 0x000001643a6ad400 Uncommon trap: reason=loop_limit_check action=maybe_recompile pc=0x0000016449cbd15c method=java.util.regex.Pattern$Start.match(Ljava/util/regex/Matcher;ILjava/lang/CharSequence;)Z @ 34 c2
Event: 14.556 Thread 0x000001643a6ad400 DEOPT PACKING pc=0x0000016449cbd15c sp=0x00000023880fbf00
Event: 14.556 Thread 0x000001643a6ad400 DEOPT UNPACKING pc=0x00000164494e5ba3 sp=0x00000023880fbe90 mode 2
Event: 14.570 Thread 0x000001643a6ad400 Uncommon trap: trap_request=0xffffff45 fr.pc=0x0000016449caf0e8 relative=0x0000000000000068
Event: 14.570 Thread 0x000001643a6ad400 Uncommon trap: reason=unstable_if action=reinterpret pc=0x0000016449caf0e8 method=java.util.regex.Pattern.inRange(III)Z @ 7 c2
Event: 14.570 Thread 0x000001643a6ad400 DEOPT PACKING pc=0x0000016449caf0e8 sp=0x00000023880fb560
Event: 14.570 Thread 0x000001643a6ad400 DEOPT UNPACKING pc=0x00000164494e5ba3 sp=0x00000023880fb408 mode 2

Classes unloaded (20 events):
Event: 14.870 Thread 0x0000016458a512a0 Unloading class 0x000001645a32a7c8 'lombok/javac/apt/MessagerDiagnosticsReceiver'
Event: 14.870 Thread 0x0000016458a512a0 Unloading class 0x000001645a32a420 'lombok/javac/apt/InterceptingJavaFileManager'
Event: 14.870 Thread 0x0000016458a512a0 Unloading class 0x000001645a32a218 'lombok/permit/dummy/Parent'
Event: 14.870 Thread 0x0000016458a512a0 Unloading class 0x000001645a32a000 'lombok/core/CleanupRegistry'
Event: 14.870 Thread 0x0000016458a512a0 Unloading class 0x000001645a329de0 'lombok/permit/Permit$Fake'
Event: 14.870 Thread 0x0000016458a512a0 Unloading class 0x000001645a329be0 'lombok/permit/Permit'
Event: 14.870 Thread 0x0000016458a512a0 Unloading class 0x000001645a3298f8 'lombok/javac/apt/LombokProcessor$1'
Event: 14.870 Thread 0x0000016458a512a0 Unloading class 0x000001645a329700 'lombok/core/DiagnosticsReceiver'
Event: 14.870 Thread 0x0000016458a512a0 Unloading class 0x000001645a329468 'lombok/javac/apt/LombokProcessor'
Event: 14.870 Thread 0x0000016458a512a0 Unloading class 0x000001645a329238 'lombok/core/AnnotationProcessor$EcjDescriptor'
Event: 14.870 Thread 0x0000016458a512a0 Unloading class 0x000001645a329000 'lombok/core/AnnotationProcessor$JavacDescriptor'
Event: 14.870 Thread 0x0000016458a512a0 Unloading class 0x000001645a328a80 'lombok/core/AnnotationProcessor$ProcessorDescriptor'
Event: 14.870 Thread 0x0000016458a512a0 Unloading class 0x000001645a328800 'lombok/core/AnnotationProcessor'
Event: 14.870 Thread 0x0000016458a512a0 Unloading class 0x000001645a362000 'lombok/launch/AnnotationProcessorHider$ClaimingProcessor'
Event: 14.870 Thread 0x0000016458a512a0 Unloading class 0x000001645a328498 'lombok/launch/AnnotationProcessorHider$AstModificationNotifierData'
Event: 14.870 Thread 0x0000016458a512a0 Unloading class 0x000001645a328218 'lombok/launch/ClassFileMetaData'
Event: 14.870 Thread 0x0000016458a512a0 Unloading class 0x000001645a328000 'lombok/launch/PackageShader'
Event: 14.870 Thread 0x0000016458a512a0 Unloading class 0x000001645a2fc480 'lombok/launch/ShadowClassLoader'
Event: 14.870 Thread 0x0000016458a512a0 Unloading class 0x000001645a2fc280 'lombok/launch/Main'
Event: 14.870 Thread 0x0000016458a512a0 Unloading class 0x000001645a2fc000 'lombok/launch/AnnotationProcessorHider$AnnotationProcessor'

Classes redefined (0 events):
No events

Internal exceptions (20 events):
Event: 14.375 Thread 0x000001643a6ad400 Exception <a 'sun/nio/fs/WindowsException'{0x000000008cd7a810}> (0x000000008cd7a810) 
thrown [s\open\src\hotspot\share\prims\jni.cpp, line 516]
Event: 14.375 Thread 0x000001643a6ad400 Exception <a 'sun/nio/fs/WindowsException'{0x000000008cd7abc0}> (0x000000008cd7abc0) 
thrown [s\open\src\hotspot\share\prims\jni.cpp, line 516]
Event: 14.375 Thread 0x000001643a6ad400 Exception <a 'sun/nio/fs/WindowsException'{0x000000008cd7be68}> (0x000000008cd7be68) 
thrown [s\open\src\hotspot\share\prims\jni.cpp, line 516]
Event: 14.375 Thread 0x000001643a6ad400 Exception <a 'sun/nio/fs/WindowsException'{0x000000008cd7c180}> (0x000000008cd7c180) 
thrown [s\open\src\hotspot\share\prims\jni.cpp, line 516]
Event: 14.376 Thread 0x000001643a6ad400 Exception <a 'sun/nio/fs/WindowsException'{0x000000008cd9e878}> (0x000000008cd9e878) 
thrown [s\open\src\hotspot\share\prims\jni.cpp, line 516]
Event: 14.376 Thread 0x000001643a6ad400 Exception <a 'sun/nio/fs/WindowsException'{0x000000008cd9eb68}> (0x000000008cd9eb68) 
thrown [s\open\src\hotspot\share\prims\jni.cpp, line 516]
Event: 14.376 Thread 0x000001643a6ad400 Exception <a 'sun/nio/fs/WindowsException'{0x000000008cd9fab0}> (0x000000008cd9fab0) 
thrown [s\open\src\hotspot\share\prims\jni.cpp, line 516]
Event: 14.376 Thread 0x000001643a6ad400 Exception <a 'sun/nio/fs/WindowsException'{0x000000008cd9fe60}> (0x000000008cd9fe60) 
thrown [s\open\src\hotspot\share\prims\jni.cpp, line 516]
Event: 14.376 Thread 0x000001643a6ad400 Exception <a 'sun/nio/fs/WindowsException'{0x000000008cda0e60}> (0x000000008cda0e60) 
thrown [s\open\src\hotspot\share\prims\jni.cpp, line 516]
Event: 14.376 Thread 0x000001643a6ad400 Exception <a 'sun/nio/fs/WindowsException'{0x000000008cda1178}> (0x000000008cda1178) 
thrown [s\open\src\hotspot\share\prims\jni.cpp, line 516]
Event: 14.380 Thread 0x000001643a6ad400 Exception <a 'sun/nio/fs/WindowsException'{0x000000008cc80f48}> (0x000000008cc80f48) 
thrown [s\open\src\hotspot\share\prims\jni.cpp, line 516]
Event: 14.382 Thread 0x000001643a6ad400 Exception <a 'sun/nio/fs/WindowsException'{0x000000008cc984d8}> (0x000000008cc984d8) 
thrown [s\open\src\hotspot\share\prims\jni.cpp, line 516]
Event: 14.384 Thread 0x000001643a6ad400 Exception <a 'sun/nio/fs/WindowsException'{0x000000008ccafa80}> (0x000000008ccafa80) 
thrown [s\open\src\hotspot\share\prims\jni.cpp, line 516]
Event: 14.384 Thread 0x000001643a6ad400 Exception <a 'sun/nio/fs/WindowsException'{0x000000008ccb01c0}> (0x000000008ccb01c0) 
thrown [s\open\src\hotspot\share\prims\jni.cpp, line 516]
Event: 14.384 Thread 0x000001643a6ad400 Exception <a 'sun/nio/fs/WindowsException'{0x000000008ccb0780}> (0x000000008ccb0780) 
thrown [s\open\src\hotspot\share\prims\jni.cpp, line 516]
Event: 14.384 Thread 0x000001643a6ad400 Exception <a 'sun/nio/fs/WindowsException'{0x000000008ccb0e98}> (0x000000008ccb0e98) 
thrown [s\open\src\hotspot\share\prims\jni.cpp, line 516]
Event: 14.384 Thread 0x000001643a6ad400 Exception <a 'sun/nio/fs/WindowsException'{0x000000008ccb1180}> (0x000000008ccb1180) 
thrown [s\open\src\hotspot\share\prims\jni.cpp, line 516]
Event: 14.384 Thread 0x000001643a6ad400 Exception <a 'sun/nio/fs/WindowsException'{0x000000008ccb1e10}> (0x000000008ccb1e10) 
thrown [s\open\src\hotspot\share\prims\jni.cpp, line 516]
Event: 14.384 Thread 0x000001643a6ad400 Exception <a 'sun/nio/fs/WindowsException'{0x000000008ccb20d0}> (0x000000008ccb20d0) 
thrown [s\open\src\hotspot\share\prims\jni.cpp, line 516]
Event: 14.384 Thread 0x000001643a6ad400 Exception <a 'sun/nio/fs/WindowsException'{0x000000008ccb2d50}> (0x000000008ccb2d50) 
thrown [s\open\src\hotspot\share\prims\jni.cpp, line 516]

VM Operations (20 events):
Event: 12.386 Executing VM operation: ICBufferFull
Event: 12.387 Executing VM operation: ICBufferFull done
Event: 12.754 Executing VM operation: G1CollectForAllocation
Event: 12.779 Executing VM operation: G1CollectForAllocation done
Event: 13.328 Executing VM operation: G1CollectForAllocation
Event: 13.348 Executing VM operation: G1CollectForAllocation done
Event: 13.380 Executing VM operation: G1Concurrent
Event: 13.389 Executing VM operation: G1Concurrent done
Event: 13.408 Executing VM operation: G1Concurrent
Event: 13.408 Executing VM operation: G1Concurrent done
Event: 13.733 Executing VM operation: G1CollectForAllocation
Event: 13.743 Executing VM operation: G1CollectForAllocation done
Event: 13.850 Executing VM operation: G1CollectForAllocation
Event: 13.858 Executing VM operation: G1CollectForAllocation done
Event: 14.837 Executing VM operation: G1CollectForAllocation
Event: 14.843 Executing VM operation: G1CollectForAllocation done
Event: 14.866 Executing VM operation: G1Concurrent
Event: 14.892 Executing VM operation: G1Concurrent done
Event: 14.904 Executing VM operation: G1Concurrent
Event: 14.904 Executing VM operation: G1Concurrent done

Events (20 events):
Event: 11.300 loading class java/util/stream/ReferencePipeline$4$1
Event: 11.301 loading class java/util/stream/ReferencePipeline$4$1 done
Event: 11.806 loading class java/util/stream/ReduceOps$2
Event: 11.806 loading class java/util/stream/ReduceOps$2 done
Event: 11.806 loading class java/util/stream/ReduceOps$2ReducingSink
Event: 11.806 loading class java/util/stream/ReduceOps$2ReducingSink done
Event: 11.953 loading class java/util/EnumMap$Values
Event: 11.954 loading class java/util/EnumMap$Values done
Event: 11.954 loading class java/util/EnumMap$ValueIterator
Event: 11.954 loading class java/util/EnumMap$ValueIterator done
Event: 11.954 loading class java/util/WeakHashMap$KeyIterator
Event: 11.956 loading class java/util/WeakHashMap$KeyIterator done
Event: 11.962 loading class java/text/MessageFormat$Field
Event: 11.964 loading class java/text/MessageFormat$Field done
Event: 12.383 Thread 0x0000016458a84430 flushing nmethod 0x0000016442a7d410
Event: 12.383 Thread 0x0000016458a84430 flushing nmethod 0x0000016442a80b10
Event: 12.383 Thread 0x0000016458a84430 flushing nmethod 0x0000016442b11a90
Event: 13.533 Thread 0x000001649eaadb10 Thread exited: 0x000001649eaadb10
Event: 13.763 loading class jdk/internal/module/IllegalAccessLogger
Event: 13.763 loading class jdk/internal/module/IllegalAccessLogger done


Dynamic libraries:
0x00007ff72cac0000 - 0x00007ff72cad0000 	C:\Program Files\Java\jdk-17\bin\java.exe
0x00007fff293f0000 - 0x00007fff295e8000 	C:\Windows\SYSTEM32\ntdll.dll
0x00007fff29030000 - 0x00007fff290f2000 	C:\Windows\System32\KERNEL32.DLL
0x00007fff26d90000 - 0x00007fff27086000 	C:\Windows\System32\KERNELBASE.dll
0x00007fff26a80000 - 0x00007fff26b80000 	C:\Windows\System32\ucrtbase.dll
0x00007fff09960000 - 0x00007fff09979000 	C:\Program Files\Java\jdk-17\bin\jli.dll
0x00007fff08890000 - 0x00007fff088ab000 	C:\Program Files\Java\jdk-17\bin\VCRUNTIME140.dll
0x00007fff27ef0000 - 0x00007fff27fa1000 	C:\Windows\System32\ADVAPI32.dll
0x00007fff275c0000 - 0x00007fff2765e000 	C:\Windows\System32\msvcrt.dll
0x00007fff281b0000 - 0x00007fff2824f000 	C:\Windows\System32\sechost.dll
0x00007fff28db0000 - 0x00007fff28ed0000 	C:\Windows\System32\RPCRT4.dll
0x00007fff26cb0000 - 0x00007fff26cd7000 	C:\Windows\System32\bcrypt.dll
0x00007fff27410000 - 0x00007fff275b1000 	C:\Windows\System32\USER32.dll
0x00007fff27090000 - 0x00007fff270b2000 	C:\Windows\System32\win32u.dll
0x00007fff11d00000 - 0x00007fff11f9b000 	C:\Windows\WinSxS\amd64_microsoft.windows.common-controls_6595b64144ccf1df_6.0.19041.6456_none_60b8a6cb71f64256\COMCTL32.dll
0x00007fff29240000 - 0x00007fff2926b000 	C:\Windows\System32\GDI32.dll
0x00007fff27270000 - 0x00007fff27389000 	C:\Windows\System32\gdi32full.dll
0x00007fff26c10000 - 0x00007fff26cad000 	C:\Windows\System32\msvcp_win.dll
0x00007fff1f940000 - 0x00007fff1f94a000 	C:\Windows\SYSTEM32\VERSION.dll
0x00007fff279c0000 - 0x00007fff279ef000 	C:\Windows\System32\IMM32.DLL
0x00007fff08b10000 - 0x00007fff08b1c000 	C:\Program Files\Java\jdk-17\bin\vcruntime140_1.dll
0x00007fff016a0000 - 0x00007fff0172e000 	C:\Program Files\Java\jdk-17\bin\msvcp140.dll
0x00007ffe911e0000 - 0x00007ffe91dbf000 	C:\Program Files\Java\jdk-17\bin\server\jvm.dll
0x00007fff29340000 - 0x00007fff29348000 	C:\Windows\System32\PSAPI.DLL
0x00007fff1c520000 - 0x00007fff1c547000 	C:\Windows\SYSTEM32\WINMM.dll
0x00007fff026f0000 - 0x00007fff026f9000 	C:\Windows\SYSTEM32\WSOCK32.dll
0x00007fff28480000 - 0x00007fff284eb000 	C:\Windows\System32\ws2_32.DLL
0x00007fff25280000 - 0x00007fff25292000 	C:\Windows\SYSTEM32\kernel.appcore.dll
0x00007fff08880000 - 0x00007fff0888a000 	C:\Program Files\Java\jdk-17\bin\jimage.dll
0x00007fff24650000 - 0x00007fff24851000 	C:\Windows\SYSTEM32\DBGHELP.DLL
0x00007fff06d80000 - 0x00007fff06db4000 	C:\Windows\SYSTEM32\dbgcore.DLL
0x00007fff26b80000 - 0x00007fff26c02000 	C:\Windows\System32\bcryptPrimitives.dll
0x00007ffef57a0000 - 0x00007ffef57c5000 	C:\Program Files\Java\jdk-17\bin\java.dll
0x00007ffed5b50000 - 0x00007ffed5c27000 	C:\Program Files\Java\jdk-17\bin\jsvml.dll
0x00007fff28500000 - 0x00007fff28c70000 	C:\Windows\System32\SHELL32.dll
0x00007fff24a90000 - 0x00007fff25235000 	C:\Windows\SYSTEM32\windows.storage.dll
0x00007fff27660000 - 0x00007fff279b4000 	C:\Windows\System32\combase.dll
0x00007fff26360000 - 0x00007fff2638b000 	C:\Windows\SYSTEM32\Wldp.dll
0x00007fff29270000 - 0x00007fff2933d000 	C:\Windows\System32\OLEAUT32.dll
0x00007fff28ed0000 - 0x00007fff28f7d000 	C:\Windows\System32\SHCORE.dll
0x00007fff28d50000 - 0x00007fff28dab000 	C:\Windows\System32\shlwapi.dll
0x00007fff269b0000 - 0x00007fff269d4000 	C:\Windows\SYSTEM32\profapi.dll
0x00007ffef23c0000 - 0x00007ffef23d9000 	C:\Program Files\Java\jdk-17\bin\net.dll
0x00007fff1d930000 - 0x00007fff1da3a000 	C:\Windows\SYSTEM32\WINHTTP.dll
0x00007fff26140000 - 0x00007fff261aa000 	C:\Windows\system32\mswsock.dll
0x00007ffef2200000 - 0x00007ffef2216000 	C:\Program Files\Java\jdk-17\bin\nio.dll
0x00007ffef21e0000 - 0x00007ffef21f8000 	C:\Program Files\Java\jdk-17\bin\zip.dll
0x0000000069ac0000 - 0x0000000069ae4000 	C:\Program Files\apache-maven\apache-maven-3.9.5\lib\jansi-native\Windows\x86_64\jansi.dll
0x00007fff03250000 - 0x00007fff03260000 	C:\Program Files\Java\jdk-17\bin\verify.dll
0x00007fff25c60000 - 0x00007fff25c93000 	C:\Windows\SYSTEM32\ntmarta.dll

dbghelp: loaded successfully - version: 4.0.5 - missing functions: none
symbol engine: initialized successfully - sym options: 0x614 - pdb path: .;C:\Program Files\Java\jdk-17\bin;C:\Windows\SYSTEM32;C:\Windows\WinSxS\amd64_microsoft.windows.common-controls_6595b64144ccf1df_6.0.19041.6456_none_60b8a6cb71f64256;C:\Program Files\Java\jdk-17\bin\server;C:\Program Files\apache-maven\apache-maven-3.9.5\lib\jansi-native\Windows\x86_64

VM Arguments:
jvm_args: -Dclassworlds.conf=C:\Program Files\apache-maven\apache-maven-3.9.5\bin\m2.conf -Dmaven.home=C:\Program Files\apache-maven\apache-maven-3.9.5 -Dlibrary.jansi.path=C:\Program Files\apache-maven\apache-maven-3.9.5\lib\jansi-native -Dmaven.multiModuleProjectDirectory=C:\Users\User\Documents\Vonoy\pdf-pipeline 
java_command: org.codehaus.plexus.classworlds.launcher.Launcher clean spring-boot:run
java_class_path (initial): C:\Program Files\apache-maven\apache-maven-3.9.5\boot\plexus-classworlds-2.7.0.jar
Launcher Type: SUN_STANDARD

[Global flags]
     intx CICompilerCount                          = 4                                         {product} {ergonomic}
     uint ConcGCThreads                            = 3                                         {product} {ergonomic}
     uint G1ConcRefinementThreads                  = 10                                        {product} {ergonomic}
   size_t G1HeapRegionSize                         = 1048576                                   {product} {ergonomic}
    uintx GCDrainStackTargetSize                   = 64                                        {product} {ergonomic}
   size_t InitialHeapSize                          = 130023424                                 {product} {ergonomic}
   size_t MarkStackSize                            = 4194304                                   {product} {ergonomic}
   size_t MaxHeapSize                              = 2069889024                                {product} {ergonomic}
   size_t MaxNewSize                               = 1241513984                                {product} {ergonomic}
   size_t MinHeapDeltaBytes                        = 1048576                                   {product} {ergonomic}
   size_t MinHeapSize                              = 8388608                                   {product} {ergonomic}
    uintx NonNMethodCodeHeapSize                   = 5839372                                {pd product} {ergonomic}
    uintx NonProfiledCodeHeapSize                  = 122909434                              {pd product} {ergonomic}
    uintx ProfiledCodeHeapSize                     = 122909434                              {pd product} {ergonomic}
    uintx ReservedCodeCacheSize                    = 251658240                              {pd product} {ergonomic}
     bool SegmentedCodeCache                       = true                                      {product} {ergonomic}
   size_t SoftMaxHeapSize                          = 2069889024                             {manageable} {ergonomic}
     bool UseCompressedClassPointers               = true                           {product lp64_product} {ergonomic}
     bool UseCompressedOops                        = true                           {product lp64_product} {ergonomic}
     bool UseG1GC                                  = true                                      {product} {ergonomic}
     bool UseLargePagesIndividualAllocation        = false                                  {pd product} {ergonomic}

Logging:
Log output configuration:
 #0: stdout all=warning uptime,level,tags
 #1: stderr all=off uptime,level,tags

Environment Variables:
JAVA_HOME=C:\Program Files\Java\jdk-17
PATH=C:\Program Files\PowerShell\7;C:\Program Files\Common Files\Oracle\Java\javapath;C:\Python311\Scripts\;C:\Python311\;C:\Program Files (x86)\Common Files\Oracle\Java\javapath;C:\app\User\product\21c\dbhomeXE\bin;C:\Program Files\Java\jdk-17\bin;C:\Windows\system32;C:\Windows;C:\Windows\System32\Wbem;C:\Windows\System32\WindowsPowerShell\v1.0\;C:\Windows\System32\OpenSSH\;C:\Program Files (x86)\NVIDIA Corporation\PhysX\Common;C:\Program Files\NVIDIA Corporation\NVIDIA NvDLISR;C:\src\flutter\bin;C:\Program Files\Microsoft SQL Server\150\Tools\Binn\;C:\Program Files\Microsoft SQL Server\Client SDK\ODBC\170\Tools\Binn\;C:\Program Files\dotnet\;C:\Git\cmd;C:\Program Files\MongoDB\Server\6.0\bin;C:\Users\User\Desktop\mongosh-1.8.0-win32-x64\bin;C:\Python311\Scripts\;C:\Program Files\apache-maven\apache-maven-3.9.5\bin;C:\ProgramData\anaconda3;C:\Program Files\PowerShell\7;C:\ProgramData\anaconda3\Scripts;C:\ProgramData\Anaconda3\Library\bin;D:\openssl\bin;D:\Apache24\bin;C:\spring-3.1.5\bin;C:\Program Files\Docker\Docker\resources\bin;C:\Users\User\AppData\Roaming\nvm;C:\Users\User\AppData\Roaming\nvm\v18.20.4;C:\Program Files\Java\jdk-17\bin;C:\Program Files\Tesseract-OCR;C:\Users\User\AppData\Roaming\nvm;%NVM_SYMLINK%;C:\Users\User\AppData\Local\Programs\Microsoft VS Code;C:\Users\User\AppData\Roaming\Python\Python311\Scripts;C:\chromedriver-win64;C:\Program Files\PowerShell\7-preview\preview;C:\Program Files\TortoiseGit\bin;C:\Program Files\PowerShell\7\;C:\Program Files\CMake\bin;C:\src\flutter\bin;C:\src\flutter\bin;C:\Program Files\PowerShell\7;C:\Program Files\Common Files\Oracle\Java\javapath;C:\Python311\Scripts\;C:\Python311\;C:\Program Files (x86)\Common Files\Oracle\Java\javapath;C:\app\User\product\21c\dbhomeXE\bin;C:\Program Files\Java\jdk-17\bin;C:\Windows\system32;C:\Windows;C:\Windows\System32\Wbem;C:\Windows\System32\WindowsPowerShell\v1.0\;C:\Windows\System32\OpenSSH\;C:\Program Files (x86)\NVIDIA Corporation\PhysX\Common;C:\Program Files\NVIDIA Corpor
USERNAME=User
LANG=en_US.UTF-8
OS=Windows_NT
PROCESSOR_IDENTIFIER=Intel64 Family 6 Model 141 Stepping 1, GenuineIntel



---------------  S Y S T E M  ---------------

OS:
 Windows 10 , 64 bit Build 19041 (10.0.19041.5915)
OS uptime: 0 days 13:36 hours
Hyper-V role detected

CPU: total 12 (initial active 12) (6 cores per cpu, 2 threads per core) family 6 model 141 stepping 1 microcode 0x26, cx8, cmov, fxsr, ht, mmx, 3dnowpref, sse, sse2, sse3, ssse3, sse4.1, sse4.2, popcnt, lzcnt, tsc, tscinvbit, avx, avx2, aes, erms, clmul, bmi1, bmi2, adx, avx512f, avx512dq, avx512cd, avx512bw, avx512vl, sha, fma, vzeroupper, avx512_vpopcntdq, avx512_vpclmulqdq, avx512_vaes, avx512_vnni, clflush, clflushopt, clwb, avx512_vbmi2, avx512_vbmi, hv

Memory: 4k page, system-wide physical 7893M (238M free)
TotalPageFile size 17255M (AvailPageFile size 4M)
current process WorkingSet (physical memory assigned to process): 318M, peak: 318M
current process commit charge ("private bytes"): 354M, peak: 360M

vm_info: Java HotSpot(TM) 64-Bit Server VM (17.0.10+11-LTS-240) for windows-amd64 JRE (17.0.10+11-LTS-240), built on Dec 19 2023 21:47:25 by "mach5one" with MS VC++ 17.1 (VS2022)

END.
